[2026-01-29 17:25:30.694576] BATCH_SCHEDULE WRITE Kết quả!AA2 => 
[2026-01-29 17:25:30.694958] BATCH_SCHEDULE WRITE Kết quả!AB2 => 
[2026-01-29 17:25:30.695310] BATCH_SCHEDULE WRITE Kết quả!AC2 => 
[2026-01-29 17:25:30.695497] BATCH_SCHEDULE WRITE Kết quả!AD2 => 
[2026-01-29 17:25:30.695673] BATCH_SCHEDULE WRITE Kết quả!AE2 => 
[2026-01-29 17:25:30.695825] BATCH_SCHEDULE WRITE Kết quả!AF2 => 
[2026-01-29 17:25:30.695984] BATCH_SCHEDULE WRITE Kết quả!AG2 => 
[2026-01-29 17:25:30.696189] BATCH_SCHEDULE WRITE Kết quả!AH2 => 
[2026-01-29 17:25:30.696384] BATCH_SCHEDULE WRITE Kết quả!AI2 => 
[2026-01-29 17:25:30.696764] BATCH_SCHEDULE WRITE Kết quả!AJ2 => 
[2026-01-29 17:25:30.696931] BATCH_SCHEDULE WRITE Kết quả!AK2 => 
[2026-01-29 17:25:31.155633] BATCH_UPDATE sent 11 items
[2026-01-29 17:25:35.481729] BATCH_SCHEDULE WRITE Kết quả!AA3 => TRUNG HẬU (The Brother)
[2026-01-29 17:25:35.482086] BATCH_SCHEDULE WRITE Kết quả!AB3 => ĐẠI PHONG (Tự do).
[2026-01-29 17:25:35.482450] BATCH_SCHEDULE WRITE Kết quả!AC3 => 17
[2026-01-29 17:25:35.482686] BATCH_SCHEDULE WRITE Kết quả!AD3 => 23
[2026-01-29 17:25:35.482884] BATCH_SCHEDULE WRITE Kết quả!AE3 => 15
[2026-01-29 17:25:35.483100] BATCH_SCHEDULE WRITE Kết quả!AF3 => 5
[2026-01-29 17:25:35.483642] BATCH_SCHEDULE WRITE Kết quả!AG3 => 5
[2026-01-29 17:25:35.483981] BATCH_SCHEDULE WRITE Kết quả!AH3 => 6
[2026-01-29 17:25:35.484313] BATCH_SCHEDULE WRITE Kết quả!AI3 => 4
[2026-01-29 17:25:35.484545] BATCH_SCHEDULE WRITE Kết quả!AJ3 => 1.133
[2026-01-29 17:25:35.484845] BATCH_SCHEDULE WRITE Kết quả!AK3 => 1.533
[2026-01-29 17:25:35.895750] BATCH_UPDATE sent 11 items
[2026-01-29 17:25:39.148675] BATCH_SCHEDULE WRITE Kết quả!AA4 => TRUNG HẬU (The Brother)
[2026-01-29 17:25:39.149128] BATCH_SCHEDULE WRITE Kết quả!AB4 => ĐẠI PHONG (Tự do).
[2026-01-29 17:25:39.149391] BATCH_SCHEDULE WRITE Kết quả!AC4 => 17
[2026-01-29 17:25:39.149727] BATCH_SCHEDULE WRITE Kết quả!AD4 => 23
[2026-01-29 17:25:39.149974] BATCH_SCHEDULE WRITE Kết quả!AE4 => 15
[2026-01-29 17:25:39.150271] BATCH_SCHEDULE WRITE Kết quả!AF4 => 5
[2026-01-29 17:25:39.150492] BATCH_SCHEDULE WRITE Kết quả!AG4 => 5
[2026-01-29 17:25:39.150685] BATCH_SCHEDULE WRITE Kết quả!AH4 => 6
[2026-01-29 17:25:39.150954] BATCH_SCHEDULE WRITE Kết quả!AI4 => 4
[2026-01-29 17:25:39.151188] BATCH_SCHEDULE WRITE Kết quả!AJ4 => 1.133
[2026-01-29 17:25:39.151390] BATCH_SCHEDULE WRITE Kết quả!AK4 => 1.533
[2026-01-29 17:25:39.549872] BATCH_UPDATE sent 11 items
[2026-01-29 17:25:42.897138] BATCH_SCHEDULE WRITE Kết quả!AA5 => TRUNG HẬU (The Brother)
[2026-01-29 17:25:42.897605] BATCH_SCHEDULE WRITE Kết quả!AB5 => ĐẠI PHONG (Tự do).
[2026-01-29 17:25:42.897853] BATCH_SCHEDULE WRITE Kết quả!AC5 => 17
[2026-01-29 17:25:42.898050] BATCH_SCHEDULE WRITE Kết quả!AD5 => 23
[2026-01-29 17:25:42.898287] BATCH_SCHEDULE WRITE Kết quả!AE5 => 15
[2026-01-29 17:25:42.898529] BATCH_SCHEDULE WRITE Kết quả!AF5 => 5
[2026-01-29 17:25:42.898768] BATCH_SCHEDULE WRITE Kết quả!AG5 => 5
[2026-01-29 17:25:42.898992] BATCH_SCHEDULE WRITE Kết quả!AH5 => 6
[2026-01-29 17:25:42.899251] BATCH_SCHEDULE WRITE Kết quả!AI5 => 4
[2026-01-29 17:25:42.899545] BATCH_SCHEDULE WRITE Kết quả!AJ5 => 1.133
[2026-01-29 17:25:42.899775] BATCH_SCHEDULE WRITE Kết quả!AK5 => 1.533
[2026-01-29 17:25:43.317100] BATCH_UPDATE sent 11 items
[2026-01-29 17:25:46.212146] BATCH_SCHEDULE WRITE Kết quả!AA6 => QUỐC THUẬN (Quốc Thuận)
[2026-01-29 17:25:46.212650] BATCH_SCHEDULE WRITE Kết quả!AB6 => THANH TÙNG (Top)
[2026-01-29 17:25:46.212865] BATCH_SCHEDULE WRITE Kết quả!AC6 => 29
[2026-01-29 17:25:46.213113] BATCH_SCHEDULE WRITE Kết quả!AD6 => 20
[2026-01-29 17:25:46.213357] BATCH_SCHEDULE WRITE Kết quả!AE6 => 29
[2026-01-29 17:25:46.213556] BATCH_SCHEDULE WRITE Kết quả!AF6 => 6
[2026-01-29 17:25:46.213751] BATCH_SCHEDULE WRITE Kết quả!AG6 => 5
[2026-01-29 17:25:46.213944] BATCH_SCHEDULE WRITE Kết quả!AH6 => 4
[2026-01-29 17:25:46.214162] BATCH_SCHEDULE WRITE Kết quả!AI6 => 4
[2026-01-29 17:25:46.214419] BATCH_SCHEDULE WRITE Kết quả!AJ6 => 1.036
[2026-01-29 17:25:46.214700] BATCH_SCHEDULE WRITE Kết quả!AK6 => 0.690
[2026-01-29 17:25:46.622954] BATCH_UPDATE sent 11 items
[2026-01-29 17:25:49.818248] BATCH_SCHEDULE WRITE Kết quả!AA7 => TRUNG HẬU (The Brother)
[2026-01-29 17:25:49.818675] BATCH_SCHEDULE WRITE Kết quả!AB7 => ĐẠI PHONG (Tự do).
[2026-01-29 17:25:49.818933] BATCH_SCHEDULE WRITE Kết quả!AC7 => 17
[2026-01-29 17:25:49.819187] BATCH_SCHEDULE WRITE Kết quả!AD7 => 23
[2026-01-29 17:25:49.819527] BATCH_SCHEDULE WRITE Kết quả!AE7 => 15
[2026-01-29 17:25:49.819905] BATCH_SCHEDULE WRITE Kết quả!AF7 => 5
[2026-01-29 17:25:49.820154] BATCH_SCHEDULE WRITE Kết quả!AG7 => 5
[2026-01-29 17:25:49.820339] BATCH_SCHEDULE WRITE Kết quả!AH7 => 6
[2026-01-29 17:25:49.820559] BATCH_SCHEDULE WRITE Kết quả!AI7 => 4
[2026-01-29 17:25:49.820842] BATCH_SCHEDULE WRITE Kết quả!AJ7 => 1.133
[2026-01-29 17:25:49.821064] BATCH_SCHEDULE WRITE Kết quả!AK7 => 1.533
[2026-01-29 17:25:50.239009] BATCH_UPDATE sent 11 items
[2026-01-29 17:25:53.430553] BATCH_SCHEDULE WRITE Kết quả!AA8 => TRUNG HẬU (The Brother)
[2026-01-29 17:25:53.431002] BATCH_SCHEDULE WRITE Kết quả!AB8 => ĐẠI PHONG (Tự do).
[2026-01-29 17:25:53.431265] BATCH_SCHEDULE WRITE Kết quả!AC8 => 17
[2026-01-29 17:25:53.431532] BATCH_SCHEDULE WRITE Kết quả!AD8 => 23
[2026-01-29 17:25:53.431798] BATCH_SCHEDULE WRITE Kết quả!AE8 => 15
[2026-01-29 17:25:53.432028] BATCH_SCHEDULE WRITE Kết quả!AF8 => 5
[2026-01-29 17:25:53.432636] BATCH_SCHEDULE WRITE Kết quả!AG8 => 5
[2026-01-29 17:25:53.432884] BATCH_SCHEDULE WRITE Kết quả!AH8 => 6
[2026-01-29 17:25:53.433115] BATCH_SCHEDULE WRITE Kết quả!AI8 => 4
[2026-01-29 17:25:53.433343] BATCH_SCHEDULE WRITE Kết quả!AJ8 => 1.133
[2026-01-29 17:25:53.433639] BATCH_SCHEDULE WRITE Kết quả!AK8 => 1.533
[2026-01-29 17:25:53.835054] BATCH_UPDATE sent 11 items
