[2026-01-29 17:25:27.365796] ENTER update_gsheet_with_vmix_full spreadsheet_id=1ACFOmGQDQrAJvFWXJYIEdvhUJJFQC7LViVvt-AHjl-c creds_exists=True
[2026-01-29 17:25:28.685863] update_gsheet_with_vmix_full: read_range=Kết quả!A1:Z2000 rows_count=193
[2026-01-29 17:33:27.946078] ENTER update_gsheet_with_vmix_full spreadsheet_id=1ACFOmGQDQrAJvFWXJYIEdvhUJJFQC7LViVvt-AHjl-c creds_exists=True
[2026-01-29 17:33:29.667644] update_gsheet_with_vmix_full: read_range=Kết quả!A1:Z2000 rows_count=193
[2026-01-29 17:41:45.502853] ENTER update_gsheet_with_vmix_full spreadsheet_id=1ACFOmGQDQrAJvFWXJYIEdvhUJJFQC7LViVvt-AHjl-c creds_exists=True
[2026-01-29 17:41:46.884025] update_gsheet_with_vmix_full: read_range=Kết quả!A1:Z2000 rows_count=193
[2026-01-29 18:31:46.875305] ENTER update_gsheet_with_vmix_full spreadsheet_id=1ACFOmGQDQrAJvFWXJYIEdvhUJJFQC7LViVvt-AHjl-c creds_exists=True
[2026-01-29 18:31:48.348184] update_gsheet_with_vmix_full: read_range=Kết quả!A1:Z2000 rows_count=193
[2026-01-29 18:39:23.567948] ENTER update_gsheet_with_vmix_full spreadsheet_id=1ACFOmGQDQrAJvFWXJYIEdvhUJJFQC7LViVvt-AHjl-c creds_exists=True
[2026-01-29 18:39:24.798625] update_gsheet_with_vmix_full: read_range=Kết quả!A1:Z2000 rows_count=193
[2026-01-29 18:44:15.493167] ENTER update_gsheet_with_vmix_full spreadsheet_id=1ACFOmGQDQrAJvFWXJYIEdvhUJJFQC7LViVvt-AHjl-c creds_exists=True
[2026-01-29 18:44:16.714218] update_gsheet_with_vmix_full: read_range=Kết quả!A1:Z2000 rows_count=193
[2026-01-29 18:49:44.879990] ENTER update_gsheet_with_vmix_full spreadsheet_id=1ACFOmGQDQrAJvFWXJYIEdvhUJJFQC7LViVvt-AHjl-c creds_exists=True
[2026-01-29 18:49:46.313696] update_gsheet_with_vmix_full: read_range=Kết quả!A1:Z2000 rows_count=193
[2026-01-29 18:53:16.105303] ENTER update_gsheet_with_vmix_full spreadsheet_id=1ACFOmGQDQrAJvFWXJYIEdvhUJJFQC7LViVvt-AHjl-c creds_exists=True
[2026-01-29 18:53:17.596596] update_gsheet_with_vmix_full: read_range=Kết quả!A1:Z2000 rows_count=193
[2026-01-29 18:53:26.231949] PREWRITE vmix_idx=0 tran_raw='7' target_row=8 batch_items=12
[2026-01-29 18:53:26.231968] PREWRITE_ITEM range=Kết quả!G8 values=[['']]
[2026-01-29 18:53:26.231979] PREWRITE_ITEM range=Kết quả!H8 values=[['']]
[2026-01-29 18:53:26.231982] PREWRITE_ITEM range=Kết quả!I8 values=[['']]
[2026-01-29 18:53:26.231983] PREWRITE_ITEM range=Kết quả!J8 values=[['']]
[2026-01-29 18:53:26.231985] PREWRITE_ITEM range=Kết quả!K8 values=[['']]
[2026-01-29 18:53:26.231986] PREWRITE_ITEM range=Kết quả!L8 values=[['']]
[2026-01-29 18:53:26.231987] PREWRITE_ITEM range=Kết quả!M8 values=[['']]
[2026-01-29 18:53:26.231988] PREWRITE_ITEM range=Kết quả!D8 values=[['']]
[2026-01-29 18:53:26.231989] PREWRITE_ITEM range=Kết quả!F8 values=[['']]
[2026-01-29 18:53:26.231990] PREWRITE_ITEM range=Kết quả!N8 values=[['']]
[2026-01-29 18:53:26.231991] PREWRITE_ITEM range=Kết quả!O8 values=[['']]
[2026-01-29 18:53:26.231992] PREWRITE_ITEM range=Kết quả!AA8:AK8 values=[['', '', '', '', '', '', '', '', '', '', '']]
[2026-01-29 18:53:26.659973] WRITE_OK vmix_idx=0 tran_raw='7' target_row=8 wrote=12
[2026-01-29 18:53:26.660289] PREWRITE vmix_idx=1 tran_raw='2' target_row=3 batch_items=12
[2026-01-29 18:53:26.660296] PREWRITE_ITEM range=Kết quả!G3 values=[['17']]
[2026-01-29 18:53:26.660304] PREWRITE_ITEM range=Kết quả!H3 values=[['23']]
[2026-01-29 18:53:26.660306] PREWRITE_ITEM range=Kết quả!I3 values=[['15']]
[2026-01-29 18:53:26.660308] PREWRITE_ITEM range=Kết quả!J3 values=[['5']]
[2026-01-29 18:53:26.660310] PREWRITE_ITEM range=Kết quả!K3 values=[['5']]
[2026-01-29 18:53:26.660311] PREWRITE_ITEM range=Kết quả!L3 values=[['6']]
[2026-01-29 18:53:26.660313] PREWRITE_ITEM range=Kết quả!M3 values=[['4']]
[2026-01-29 18:53:26.660314] PREWRITE_ITEM range=Kết quả!D3 values=[['CHÍ LONG (Chí Long)']]
[2026-01-29 18:53:26.660316] PREWRITE_ITEM range=Kết quả!F3 values=[['THÀNH KHÁNH (Thanh Tự)']]
[2026-01-29 18:53:26.660319] PREWRITE_ITEM range=Kết quả!N3 values=[['1.133']]
[2026-01-29 18:53:26.660321] PREWRITE_ITEM range=Kết quả!O3 values=[['1.533']]
[2026-01-29 18:53:26.660322] PREWRITE_ITEM range=Kết quả!AA3:AK3 values=[['CHÍ LONG (Chí Long)', 'THÀNH KHÁNH (Thanh Tự)', '17', '23', '15', '5', '5', '6', '4', '1.133', '1.533']]
[2026-01-29 18:53:27.112071] WRITE_OK vmix_idx=1 tran_raw='2' target_row=3 wrote=12
[2026-01-29 18:53:27.112346] PREWRITE vmix_idx=2 tran_raw='3' target_row=4 batch_items=12
[2026-01-29 18:53:27.112351] PREWRITE_ITEM range=Kết quả!G4 values=[['17']]
[2026-01-29 18:53:27.112358] PREWRITE_ITEM range=Kết quả!H4 values=[['23']]
[2026-01-29 18:53:27.112361] PREWRITE_ITEM range=Kết quả!I4 values=[['15']]
[2026-01-29 18:53:27.112362] PREWRITE_ITEM range=Kết quả!J4 values=[['5']]
[2026-01-29 18:53:27.112364] PREWRITE_ITEM range=Kết quả!K4 values=[['5']]
[2026-01-29 18:53:27.112365] PREWRITE_ITEM range=Kết quả!L4 values=[['6']]
[2026-01-29 18:53:27.112367] PREWRITE_ITEM range=Kết quả!M4 values=[['4']]
[2026-01-29 18:53:27.112368] PREWRITE_ITEM range=Kết quả!D4 values=[['CHÍ LONG (Chí Long)']]
[2026-01-29 18:53:27.112371] PREWRITE_ITEM range=Kết quả!F4 values=[['THÀNH KHÁNH (Thanh Tự)']]
[2026-01-29 18:53:27.112373] PREWRITE_ITEM range=Kết quả!N4 values=[['1.133']]
[2026-01-29 18:53:27.112375] PREWRITE_ITEM range=Kết quả!O4 values=[['1.533']]
[2026-01-29 18:53:27.112376] PREWRITE_ITEM range=Kết quả!AA4:AK4 values=[['CHÍ LONG (Chí Long)', 'THÀNH KHÁNH (Thanh Tự)', '17', '23', '15', '5', '5', '6', '4', '1.133', '1.533']]
[2026-01-29 18:53:27.505167] WRITE_OK vmix_idx=2 tran_raw='3' target_row=4 wrote=12
[2026-01-29 18:53:27.505630] PREWRITE vmix_idx=3 tran_raw='4' target_row=5 batch_items=12
[2026-01-29 18:53:27.505639] PREWRITE_ITEM range=Kết quả!G5 values=[['17']]
[2026-01-29 18:53:27.505651] PREWRITE_ITEM range=Kết quả!H5 values=[['23']]
[2026-01-29 18:53:27.505654] PREWRITE_ITEM range=Kết quả!I5 values=[['15']]
[2026-01-29 18:53:27.505655] PREWRITE_ITEM range=Kết quả!J5 values=[['5']]
[2026-01-29 18:53:27.505657] PREWRITE_ITEM range=Kết quả!K5 values=[['5']]
[2026-01-29 18:53:27.505659] PREWRITE_ITEM range=Kết quả!L5 values=[['6']]
[2026-01-29 18:53:27.505660] PREWRITE_ITEM range=Kết quả!M5 values=[['4']]
[2026-01-29 18:53:27.505661] PREWRITE_ITEM range=Kết quả!D5 values=[['CHÍ LONG (Chí Long)']]
[2026-01-29 18:53:27.505665] PREWRITE_ITEM range=Kết quả!F5 values=[['THÀNH KHÁNH (Thanh Tự)']]
[2026-01-29 18:53:27.505669] PREWRITE_ITEM range=Kết quả!N5 values=[['1.133']]
[2026-01-29 18:53:27.505671] PREWRITE_ITEM range=Kết quả!O5 values=[['1.533']]
[2026-01-29 18:53:27.505673] PREWRITE_ITEM range=Kết quả!AA5:AK5 values=[['CHÍ LONG (Chí Long)', 'THÀNH KHÁNH (Thanh Tự)', '17', '23', '15', '5', '5', '6', '4', '1.133', '1.533']]
[2026-01-29 18:53:27.967922] WRITE_OK vmix_idx=3 tran_raw='4' target_row=5 wrote=12
[2026-01-29 18:53:27.968368] PREWRITE vmix_idx=4 tran_raw='41' target_row=42 batch_items=12
[2026-01-29 18:53:27.968376] PREWRITE_ITEM range=Kết quả!G42 values=[['']]
[2026-01-29 18:53:27.968384] PREWRITE_ITEM range=Kết quả!H42 values=[['']]
[2026-01-29 18:53:27.968387] PREWRITE_ITEM range=Kết quả!I42 values=[['']]
[2026-01-29 18:53:27.968389] PREWRITE_ITEM range=Kết quả!J42 values=[['']]
[2026-01-29 18:53:27.968390] PREWRITE_ITEM range=Kết quả!K42 values=[['']]
[2026-01-29 18:53:27.968392] PREWRITE_ITEM range=Kết quả!L42 values=[['']]
[2026-01-29 18:53:27.968393] PREWRITE_ITEM range=Kết quả!M42 values=[['']]
[2026-01-29 18:53:27.968395] PREWRITE_ITEM range=Kết quả!D42 values=[['']]
[2026-01-29 18:53:27.968396] PREWRITE_ITEM range=Kết quả!F42 values=[['']]
[2026-01-29 18:53:27.968397] PREWRITE_ITEM range=Kết quả!N42 values=[['']]
[2026-01-29 18:53:27.968399] PREWRITE_ITEM range=Kết quả!O42 values=[['']]
[2026-01-29 18:53:27.968400] PREWRITE_ITEM range=Kết quả!AA42:AK42 values=[['', '', '', '', '', '', '', '', '', '', '']]
[2026-01-29 18:53:28.341528] WRITE_OK vmix_idx=4 tran_raw='41' target_row=42 wrote=12
[2026-01-29 18:53:28.341806] PREWRITE vmix_idx=5 tran_raw='8' target_row=9 batch_items=12
[2026-01-29 18:53:28.341811] PREWRITE_ITEM range=Kết quả!G9 values=[['17']]
[2026-01-29 18:53:28.341818] PREWRITE_ITEM range=Kết quả!H9 values=[['23']]
[2026-01-29 18:53:28.341821] PREWRITE_ITEM range=Kết quả!I9 values=[['15']]
[2026-01-29 18:53:28.341822] PREWRITE_ITEM range=Kết quả!J9 values=[['5']]
[2026-01-29 18:53:28.341824] PREWRITE_ITEM range=Kết quả!K9 values=[['5']]
[2026-01-29 18:53:28.341825] PREWRITE_ITEM range=Kết quả!L9 values=[['6']]
[2026-01-29 18:53:28.341826] PREWRITE_ITEM range=Kết quả!M9 values=[['4']]
[2026-01-29 18:53:28.341827] PREWRITE_ITEM range=Kết quả!D9 values=[['CHÍ LONG (Chí Long)']]
[2026-01-29 18:53:28.341829] PREWRITE_ITEM range=Kết quả!F9 values=[['THÀNH KHÁNH (Thanh Tự)']]
[2026-01-29 18:53:28.341832] PREWRITE_ITEM range=Kết quả!N9 values=[['1.133']]
[2026-01-29 18:53:28.341833] PREWRITE_ITEM range=Kết quả!O9 values=[['1.533']]
[2026-01-29 18:53:28.341834] PREWRITE_ITEM range=Kết quả!AA9:AK9 values=[['CHÍ LONG (Chí Long)', 'THÀNH KHÁNH (Thanh Tự)', '17', '23', '15', '5', '5', '6', '4', '1.133', '1.533']]
[2026-01-29 18:53:28.709510] WRITE_OK vmix_idx=5 tran_raw='8' target_row=9 wrote=12
[2026-01-29 18:53:28.709797] PREWRITE vmix_idx=6 tran_raw='47' target_row=48 batch_items=12
[2026-01-29 18:53:28.709804] PREWRITE_ITEM range=Kết quả!G48 values=[['17']]
[2026-01-29 18:53:28.709812] PREWRITE_ITEM range=Kết quả!H48 values=[['23']]
[2026-01-29 18:53:28.709814] PREWRITE_ITEM range=Kết quả!I48 values=[['15']]
[2026-01-29 18:53:28.709816] PREWRITE_ITEM range=Kết quả!J48 values=[['5']]
[2026-01-29 18:53:28.709818] PREWRITE_ITEM range=Kết quả!K48 values=[['5']]
[2026-01-29 18:53:28.709820] PREWRITE_ITEM range=Kết quả!L48 values=[['6']]
[2026-01-29 18:53:28.709821] PREWRITE_ITEM range=Kết quả!M48 values=[['4']]
[2026-01-29 18:53:28.709823] PREWRITE_ITEM range=Kết quả!D48 values=[['CHÍ LONG (Chí Long)']]
[2026-01-29 18:53:28.709826] PREWRITE_ITEM range=Kết quả!F48 values=[['THÀNH KHÁNH (Thanh Tự)']]
[2026-01-29 18:53:28.709828] PREWRITE_ITEM range=Kết quả!N48 values=[['1.133']]
[2026-01-29 18:53:28.709830] PREWRITE_ITEM range=Kết quả!O48 values=[['1.533']]
[2026-01-29 18:53:28.709832] PREWRITE_ITEM range=Kết quả!AA48:AK48 values=[['CHÍ LONG (Chí Long)', 'THÀNH KHÁNH (Thanh Tự)', '17', '23', '15', '5', '5', '6', '4', '1.133', '1.533']]
[2026-01-29 18:53:29.096427] WRITE_OK vmix_idx=6 tran_raw='47' target_row=48 wrote=12
[2026-01-29 20:35:57.712186] SKIP_FULL_WRITE for row 91
[2026-01-29 20:43:26.064025] PREWRITE per-row tran=90 target_row=91 range=AA91:AK91 values=['', '', '17', '23', '3', '5', '6', '4', '2', '5,667', '7,667']
[2026-01-29 20:43:26.065488] WRITE_OK per-row tran=90 target_row=91
[2026-01-29 22:14:27.665946] PREWRITE per-row tran=90 target_row=91 items=11
[2026-01-29 22:14:27.665966] PREWRITE_ITEM Kết quả!C91 values=[['CHÍ LONG (Chí Long)']]
[2026-01-29 22:14:27.665983] PREWRITE_ITEM Kết quả!D91 values=[['THÀNH KHÁNH (Thanh Tự)']]
[2026-01-29 22:14:27.665992] PREWRITE_ITEM Kết quả!E91 values=[['17']]
[2026-01-29 22:14:27.665998] PREWRITE_ITEM Kết quả!F91 values=[['23']]
[2026-01-29 22:14:27.666002] PREWRITE_ITEM Kết quả!G91 values=[['3']]
[2026-01-29 22:14:27.666006] PREWRITE_ITEM Kết quả!H91 values=[['5']]
[2026-01-29 22:14:27.666009] PREWRITE_ITEM Kết quả!I91 values=[['6']]
[2026-01-29 22:14:27.666012] PREWRITE_ITEM Kết quả!J91 values=[['4']]
[2026-01-29 22:14:27.666015] PREWRITE_ITEM Kết quả!K91 values=[['2']]
[2026-01-29 22:14:27.666018] PREWRITE_ITEM Kết quả!L91 values=[['5,667']]
[2026-01-29 22:14:27.666021] PREWRITE_ITEM Kết quả!M91 values=[['7,667']]
[2026-01-29 22:14:27.667127] WRITE_OK per-row tran=90 target_row=91 wrote=11
[2026-01-30 08:16:07.344983] PREWRITE per-row tran=90 target_row=91 items=11
[2026-01-30 08:16:07.344992] PREWRITE_ITEM Kết quả!C91 values=[['CHÍ LONG (Chí Long)']]
[2026-01-30 08:16:07.344999] PREWRITE_ITEM Kết quả!D91 values=[['THÀNH KHÁNH (Thanh Tự)']]
[2026-01-30 08:16:07.345003] PREWRITE_ITEM Kết quả!E91 values=[['17']]
[2026-01-30 08:16:07.345007] PREWRITE_ITEM Kết quả!F91 values=[['23']]
[2026-01-30 08:16:07.345009] PREWRITE_ITEM Kết quả!G91 values=[['3']]
[2026-01-30 08:16:07.345010] PREWRITE_ITEM Kết quả!H91 values=[['5']]
[2026-01-30 08:16:07.345012] PREWRITE_ITEM Kết quả!I91 values=[['6']]
[2026-01-30 08:16:07.345013] PREWRITE_ITEM Kết quả!J91 values=[['4']]
[2026-01-30 08:16:07.345014] PREWRITE_ITEM Kết quả!K91 values=[['2']]
[2026-01-30 08:16:07.345016] PREWRITE_ITEM Kết quả!L91 values=[['5,667']]
[2026-01-30 08:16:07.345017] PREWRITE_ITEM Kết quả!M91 values=[['7,667']]
[2026-01-30 08:16:07.345453] WRITE_OK per-row tran=90 target_row=91 wrote=11
[2026-01-30 12:40:04] GET http://CHUNG:8088/API/ -> 200
[2026-01-30 12:40:04] Parsed Input 1 texts: {'TenA.Text': '', 'TenB.Text': '', 'Noi dung.Text': 'Vòng loại\n30 ĐIỂM / 40LC\n', 'Tran.Text': 'Trận 137', 'DiemA.Text': '', 'DiemB.Text': '', 'Lco.Text': '', '40s.Text': 'X', 'AvgA.Text': '', 'AvgB.Text': '', 'Adi.Text': '2', 'Bdi.Text': '', 'HR1A.Text': '', 'HR2A.Text': '', 'HR1B.Text': '', 'HR2B.Text': '', 'TA.Text': '0', 'TB.Text': '2', 'chay.Text': '0', 'Undo.Text': 'TenA=TRẦN THANH LỰC;TenB=LÊ HOÀNG KIM;DiemA=0;DiemB=0;AvgA=0.000;AvgB=0.000;HR1A=0;HR2A=0;HR1B=0;HR2B=0;TSA=;TSB=;Adi=0;Bdi=;TA=2;TB=2;Lco=1;S40=40;Noi dung=;Tran=TRẬN 01\n\nTenA=TRẦN THANH LỰC;TenB=LÊ HOÀNG KIM;DiemA=0;DiemB=0;AvgA=0.000;AvgB=0.000;HR1A=0;HR2A=0;HR1B=0;HR2B=0;TSA=;TSB=;Adi=0;Bdi=;TA=2;TB=2;Lco=1;S40=00:00:00;Noi dung=30 ĐIỂM\n40 LƯỢT CƠ;Tran=TRẬN 01\n\nTenA=TRẦN THANH LỰC;TenB=LÊ HOÀNG KIM;DiemA=1;DiemB=0;AvgA=0.000;AvgB=0.000;HR1A=0;HR2A=0;HR1B=0;HR2B=0;TSA=;TSB=;Adi=1;Bdi=;TA=2;TB=2;Lco=1;S40=40;Noi dung=30 ĐIỂM;Tran=TRẬN 01\nTenA=TRẦN THANH LỰC;TenB=LÊ HOÀNG KIM;DiemA=1;DiemB=0;AvgA=1.000;AvgB=0.000;HR1A=0;HR2A=0;HR1B=0;HR2B=0;TSA=;TSB=;Adi=;Bdi=0;TA=2;TB=2;Lco=1;S40=40;Noi dung=30 ĐIỂM;Tran=TRẬN 01\nTenA=TRẦN THANH LỰC;TenB=LÊ HOÀNG KIM;DiemA=1;DiemB=1;AvgA=1.000;AvgB=1.000;HR1A=0;HR2A=0;HR1B=1;HR2B=0;TSA=;TSB=;Adi=;Bdi=1;TA=2;TB=2;Lco=1;S40=40;Noi dung=30 ĐIỂM;Tran=TRẬN 01\nTenA=TRẦN THANH LỰC;TenB=LÊ HOÀNG KIM;DiemA=1;DiemB=2;AvgA=1.000;AvgB=2.000;HR1A=0;HR2A=0;HR1B=2;HR2B=0;TSA=;TSB=;Adi=;Bdi=2;TA=2;TB=2;Lco=1;S40=40;Noi dung=30 ĐIỂM;Tran=TRẬN 01\nTenA=TRẦN THANH LỰC;TenB=LÊ HOÀNG KIM;DiemA=1;DiemB=3;AvgA=1.000;AvgB=3.000;HR1A=0;HR2A=0;HR1B=3;HR2B=0;TSA=;TSB=;Adi=;Bdi=3;TA=2;TB=2;Lco=1;S40=40;Noi dung=30 ĐIỂM;Tran=TRẬN 01\nTenA=TRẦN THANH LỰC;TenB=LÊ HOÀNG KIM;DiemA=1;DiemB=4;AvgA=1.000;AvgB=4.000;HR1A=0;HR2A=0;HR1B=4;HR2B=0;TSA=;TSB=;Adi=;Bdi=4;TA=2;TB=2;Lco=1;S40=40;Noi dung=30 ĐIỂM;Tran=TRẬN 01\nTenA=TRẦN THANH LỰC;TenB=LÊ HOÀNG KIM;DiemA=0;DiemB=0;AvgA=0.000;AvgB=0.000;HR1A=0;HR2A=0;HR1B=0;HR2B=0;TSA=;TSB=;Adi=0;Bdi=;TA=2;TB=2;Lco=1;S40=40;Noi dung=30 ĐIỂM\n40 LƯỢT CƠ;Tran=TRẬN 01\n\nTenA=TRẦN THANH LỰC;TenB=LÊ HOÀNG KIM;DiemA=0;DiemB=0;AvgA=0.000;AvgB=0.000;HR1A=0;HR2A=0;HR1B=0;HR2B=0;TSA=;TSB=;Adi=0;Bdi=;TA=2;TB=2;Lco=1;S40=40;Noi dung=KNOCK OUT     50 ĐIỂM;Tran=VONG 16\n\nTenA=THÓN VIẾT HOÀNG MINH;TenB=NGUYỄN NHẤT HÒA;DiemA=0;DiemB=0;AvgA=0.000;AvgB=0.000;HR1A=0;HR2A=0;HR1B=0;HR2B=0;TSA=;TSB=;Adi=0;Bdi=;TA=2;TB=2;Lco=1;S40=40;Noi dung=KNOCK OUT     50 ĐIỂM;Tran=VONG 16\n\nTenA=THÓN VIẾT HOÀNG MINH;TenB=NGUYỄN NHẤT HÒA;DiemA=0;DiemB=0;AvgA=0.000;AvgB=0.000;HR1A=0;HR2A=0;HR1B=0;HR2B=0;TSA=;TSB=;Adi=0;Bdi=;TA=2;TB=2;Lco=1;S40=40;Noi dung=KNOCK OUT     50 ĐIỂM;Tran=VONG 16\n\nTenA=NGUYỄN NHẤT HÒA;TenB=THÓN VIẾT HOÀNG MINH;DiemA=0;DiemB=0;AvgA=0.000;AvgB=0.000;HR1A=0;HR2A=0;HR1B=0;HR2B=0;TSA=;TSB=;Adi=0;Bdi=;TA=2;TB=2;Lco=1;S40=40;Noi dung=KNOCK OUT     50 ĐIỂM;Tran=VONG 16\n\nTenA=NGUYỄN NHẤT HÒA;TenB=THÓN VIẾT HOÀNG MINH;DiemA=1;DiemB=0;AvgA=1.000;AvgB=0.000;HR1A=1;HR2A=0;HR1B=0;HR2B=0;TSA=;TSB=;Adi=1;Bdi=;TA=2;TB=2;Lco=1;S40=23;Noi dung=KNOCK OUT     50 ĐIỂM;Tran=VONG 16\n\nTenA=NGUYỄN NHẤT HÒA;TenB=THÓN VIẾT HOÀNG MINH;DiemA=2;DiemB=0;AvgA=2.000;AvgB=0.000;HR1A=2;HR2A=0;HR1B=0;HR2B=0;TSA=;TSB=;Adi=2;Bdi=;TA=2;TB=2;Lco=1;S40=16;Noi dung=KNOCK OUT     50 ĐIỂM;Tran=VONG 16\n\nTenA=NGUYỄN NHẤT HÒA;TenB=THÓN VIẾT HOÀNG MINH;DiemA=3;DiemB=0;AvgA=3.000;AvgB=0.000;HR1A=3;HR2A=0;HR1B=0;HR2B=0;TSA=;TSB=;Adi=3;Bdi=;TA=2;TB=2;Lco=1;S40=7;Noi dung=KNOCK OUT     50 ĐIỂM;Tran=VONG 16\n\nTenA=NGUYỄN NHẤT HÒA;TenB=THÓN VIẾT HOÀNG MINH;DiemA=4;DiemB=0;AvgA=4.000;AvgB=0.000;HR1A=4;HR2A=0;HR1B=0;HR2B=0;TSA=;TSB=;Adi=4;Bdi=;TA=2;TB=2;Lco=1;S40=14;Noi dung=KNOCK OUT     50 ĐIỂM;Tran=VONG 16\n\nTenA=NGUYỄN NHẤT HÒA;TenB=THÓN VIẾT HOÀNG MINH;DiemA=4;DiemB=0;AvgA=4.000;AvgB=0.000;HR1A=4;HR2A=0;HR1B=0;HR2B=0;TSA=;TSB=;Adi=;Bdi=0;TA=2;TB=2;Lco=1;S40=10;Noi dung=KNOCK OUT     50 ĐIỂM;Tran=VONG 16\n\nTenA=NGUYỄN NHẤT HÒA;TenB=THÓN VIẾT HOÀNG MINH;DiemA=4;DiemB=0;AvgA=4.000;AvgB=0.000;HR1A=4;HR2A=0;HR1B=0;HR2B=0;TSA=;TSB=;Adi=0;Bdi=;TA=1;TB=2;Lco=2;S40=36;Noi dung=KNOCK OUT     50 ĐIỂM;Tran=VONG 16\n\nTenA=NGUYỄN NHẤT HÒA;TenB=THÓN VIẾT HOÀNG MINH;DiemA=5;DiemB=0;AvgA=2.500;AvgB=0.000;HR1A=4;HR2A=1;HR1B=0;HR2B=0;TSA=;TSB=;Adi=1;Bdi=;TA=0;TB=2;Lco=2;S40=18;Noi dung=KNOCK OUT     50 ĐIỂM;Tran=VONG 16\n\nTenA=NGUYỄN NHẤT HÒA;TenB=THÓN VIẾT HOÀNG MINH;DiemA=6;DiemB=0;AvgA=3.000;AvgB=0.000;HR1A=4;HR2A=2;HR1B=0;HR2B=0;TSA=;TSB=;Adi=2;Bdi=;TA=0;TB=2;Lco=2;S40=8;Noi dung=KNOCK OUT     50 ĐIỂM;Tran=VONG 16\n\nTenA=NGUYỄN NHẤT HÒA;TenB=THÓN VIẾT HOÀNG MINH;DiemA=6;DiemB=0;AvgA=3.000;AvgB=0.000;HR1A=4;HR2A=2;HR1B=0;HR2B=0;TSA=;TSB=;Adi=;Bdi=0;TA=0;TB=2;Lco=2;S40=14;Noi dung=KNOCK OUT     50 ĐIỂM;Tran=VONG 16\n\nTenA=NGUYỄN NHẤT HÒA;TenB=THÓN VIẾT HOÀNG MINH;DiemA=6;DiemB=0;AvgA=3.000;AvgB=0.000;HR1A=4;HR2A=2;HR1B=0;HR2B=0;TSA=;TSB=;Adi=0;Bdi=;TA=0;TB=2;Lco=3;S40=11;Noi dung=KNOCK OUT     50 ĐIỂM;Tran=VONG 16\n\nTenA=NGUYỄN NHẤT HÒA;TenB=THÓN VIẾT HOÀNG MINH;DiemA=7;DiemB=0;AvgA=2.333;AvgB=0.000;HR1A=4;HR2A=2;HR1B=0;HR2B=0;TSA=;TSB=;Adi=1;Bdi=;TA=0;TB=2;Lco=3;S40=9;Noi dung=KNOCK OUT     50 ĐIỂM;Tran=VONG 16\n\nTenA=NGUYỄN NHẤT HÒA;TenB=THÓN VIẾT HOÀNG MINH;DiemA=7;DiemB=0;AvgA=2.333;AvgB=0.000;HR1A=4;HR2A=2;HR1B=0;HR2B=0;TSA=;TSB=;Adi=;Bdi=0;TA=0;TB=2;Lco=3;S40=14;Noi dung=KNOCK OUT     50 ĐIỂM;Tran=VONG 16\n\nTenA=NGUYỄN NHẤT HÒA;TenB=THÓN VIẾT HOÀNG MINH;DiemA=7;DiemB=0;AvgA=2.333;AvgB=0.000;HR1A=4;HR2A=2;HR1B=0;HR2B=0;TSA=;TSB=;Adi=0;Bdi=;TA=0;TB=2;Lco=4;S40=15;Noi dung=KNOCK OUT     50 ĐIỂM;Tran=VONG 16\n\nTenA=NGUYỄN NHẤT HÒA;TenB=THÓN VIẾT HOÀNG MINH;DiemA=8;DiemB=0;AvgA=2.000;AvgB=0.000;HR1A=4;HR2A=2;HR1B=0;HR2B=0;TSA=;TSB=;Adi=1;Bdi=;TA=0;TB=2;Lco=4;S40=16;Noi dung=KNOCK OUT     50 ĐIỂM;Tran=VONG 16\n\nTenA=NGUYỄN NHẤT HÒA;TenB=THÓN VIẾT HOÀNG MINH;DiemA=8;DiemB=0;AvgA=2.000;AvgB=0.000;HR1A=4;HR2A=2;HR1B=0;HR2B=0;TSA=;TSB=;Adi=;Bdi=0;TA=0;TB=2;Lco=4;S40=20;Noi dung=KNOCK OUT     50 ĐIỂM;Tran=VONG 16\n\nTenA=NGUYỄN NHẤT HÒA;TenB=THÓN VIẾT HOÀNG MINH;DiemA=8;DiemB=1;AvgA=2.000;AvgB=0.250;HR1A=4;HR2A=2;HR1B=1;HR2B=0;TSA=;TSB=;Adi=;Bdi=1;TA=0;TB=2;Lco=4;S40=14;Noi dung=KNOCK OUT     50 ĐIỂM;Tran=VONG 16\n\nTenA=NGUYỄN NHẤT HÒA;TenB=THÓN VIẾT HOÀNG MINH;DiemA=8;DiemB=2;AvgA=2.000;AvgB=0.500;HR1A=4;HR2A=2;HR1B=2;HR2B=0;TSA=;TSB=;Adi=;Bdi=2;TA=0;TB=2;Lco=4;S40=9;Noi dung=KNOCK OUT     50 ĐIỂM;Tran=VONG 16\n\nTenA=NGUYỄN NHẤT HÒA;TenB=THÓN VIẾT HOÀNG MINH;DiemA=8;DiemB=2;AvgA=2.000;AvgB=0.500;HR1A=4;HR2A=2;HR1B=2;HR2B=0;TSA=;TSB=;Adi=0;Bdi=;TA=0;TB=2;Lco=5;S40=8;Noi dung=KNOCK OUT     50 ĐIỂM;Tran=VONG 16\n\nTenA=NGUYỄN NHẤT HÒA;TenB=THÓN VIẾT HOÀNG MINH;DiemA=9;DiemB=2;AvgA=1.800;AvgB=0.500;HR1A=4;HR2A=2;HR1B=2;HR2B=0;TSA=;TSB=;Adi=1;Bdi=;TA=0;TB=2;Lco=5;S40=11;Noi dung=KNOCK OUT     50 ĐIỂM;Tran=VONG 16\n\nTenA=NGUYỄN NHẤT HÒA;TenB=THÓN VIẾT HOÀNG MINH;DiemA=10;DiemB=2;AvgA=2.000;AvgB=0.500;HR1A=4;HR2A=2;HR1B=2;HR2B=0;TSA=;TSB=;Adi=2;Bdi=;TA=0;TB=2;Lco=5;S40=3;Noi dung=KNOCK OUT     50 ĐIỂM;Tran=VONG 16\n\nTenA=NGUYỄN NHẤT HÒA;TenB=THÓN VIẾT HOÀNG MINH;DiemA=11;DiemB=2;AvgA=2.200;AvgB=0.500;HR1A=4;HR2A=3;HR1B=2;HR2B=0;TSA=;TSB=;Adi=3;Bdi=;TA=0;TB=2;Lco=5;S40=18;Noi dung=KNOCK OUT     50 ĐIỂM;Tran=VONG 16\n\nTenA=NGUYỄN NHẤT HÒA;TenB=THÓN VIẾT HOÀNG MINH;DiemA=12;DiemB=2;AvgA=2.400;AvgB=0.500;HR1A=4;HR2A=4;HR1B=2;HR2B=0;TSA=;TSB=;Adi=4;Bdi=;TA=0;TB=2;Lco=5;S40=11;Noi dung=KNOCK OUT     50 ĐIỂM;Tran=VONG 16\n\nTenA=NGUYỄN NHẤT HÒA;TenB=THÓN VIẾT HOÀNG MINH;DiemA=13;DiemB=2;AvgA=2.600;AvgB=0.500;HR1A=5;HR2A=4;HR1B=2;HR2B=0;TSA=;TSB=;Adi=5;Bdi=;TA=0;TB=2;Lco=5;S40=9;Noi dung=KNOCK OUT     50 ĐIỂM;Tran=VONG 16\n\nTenA=NGUYỄN NHẤT HÒA;TenB=THÓN VIẾT HOÀNG MINH;DiemA=14;DiemB=2;AvgA=2.800;AvgB=0.500;HR1A=6;HR2A=4;HR1B=2;HR2B=0;TSA=;TSB=;Adi=6;Bdi=;TA=0;TB=2;Lco=5;S40=16;Noi dung=KNOCK OUT     50 ĐIỂM;Tran=VONG 16\n\nTenA=NGUYỄN NHẤT HÒA;TenB=THÓN VIẾT HOÀNG MINH;DiemA=14;DiemB=2;AvgA=2.800;AvgB=0.500;HR1A=6;HR2A=4;HR1B=2;HR2B=0;TSA=;TSB=;Adi=;Bdi=0;TA=0;TB=2;Lco=5;S40=8;Noi dung=KNOCK OUT     50 ĐIỂM;Tran=VONG 16\n\nTenA=NGUYỄN NHẤT HÒA;TenB=THÓN VIẾT HOÀNG MINH;DiemA=14;DiemB=3;AvgA=2.800;AvgB=0.600;HR1A=6;HR2A=4;HR1B=2;HR2B=1;TSA=;TSB=;Adi=;Bdi=1;TA=0;TB=2;Lco=5;S40=16;Noi dung=KNOCK OUT     50 ĐIỂM;Tran=VONG 16\n\nTenA=NGUYỄN NHẤT HÒA;TenB=THÓN VIẾT HOÀNG MINH;DiemA=14;DiemB=3;AvgA=2.800;AvgB=0.600;HR1A=6;HR2A=4;HR1B=2;HR2B=1;TSA=;TSB=;Adi=0;Bdi=;TA=0;TB=2;Lco=6;S40=17;Noi dung=KNOCK OUT     50 ĐIỂM;Tran=VONG 16\n\nTenA=NGUYỄN NHẤT HÒA;TenB=THÓN VIẾT HOÀNG MINH;DiemA=14;DiemB=3;AvgA=2.333;AvgB=0.600;HR1A=6;HR2A=4;HR1B=2;HR2B=1;TSA=;TSB=;Adi=;Bdi=0;TA=0;TB=2;Lco=6;S40=18;Noi dung=KNOCK OUT     50 ĐIỂM;Tran=VONG 16\n\nTenA=NGUYỄN NHẤT HÒA;TenB=THÓN VIẾT HOÀNG MINH;DiemA=14;DiemB=4;AvgA=2.333;AvgB=0.667;HR1A=6;HR2A=4;HR1B=2;HR2B=1;TSA=;TSB=;Adi=;Bdi=1;TA=0;TB=2;Lco=6;S40=15;Noi dung=KNOCK OUT     50 ĐIỂM;Tran=VONG 16\n\nTenA=NGUYỄN NHẤT HÒA;TenB=THÓN VIẾT HOÀNG MINH;DiemA=14;DiemB=5;AvgA=2.333;AvgB=0.833;HR1A=6;HR2A=4;HR1B=2;HR2B=2;TSA=;TSB=;Adi=;Bdi=2;TA=0;TB=2;Lco=6;S40=23;Noi dung=KNOCK OUT     50 ĐIỂM;Tran=VONG 16\n\nTenA=NGUYỄN NHẤT HÒA;TenB=THÓN VIẾT HOÀNG MINH;DiemA=14;DiemB=6;AvgA=2.333;AvgB=1.000;HR1A=6;HR2A=4;HR1B=3;HR2B=2;TSA=;TSB=;Adi=;Bdi=3;TA=0;TB=2;Lco=6;S40=24;Noi dung=KNOCK OUT     50 ĐIỂM;Tran=VONG 16\n\nTenA=NGUYỄN NHẤT HÒA;TenB=THÓN VIẾT HOÀNG MINH;DiemA=14;DiemB=7;AvgA=2.333;AvgB=1.167;HR1A=6;HR2A=4;HR1B=4;HR2B=2;TSA=;TSB=;Adi=;Bdi=4;TA=0;TB=2;Lco=6;S40=22;Noi dung=KNOCK OUT     50 ĐIỂM;Tran=VONG 16\n\nTenA=NGUYỄN NHẤT HÒA;TenB=THÓN VIẾT HOÀNG MINH;DiemA=14;DiemB=7;AvgA=2.333;AvgB=1.167;HR1A=6;HR2A=4;HR1B=4;HR2B=2;TSA=;TSB=;Adi=0;Bdi=;TA=0;TB=2;Lco=7;S40=5;Noi dung=KNOCK OUT     50 ĐIỂM;Tran=VONG 16\n\nTenA=NGUYỄN NHẤT HÒA;TenB=THÓN VIẾT HOÀNG MINH;DiemA=14;DiemB=7;AvgA=2.000;AvgB=1.167;HR1A=6;HR2A=4;HR1B=4;HR2B=2;TSA=;TSB=;Adi=;Bdi=0;TA=0;TB=2;Lco=7;S40=22;Noi dung=KNOCK OUT     50 ĐIỂM;Tran=VONG 16\n\nTenA=NGUYỄN NHẤT HÒA;TenB=THÓN VIẾT HOÀNG MINH;DiemA=14;DiemB=8;AvgA=2.000;AvgB=1.143;HR1A=6;HR2A=4;HR1B=4;HR2B=2;TSA=;TSB=;Adi=;Bdi=1;TA=0;TB=2;Lco=7;S40=14;Noi dung=KNOCK OUT     50 ĐIỂM;Tran=VONG 16\n\nTenA=NGUYỄN NHẤT HÒA;TenB=THÓN VIẾT HOÀNG MINH;DiemA=14;DiemB=9;AvgA=2.000;AvgB=1.286;HR1A=6;HR2A=4;HR1B=4;HR2B=2;TSA=;TSB=;Adi=;Bdi=2;TA=0;TB=2;Lco=7;S40=22;Noi dung=KNOCK OUT     50 ĐIỂM;Tran=VONG 16\n\nTenA=NGUYỄN NHẤT HÒA;TenB=THÓN VIẾT HOÀNG MINH;DiemA=14;DiemB=10;AvgA=2.000;AvgB=1.429;HR1A=6;HR2A=4;HR1B=4;HR2B=3;TSA=;TSB=;Adi=;Bdi=3;TA=0;TB=2;Lco=7;S40=22;Noi dung=KNOCK OUT     50 ĐIỂM;Tran=VONG 16\n\nTenA=NGUYỄN NHẤT HÒA;TenB=THÓN VIẾT HOÀNG MINH;DiemA=14;DiemB=10;AvgA=2.000;AvgB=1.429;HR1A=6;HR2A=4;HR1B=4;HR2B=3;TSA=;TSB=;Adi=0;Bdi=;TA=0;TB=2;Lco=8;S40=11;Noi dung=KNOCK OUT     50 ĐIỂM;Tran=VONG 16\n\nTenA=NGUYỄN NHẤT HÒA;TenB=THÓN VIẾT HOÀNG MINH;DiemA=15;DiemB=10;AvgA=1.875;AvgB=1.429;HR1A=6;HR2A=4;HR1B=4;HR2B=3;TSA=;TSB=;Adi=1;Bdi=;TA=0;TB=2;Lco=8;S40=11;Noi dung=KNOCK OUT     50 ĐIỂM;Tran=VONG 16\n\nTenA=NGUYỄN NHẤT HÒA;TenB=THÓN VIẾT HOÀNG MINH;DiemA=16;DiemB=10;AvgA=2.000;AvgB=1.429;HR1A=6;HR2A=4;HR1B=4;HR2B=3;TSA=;TSB=;Adi=2;Bdi=;TA=0;TB=2;Lco=8;S40=11;Noi dung=KNOCK OUT     50 ĐIỂM;Tran=VONG 16\n\nTenA=NGUYỄN NHẤT HÒA;TenB=THÓN VIẾT HOÀNG MINH;DiemA=17;DiemB=10;AvgA=2.125;AvgB=1.429;HR1A=6;HR2A=4;HR1B=4;HR2B=3;TSA=;TSB=;Adi=3;Bdi=;TA=0;TB=2;Lco=8;S40=13;Noi dung=KNOCK OUT     50 ĐIỂM;Tran=VONG 16\n\nTenA=NGUYỄN NHẤT HÒA;TenB=THÓN VIẾT HOÀNG MINH;DiemA=17;DiemB=10;AvgA=2.125;AvgB=1.429;HR1A=6;HR2A=4;HR1B=4;HR2B=3;TSA=;TSB=;Adi=;Bdi=0;TA=0;TB=2;Lco=8;S40=14;Noi dung=KNOCK OUT     50 ĐIỂM;Tran=VONG 16\n\nTenA=NGUYỄN NHẤT HÒA;TenB=THÓN VIẾT HOÀNG MINH;DiemA=17;DiemB=11;AvgA=2.125;AvgB=1.375;HR1A=6;HR2A=4;HR1B=4;HR2B=3;TSA=;TSB=;Adi=;Bdi=1;TA=0;TB=2;Lco=8;S40=21;Noi dung=KNOCK OUT     50 ĐIỂM;Tran=VONG 16\n\nTenA=NGUYỄN NHẤT HÒA;TenB=THÓN VIẾT HOÀNG MINH;DiemA=17;DiemB=12;AvgA=2.125;AvgB=1.500;HR1A=6;HR2A=4;HR1B=4;HR2B=3;TSA=;TSB=;Adi=;Bdi=2;TA=0;TB=2;Lco=8;S40=6;Noi dung=KNOCK OUT     50 ĐIỂM;Tran=VONG 16\n\nTenA=NGUYỄN NHẤT HÒA;TenB=THÓN VIẾT HOÀNG MINH;DiemA=17;DiemB=12;AvgA=2.125;AvgB=1.500;HR1A=6;HR2A=4;HR1B=4;HR2B=3;TSA=;TSB=;Adi=0;Bdi=;TA=0;TB=2;Lco=9;S40=10;Noi dung=KNOCK OUT     50 ĐIỂM;Tran=VONG 16\n\nTenA=NGUYỄN NHẤT HÒA;TenB=THÓN VIẾT HOÀNG MINH;DiemA=18;DiemB=12;AvgA=2.000;AvgB=1.500;HR1A=6;HR2A=4;HR1B=4;HR2B=3;TSA=;TSB=;Adi=1;Bdi=;TA=0;TB=2;Lco=9;S40=15;Noi dung=KNOCK OUT     50 ĐIỂM;Tran=VONG 16\n\nTenA=NGUYỄN NHẤT HÒA;TenB=THÓN VIẾT HOÀNG MINH;DiemA=19;DiemB=12;AvgA=2.111;AvgB=1.500;HR1A=6;HR2A=4;HR1B=4;HR2B=3;TSA=;TSB=;Adi=2;Bdi=;TA=0;TB=2;Lco=9;S40=18;Noi dung=KNOCK OUT     50 ĐIỂM;Tran=VONG 16\n\nTenA=NGUYỄN NHẤT HÒA;TenB=THÓN VIẾT HOÀNG MINH;DiemA=20;DiemB=12;AvgA=2.222;AvgB=1.500;HR1A=6;HR2A=4;HR1B=4;HR2B=3;TSA=;TSB=;Adi=3;Bdi=;TA=0;TB=2;Lco=9;S40=18;Noi dung=KNOCK OUT     50 ĐIỂM;Tran=VONG 16\n\nTenA=NGUYỄN NHẤT HÒA;TenB=THÓN VIẾT HOÀNG MINH;DiemA=21;DiemB=12;AvgA=2.333;AvgB=1.500;HR1A=6;HR2A=4;HR1B=4;HR2B=3;TSA=;TSB=;Adi=4;Bdi=;TA=0;TB=2;Lco=9;S40=14;Noi dung=KNOCK OUT     50 ĐIỂM;Tran=VONG 16\n\nTenA=NGUYỄN NHẤT HÒA;TenB=THÓN VIẾT HOÀNG MINH;DiemA=21;DiemB=12;AvgA=2.333;AvgB=1.500;HR1A=6;HR2A=4;HR1B=4;HR2B=3;TSA=;TSB=;Adi=;Bdi=0;TA=0;TB=2;Lco=9;S40=11;Noi dung=KNOCK OUT     50 ĐIỂM;Tran=VONG 16\n\nTenA=NGUYỄN NHẤT HÒA;TenB=THÓN VIẾT HOÀNG MINH;DiemA=21;DiemB=12;AvgA=2.333;AvgB=1.333;HR1A=6;HR2A=4;HR1B=4;HR2B=3;TSA=;TSB=;Adi=0;Bdi=;TA=0;TB=2;Lco=10;S40=8;Noi dung=KNOCK OUT     50 ĐIỂM;Tran=VONG 16\n\nTenA=NGUYỄN NHẤT HÒA;TenB=THÓN VIẾT HOÀNG MINH;DiemA=22;DiemB=12;AvgA=2.200;AvgB=1.333;HR1A=6;HR2A=4;HR1B=4;HR2B=3;TSA=;TSB=;Adi=1;Bdi=;TA=0;TB=2;Lco=10;S40=22;Noi dung=KNOCK OUT     50 ĐIỂM;Tran=VONG 16\n\nTenA=NGUYỄN NHẤT HÒA;TenB=THÓN VIẾT HOÀNG MINH;DiemA=22;DiemB=12;AvgA=2.200;AvgB=1.333;HR1A=6;HR2A=4;HR1B=4;HR2B=3;TSA=;TSB=;Adi=;Bdi=0;TA=0;TB=2;Lco=10;S40=21;Noi dung=KNOCK OUT     50 ĐIỂM;Tran=VONG 16\n\nTenA=NGUYỄN NHẤT HÒA;TenB=THÓN VIẾT HOÀNG MINH;DiemA=22;DiemB=13;AvgA=2.200;AvgB=1.300;HR1A=6;HR2A=4;HR1B=4;HR2B=3;TSA=;TSB=;Adi=;Bdi=1;TA=0;TB=2;Lco=10;S40=18;Noi dung=KNOCK OUT     50 ĐIỂM;Tran=VONG 16\n\nTenA=NGUYỄN NHẤT HÒA;TenB=THÓN VIẾT HOÀNG MINH;DiemA=22;DiemB=14;AvgA=2.200;AvgB=1.400;HR1A=6;HR2A=4;HR1B=4;HR2B=3;TSA=;TSB=;Adi=;Bdi=2;TA=0;TB=2;Lco=10;S40=4;Noi dung=KNOCK OUT     50 ĐIỂM;Tran=VONG 16\n\nTenA=NGUYỄN NHẤT HÒA;TenB=THÓN VIẾT HOÀNG MINH;DiemA=22;DiemB=15;AvgA=2.200;AvgB=1.500;HR1A=6;HR2A=4;HR1B=4;HR2B=3;TSA=;TSB=;Adi=;Bdi=3;TA=0;TB=2;Lco=10;S40=16;Noi dung=KNOCK OUT     50 ĐIỂM;Tran=VONG 16\n\nTenA=NGUYỄN NHẤT HÒA;TenB=THÓN VIẾT HOÀNG MINH;DiemA=22;DiemB=15;AvgA=2.200;AvgB=1.500;HR1A=6;HR2A=4;HR1B=4;HR2B=3;TSA=;TSB=;Adi=0;Bdi=;TA=0;TB=2;Lco=11;S40=8;Noi dung=KNOCK OUT     50 ĐIỂM;Tran=VONG 16\n\nTenA=NGUYỄN NHẤT HÒA;TenB=THÓN VIẾT HOÀNG MINH;DiemA=23;DiemB=15;AvgA=2.091;AvgB=1.500;HR1A=6;HR2A=4;HR1B=4;HR2B=3;TSA=;TSB=;Adi=1;Bdi=;TA=0;TB=2;Lco=11;S40=16;Noi dung=KNOCK OUT     50 ĐIỂM;Tran=VONG 16\n\nTenA=NGUYỄN NHẤT HÒA;TenB=THÓN VIẾT HOÀNG MINH;DiemA=24;DiemB=15;AvgA=2.182;AvgB=1.500;HR1A=6;HR2A=4;HR1B=4;HR2B=3;TSA=;TSB=;Adi=2;Bdi=;TA=0;TB=2;Lco=11;S40=17;Noi dung=KNOCK OUT     50 ĐIỂM;Tran=VONG 16\n\nTenA=NGUYỄN NHẤT HÒA;TenB=THÓN VIẾT HOÀNG MINH;DiemA=25;DiemB=15;AvgA=2.273;AvgB=1.500;HR1A=6;HR2A=4;HR1B=4;HR2B=3;TSA=;TSB=;Adi=3;Bdi=;TA=0;TB=2;Lco=11;S40=15;Noi dung=KNOCK OUT     50 ĐIỂM;Tran=VONG 16\n\nTenA=NGUYỄN NHẤT HÒA;TenB=THÓN VIẾT HOÀNG MINH;DiemA=25;DiemB=15;AvgA=2.273;AvgB=1.500;HR1A=6;HR2A=4;HR1B=4;HR2B=3;TSA=;TSB=;Adi=;Bdi=0;TA=0;TB=2;Lco=11;S40=15;Noi dung=KNOCK OUT     50 ĐIỂM;Tran=VONG 16\n\nTenA=NGUYỄN NHẤT HÒA;TenB=THÓN VIẾT HOÀNG MINH;DiemA=25;DiemB=16;AvgA=2.273;AvgB=1.455;HR1A=6;HR2A=4;HR1B=4;HR2B=3;TSA=;TSB=;Adi=;Bdi=1;TA=0;TB=2;Lco=11;S40=25;Noi dung=KNOCK OUT     50 ĐIỂM;Tran=VONG 16\n\nTenA=NGUYỄN NHẤT HÒA;TenB=THÓN VIẾT HOÀNG MINH;DiemA=25;DiemB=17;AvgA=2.273;AvgB=1.545;HR1A=6;HR2A=4;HR1B=4;HR2B=3;TSA=;TSB=;Adi=;Bdi=2;TA=0;TB=2;Lco=11;S40=18;Noi dung=KNOCK OUT     50 ĐIỂM;Tran=VONG 16\n\nTenA=NGUYỄN NHẤT HÒA;TenB=THÓN VIẾT HOÀNG MINH;DiemA=25;DiemB=18;AvgA=2.273;AvgB=1.636;HR1A=6;HR2A=4;HR1B=4;HR2B=3;TSA=;TSB=;Adi=;Bdi=3;TA=0;TB=2;Lco=11;S40=10;Noi dung=KNOCK OUT     50 ĐIỂM;Tran=VONG 16\n\nTenA=NGUYỄN NHẤT HÒA;TenB=THÓN VIẾT HOÀNG MINH;DiemA=25;DiemB=19;AvgA=2.273;AvgB=1.727;HR1A=6;HR2A=4;HR1B=4;HR2B=4;TSA=;TSB=;Adi=;Bdi=4;TA=0;TB=2;Lco=11;S40=18;Noi dung=KNOCK OUT     50 ĐIỂM;Tran=VONG 16\n\nTenA=NGUYỄN NHẤT HÒA;TenB=THÓN VIẾT HOÀNG MINH;DiemA=25;DiemB=20;AvgA=2.273;AvgB=1.818;HR1A=6;HR2A=4;HR1B=5;HR2B=4;TSA=;TSB=;Adi=;Bdi=5;TA=0;TB=2;Lco=11;S40=20;Noi dung=KNOCK OUT     50 ĐIỂM;Tran=VONG 16\n\nTenA=NGUYỄN NHẤT HÒA;TenB=THÓN VIẾT HOÀNG MINH;DiemA=25;DiemB=21;AvgA=2.273;AvgB=1.909;HR1A=6;HR2A=4;HR1B=6;HR2B=4;TSA=;TSB=;Adi=;Bdi=6;TA=0;TB=2;Lco=11;S40=25;Noi dung=KNOCK OUT     50 ĐIỂM;Tran=VONG 16\n\nTenA=NGUYỄN NHẤT HÒA;TenB=THÓN VIẾT HOÀNG MINH;DiemA=25;DiemB=22;AvgA=2.273;AvgB=2.000;HR1A=6;HR2A=4;HR1B=7;HR2B=4;TSA=;TSB=;Adi=;Bdi=7;TA=0;TB=2;Lco=11;S40=14;Noi dung=KNOCK OUT     50 ĐIỂM;Tran=VONG 16\n\nTenA=NGUYỄN NHẤT HÒA;TenB=THÓN VIẾT HOÀNG MINH;DiemA=25;DiemB=23;AvgA=2.273;AvgB=2.091;HR1A=6;HR2A=4;HR1B=8;HR2B=4;TSA=;TSB=;Adi=;Bdi=8;TA=0;TB=2;Lco=11;S40=18;Noi dung=KNOCK OUT     50 ĐIỂM;Tran=VONG 16\n\nTenA=NGUYỄN NHẤT HÒA;TenB=THÓN VIẾT HOÀNG MINH;DiemA=25;DiemB=24;AvgA=2.273;AvgB=2.182;HR1A=6;HR2A=4;HR1B=9;HR2B=4;TSA=;TSB=;Adi=;Bdi=9;TA=0;TB=2;Lco=11;S40=15;Noi dung=KNOCK OUT     50 ĐIỂM;Tran=VONG 16\n\nTenA=NGUYỄN NHẤT HÒA;TenB=THÓN VIẾT HOÀNG MINH;DiemA=25;DiemB=24;AvgA=2.273;AvgB=2.182;HR1A=6;HR2A=4;HR1B=9;HR2B=4;TSA=;TSB=;Adi=0;Bdi=;TA=0;TB=2;Lco=12;S40=16;Noi dung=KNOCK OUT     50 ĐIỂM;Tran=VONG 16\n\nTenA=NGUYỄN NHẤT HÒA;TenB=THÓN VIẾT HOÀNG MINH;DiemA=26;DiemB=24;AvgA=2.167;AvgB=2.182;HR1A=6;HR2A=4;HR1B=9;HR2B=4;TSA=;TSB=;Adi=1;Bdi=;TA=0;TB=2;Lco=12;S40=15;Noi dung=KNOCK OUT     50 ĐIỂM;Tran=VONG 16\n\nTenA=NGUYỄN NHẤT HÒA;TenB=THÓN VIẾT HOÀNG MINH;DiemA=27;DiemB=24;AvgA=2.250;AvgB=2.182;HR1A=6;HR2A=4;HR1B=9;HR2B=4;TSA=;TSB=;Adi=2;Bdi=;TA=0;TB=2;Lco=12;S40=16;Noi dung=KNOCK OUT     50 ĐIỂM;Tran=VONG 16\n\nTenA=NGUYỄN NHẤT HÒA;TenB=THÓN VIẾT HOÀNG MINH;DiemA=27;DiemB=24;AvgA=2.250;AvgB=2.182;HR1A=6;HR2A=4;HR1B=9;HR2B=4;TSA=;TSB=;Adi=;Bdi=0;TA=0;TB=2;Lco=12;S40=12;Noi dung=KNOCK OUT     50 ĐIỂM;Tran=VONG 16\n\nTenA=NGUYỄN NHẤT HÒA;TenB=THÓN VIẾT HOÀNG MINH;DiemA=27;DiemB=25;AvgA=2.250;AvgB=2.083;HR1A=6;HR2A=4;HR1B=9;HR2B=4;TSA=;TSB=;Adi=;Bdi=1;TA=0;TB=2;Lco=12;S40=23;Noi dung=KNOCK OUT     50 ĐIỂM;Tran=VONG 16\n\nTenA=NGUYỄN NHẤT HÒA;TenB=THÓN VIẾT HOÀNG MINH;DiemA=27;DiemB=25;AvgA=2.250;AvgB=2.083;HR1A=6;HR2A=4;HR1B=9;HR2B=4;TSA=;TSB=;Adi=0;Bdi=;TA=0;TB=2;Lco=13;S40=9;Noi dung=KNOCK OUT     50 ĐIỂM;Tran=VONG 16\n\nTenA=NGUYỄN NHẤT HÒA;TenB=THÓN VIẾT HOÀNG MINH;DiemA=28;DiemB=25;AvgA=2.154;AvgB=2.083;HR1A=6;HR2A=4;HR1B=9;HR2B=4;TSA=;TSB=;Adi=1;Bdi=;TA=0;TB=2;Lco=13;S40=10;Noi dung=KNOCK OUT     50 ĐIỂM;Tran=VONG 16\n\nTenA=NGUYỄN NHẤT HÒA;TenB=THÓN VIẾT HOÀNG MINH;DiemA=28;DiemB=25;AvgA=2.154;AvgB=2.083;HR1A=6;HR2A=4;HR1B=9;HR2B=4;TSA=;TSB=;Adi=;Bdi=0;TA=0;TB=2;Lco=13;S40=8;Noi dung=KNOCK OUT     50 ĐIỂM;Tran=VONG 16\n\nTenA=NGUYỄN NHẤT HÒA;TenB=THÓN VIẾT HOÀNG MINH;DiemA=28;DiemB=25;AvgA=2.154;AvgB=1.923;HR1A=6;HR2A=4;HR1B=9;HR2B=4;TSA=;TSB=;Adi=0;Bdi=;TA=0;TB=2;Lco=14;S40=9;Noi dung=KNOCK OUT     50 ĐIỂM;Tran=VONG 16\n\nTenA=NGUYỄN NHẤT HÒA;TenB=THÓN VIẾT HOÀNG MINH;DiemA=29;DiemB=25;AvgA=2.071;AvgB=1.923;HR1A=6;HR2A=4;HR1B=9;HR2B=4;TSA=;TSB=;Adi=1;Bdi=;TA=0;TB=2;Lco=14;S40=13;Noi dung=KNOCK OUT     50 ĐIỂM;Tran=VONG 16\n\nTenA=NGUYỄN NHẤT HÒA;TenB=THÓN VIẾT HOÀNG MINH;DiemA=30;DiemB=25;AvgA=2.143;AvgB=1.923;HR1A=6;HR2A=4;HR1B=9;HR2B=4;TSA=;TSB=;Adi=2;Bdi=;TA=0;TB=2;Lco=14;S40=X;Noi dung=KNOCK OUT     50 ĐIỂM;Tran=VONG 16\n\nTenA=NGUYỄN NHẤT HÒA;TenB=THÓN VIẾT HOÀNG MINH;DiemA=30;DiemB=25;AvgA=2.143;AvgB=1.923;HR1A=6;HR2A=4;HR1B=9;HR2B=4;TSA=;TSB=;Adi=;Bdi=0;TA=0;TB=2;Lco=14;S40=17;Noi dung=KNOCK OUT     50 ĐIỂM;Tran=VONG 16\n\nTenA=NGUYỄN NHẤT HÒA;TenB=THÓN VIẾT HOÀNG MINH;DiemA=30;DiemB=26;AvgA=2.143;AvgB=1.857;HR1A=6;HR2A=4;HR1B=9;HR2B=4;TSA=;TSB=;Adi=;Bdi=1;TA=0;TB=2;Lco=14;S40=15;Noi dung=KNOCK OUT     50 ĐIỂM;Tran=VONG 16\n\nTenA=NGUYỄN NHẤT HÒA;TenB=THÓN VIẾT HOÀNG MINH;DiemA=30;DiemB=26;AvgA=2.143;AvgB=1.857;HR1A=6;HR2A=4;HR1B=9;HR2B=4;TSA=;TSB=;Adi=0;Bdi=;TA=0;TB=2;Lco=15;S40=16;Noi dung=KNOCK OUT     50 ĐIỂM;Tran=VONG 16\n\nTenA=NGUYỄN NHẤT HÒA;TenB=THÓN VIẾT HOÀNG MINH;DiemA=31;DiemB=26;AvgA=2.067;AvgB=1.857;HR1A=6;HR2A=4;HR1B=9;HR2B=4;TSA=;TSB=;Adi=1;Bdi=;TA=0;TB=2;Lco=15;S40=16;Noi dung=KNOCK OUT     50 ĐIỂM;Tran=VONG 16\n\nTenA=NGUYỄN NHẤT HÒA;TenB=THÓN VIẾT HOÀNG MINH;DiemA=31;DiemB=26;AvgA=2.067;AvgB=1.857;HR1A=6;HR2A=4;HR1B=9;HR2B=4;TSA=;TSB=;Adi=;Bdi=0;TA=0;TB=2;Lco=15;S40=18;Noi dung=KNOCK OUT     50 ĐIỂM;Tran=VONG 16\n\nTenA=NGUYỄN NHẤT HÒA;TenB=THÓN VIẾT HOÀNG MINH;DiemA=31;DiemB=27;AvgA=2.067;AvgB=1.800;HR1A=6;HR2A=4;HR1B=9;HR2B=4;TSA=;TSB=;Adi=;Bdi=1;TA=0;TB=2;Lco=15;S40=9;Noi dung=KNOCK OUT     50 ĐIỂM;Tran=VONG 16\n\nTenA=NGUYỄN NHẤT HÒA;TenB=THÓN VIẾT HOÀNG MINH;DiemA=31;DiemB=27;AvgA=2.067;AvgB=1.800;HR1A=6;HR2A=4;HR1B=9;HR2B=4;TSA=;TSB=;Adi=0;Bdi=;TA=0;TB=2;Lco=16;S40=8;Noi dung=KNOCK OUT     50 ĐIỂM;Tran=VONG 16\n\nTenA=NGUYỄN NHẤT HÒA;TenB=THÓN VIẾT HOÀNG MINH;DiemA=32;DiemB=27;AvgA=2.000;AvgB=1.800;HR1A=6;HR2A=4;HR1B=9;HR2B=4;TSA=;TSB=;Adi=1;Bdi=;TA=0;TB=2;Lco=16;S40=14;Noi dung=KNOCK OUT     50 ĐIỂM;Tran=VONG 16\n\nTenA=NGUYỄN NHẤT HÒA;TenB=THÓN VIẾT HOÀNG MINH;DiemA=33;DiemB=27;AvgA=2.063;AvgB=1.800;HR1A=6;HR2A=4;HR1B=9;HR2B=4;TSA=;TSB=;Adi=2;Bdi=;TA=0;TB=2;Lco=16;S40=13;Noi dung=KNOCK OUT     50 ĐIỂM;Tran=VONG 16\n\nTenA=NGUYỄN NHẤT HÒA;TenB=THÓN VIẾT HOÀNG MINH;DiemA=34;DiemB=27;AvgA=2.125;AvgB=1.800;HR1A=6;HR2A=4;HR1B=9;HR2B=4;TSA=;TSB=;Adi=3;Bdi=;TA=0;TB=2;Lco=16;S40=20;Noi dung=KNOCK OUT     50 ĐIỂM;Tran=VONG 16\n\nTenA=NGUYỄN NHẤT HÒA;TenB=THÓN VIẾT HOÀNG MINH;DiemA=35;DiemB=27;AvgA=2.188;AvgB=1.800;HR1A=6;HR2A=4;HR1B=9;HR2B=4;TSA=;TSB=;Adi=4;Bdi=;TA=0;TB=2;Lco=16;S40=23;Noi dung=KNOCK OUT     50 ĐIỂM;Tran=VONG 16\n\nTenA=NGUYỄN NHẤT HÒA;TenB=THÓN VIẾT HOÀNG MINH;DiemA=35;DiemB=27;AvgA=2.188;AvgB=1.800;HR1A=6;HR2A=4;HR1B=9;HR2B=4;TSA=;TSB=;Adi=;Bdi=0;TA=0;TB=2;Lco=16;S40=12;Noi dung=KNOCK OUT     50 ĐIỂM;Tran=VONG 16\n\nTenA=NGUYỄN NHẤT HÒA;TenB=THÓN VIẾT HOÀNG MINH;DiemA=35;DiemB=28;AvgA=2.188;AvgB=1.750;HR1A=6;HR2A=4;HR1B=9;HR2B=4;TSA=;TSB=;Adi=;Bdi=1;TA=0;TB=2;Lco=16;S40=20;Noi dung=KNOCK OUT     50 ĐIỂM;Tran=VONG 16\n\nTenA=NGUYỄN NHẤT HÒA;TenB=THÓN VIẾT HOÀNG MINH;DiemA=35;DiemB=29;AvgA=2.188;AvgB=1.813;HR1A=6;HR2A=4;HR1B=9;HR2B=4;TSA=;TSB=;Adi=;Bdi=2;TA=0;TB=2;Lco=16;S40=13;Noi dung=KNOCK OUT     50 ĐIỂM;Tran=VONG 16\n\nTenA=NGUYỄN NHẤT HÒA;TenB=THÓN VIẾT HOÀNG MINH;DiemA=35;DiemB=29;AvgA=2.188;AvgB=1.813;HR1A=6;HR2A=4;HR1B=9;HR2B=4;TSA=;TSB=;Adi=0;Bdi=;TA=0;TB=2;Lco=17;S40=4;Noi dung=KNOCK OUT     50 ĐIỂM;Tran=VONG 16\n\nTenA=NGUYỄN NHẤT HÒA;TenB=THÓN VIẾT HOÀNG MINH;DiemA=35;DiemB=29;AvgA=2.059;AvgB=1.813;HR1A=6;HR2A=4;HR1B=9;HR2B=4;TSA=;TSB=;Adi=;Bdi=0;TA=0;TB=2;Lco=17;S40=16;Noi dung=KNOCK OUT     50 ĐIỂM;Tran=VONG 16\n\nTenA=NGUYỄN NHẤT HÒA;TenB=THÓN VIẾT HOÀNG MINH;DiemA=35;DiemB=30;AvgA=2.059;AvgB=1.765;HR1A=6;HR2A=4;HR1B=9;HR2B=4;TSA=;TSB=;Adi=;Bdi=1;TA=0;TB=2;Lco=17;S40=19;Noi dung=KNOCK OUT     50 ĐIỂM;Tran=VONG 16\n\nTenA=NGUYỄN NHẤT HÒA;TenB=THÓN VIẾT HOÀNG MINH;DiemA=35;DiemB=31;AvgA=2.059;AvgB=1.824;HR1A=6;HR2A=4;HR1B=9;HR2B=4;TSA=;TSB=;Adi=;Bdi=2;TA=0;TB=2;Lco=17;S40=19;Noi dung=KNOCK OUT     50 ĐIỂM;Tran=VONG 16\n\nTenA=NGUYỄN NHẤT HÒA;TenB=THÓN VIẾT HOÀNG MINH;DiemA=35;DiemB=31;AvgA=2.059;AvgB=1.824;HR1A=6;HR2A=4;HR1B=9;HR2B=4;TSA=;TSB=;Adi=0;Bdi=;TA=0;TB=2;Lco=18;S40=9;Noi dung=KNOCK OUT     50 ĐIỂM;Tran=VONG 16\n\nTenA=NGUYỄN NHẤT HÒA;TenB=THÓN VIẾT HOÀNG MINH;DiemA=36;DiemB=31;AvgA=2.000;AvgB=1.824;HR1A=6;HR2A=4;HR1B=9;HR2B=4;TSA=;TSB=;Adi=1;Bdi=;TA=0;TB=2;Lco=18;S40=15;Noi dung=KNOCK OUT     50 ĐIỂM;Tran=VONG 16\n\nTenA=NGUYỄN NHẤT HÒA;TenB=THÓN VIẾT HOÀNG MINH;DiemA=37;DiemB=31;AvgA=2.056;AvgB=1.824;HR1A=6;HR2A=4;HR1B=9;HR2B=4;TSA=;TSB=;Adi=2;Bdi=;TA=0;TB=2;Lco=18;S40=16;Noi dung=KNOCK OUT     50 ĐIỂM;Tran=VONG 16\n\nTenA=NGUYỄN NHẤT HÒA;TenB=THÓN VIẾT HOÀNG MINH;DiemA=37;DiemB=31;AvgA=2.056;AvgB=1.824;HR1A=6;HR2A=4;HR1B=9;HR2B=4;TSA=;TSB=;Adi=;Bdi=0;TA=0;TB=2;Lco=18;S40=11;Noi dung=KNOCK OUT     50 ĐIỂM;Tran=VONG 16\n\nTenA=NGUYỄN NHẤT HÒA;TenB=THÓN VIẾT HOÀNG MINH;DiemA=37;DiemB=32;AvgA=2.056;AvgB=1.778;HR1A=6;HR2A=4;HR1B=9;HR2B=4;TSA=;TSB=;Adi=;Bdi=1;TA=0;TB=2;Lco=18;S40=14;Noi dung=KNOCK OUT     50 ĐIỂM;Tran=VONG 16\n\nTenA=NGUYỄN NHẤT HÒA;TenB=THÓN VIẾT HOÀNG MINH;DiemA=37;DiemB=33;AvgA=2.056;AvgB=1.833;HR1A=6;HR2A=4;HR1B=9;HR2B=4;TSA=;TSB=;Adi=;Bdi=2;TA=0;TB=2;Lco=18;S40=13;Noi dung=KNOCK OUT     50 ĐIỂM;Tran=VONG 16\n\nTenA=NGUYỄN NHẤT HÒA;TenB=THÓN VIẾT HOÀNG MINH;DiemA=37;DiemB=34;AvgA=2.056;AvgB=1.889;HR1A=6;HR2A=4;HR1B=9;HR2B=4;TSA=;TSB=;Adi=;Bdi=3;TA=0;TB=2;Lco=18;S40=40;Noi dung=KNOCK OUT     50 ĐIỂM;Tran=VONG 16\n\nTenA=NGUYỄN NHẤT HÒA;TenB=THÓN VIẾT HOÀNG MINH;DiemA=37;DiemB=35;AvgA=2.056;AvgB=1.944;HR1A=6;HR2A=4;HR1B=9;HR2B=4;TSA=;TSB=;Adi=;Bdi=4;TA=0;TB=2;Lco=18;S40=16;Noi dung=KNOCK OUT     50 ĐIỂM;Tran=VONG 16\n\nTenA=NGUYỄN NHẤT HÒA;TenB=THÓN VIẾT HOÀNG MINH;DiemA=37;DiemB=35;AvgA=2.056;AvgB=1.944;HR1A=6;HR2A=4;HR1B=9;HR2B=4;TSA=;TSB=;Adi=0;Bdi=;TA=0;TB=2;Lco=19;S40=19;Noi dung=KNOCK OUT     50 ĐIỂM;Tran=VONG 16\n\nTenA=NGUYỄN NHẤT HÒA;TenB=THÓN VIẾT HOÀNG MINH;DiemA=38;DiemB=35;AvgA=2.000;AvgB=1.944;HR1A=6;HR2A=4;HR1B=9;HR2B=4;TSA=;TSB=;Adi=1;Bdi=;TA=0;TB=2;Lco=19;S40=7;Noi dung=KNOCK OUT     50 ĐIỂM;Tran=VONG 16\n\nTenA=NGUYỄN NHẤT HÒA;TenB=THÓN VIẾT HOÀNG MINH;DiemA=38;DiemB=35;AvgA=2.000;AvgB=1.944;HR1A=6;HR2A=4;HR1B=9;HR2B=4;TSA=;TSB=;Adi=;Bdi=0;TA=0;TB=2;Lco=19;S40=5;Noi dung=KNOCK OUT     50 ĐIỂM;Tran=VONG 16\n\nTenA=NGUYỄN NHẤT HÒA;TenB=THÓN VIẾT HOÀNG MINH;DiemA=38;DiemB=35;AvgA=2.000;AvgB=1.842;HR1A=6;HR2A=4;HR1B=9;HR2B=4;TSA=;TSB=;Adi=0;Bdi=;TA=0;TB=2;Lco=20;S40=15;Noi dung=KNOCK OUT     50 ĐIỂM;Tran=VONG 16\n\nTenA=NGUYỄN NHẤT HÒA;TenB=THÓN VIẾT HOÀNG MINH;DiemA=39;DiemB=35;AvgA=1.950;AvgB=1.842;HR1A=6;HR2A=4;HR1B=9;HR2B=4;TSA=;TSB=;Adi=1;Bdi=;TA=0;TB=2;Lco=20;S40=16;Noi dung=KNOCK OUT     50 ĐIỂM;Tran=VONG 16\n\nTenA=NGUYỄN NHẤT HÒA;TenB=THÓN VIẾT HOÀNG MINH;DiemA=39;DiemB=35;AvgA=1.950;AvgB=1.842;HR1A=6;HR2A=4;HR1B=9;HR2B=4;TSA=;TSB=;Adi=;Bdi=0;TA=0;TB=2;Lco=20;S40=6;Noi dung=KNOCK OUT     50 ĐIỂM;Tran=VONG 16\n\nTenA=NGUYỄN NHẤT HÒA;TenB=THÓN VIẾT HOÀNG MINH;DiemA=39;DiemB=36;AvgA=1.950;AvgB=1.800;HR1A=6;HR2A=4;HR1B=9;HR2B=4;TSA=;TSB=;Adi=;Bdi=1;TA=0;TB=2;Lco=20;S40=15;Noi dung=KNOCK OUT     50 ĐIỂM;Tran=VONG 16\n\nTenA=NGUYỄN NHẤT HÒA;TenB=THÓN VIẾT HOÀNG MINH;DiemA=39;DiemB=36;AvgA=1.950;AvgB=1.800;HR1A=6;HR2A=4;HR1B=9;HR2B=4;TSA=;TSB=;Adi=0;Bdi=;TA=0;TB=2;Lco=21;S40=20;Noi dung=KNOCK OUT     50 ĐIỂM;Tran=VONG 16\n\nTenA=NGUYỄN NHẤT HÒA;TenB=THÓN VIẾT HOÀNG MINH;DiemA=40;DiemB=36;AvgA=1.905;AvgB=1.800;HR1A=6;HR2A=4;HR1B=9;HR2B=4;TSA=;TSB=;Adi=1;Bdi=;TA=0;TB=2;Lco=21;S40=6;Noi dung=KNOCK OUT     50 ĐIỂM;Tran=VONG 16\n\nTenA=NGUYỄN NHẤT HÒA;TenB=THÓN VIẾT HOÀNG MINH;DiemA=41;DiemB=36;AvgA=1.952;AvgB=1.800;HR1A=6;HR2A=4;HR1B=9;HR2B=4;TSA=;TSB=;Adi=2;Bdi=;TA=0;TB=2;Lco=21;S40=16;Noi dung=KNOCK OUT     50 ĐIỂM;Tran=VONG 16\n\nTenA=NGUYỄN NHẤT HÒA;TenB=THÓN VIẾT HOÀNG MINH;DiemA=41;DiemB=36;AvgA=1.952;AvgB=1.800;HR1A=6;HR2A=4;HR1B=9;HR2B=4;TSA=;TSB=;Adi=;Bdi=0;TA=0;TB=2;Lco=21;S40=15;Noi dung=KNOCK OUT     50 ĐIỂM;Tran=VONG 16\n\nTenA=NGUYỄN NHẤT HÒA;TenB=THÓN VIẾT HOÀNG MINH;DiemA=41;DiemB=37;AvgA=1.952;AvgB=1.762;HR1A=6;HR2A=4;HR1B=9;HR2B=4;TSA=;TSB=;Adi=;Bdi=1;TA=0;TB=2;Lco=21;S40=17;Noi dung=KNOCK OUT     50 ĐIỂM;Tran=VONG 16\n\nTenA=NGUYỄN NHẤT HÒA;TenB=THÓN VIẾT HOÀNG MINH;DiemA=41;DiemB=38;AvgA=1.952;AvgB=1.810;HR1A=6;HR2A=4;HR1B=9;HR2B=4;TSA=;TSB=;Adi=;Bdi=2;TA=0;TB=2;Lco=21;S40=10;Noi dung=KNOCK OUT     50 ĐIỂM;Tran=VONG 16\n\nTenA=NGUYỄN NHẤT HÒA;TenB=THÓN VIẾT HOÀNG MINH;DiemA=41;DiemB=39;AvgA=1.952;AvgB=1.857;HR1A=6;HR2A=4;HR1B=9;HR2B=4;TSA=;TSB=;Adi=;Bdi=3;TA=0;TB=2;Lco=21;S40=9;Noi dung=KNOCK OUT     50 ĐIỂM;Tran=VONG 16\n\nTenA=NGUYỄN NHẤT HÒA;TenB=THÓN VIẾT HOÀNG MINH;DiemA=41;DiemB=39;AvgA=1.952;AvgB=1.857;HR1A=6;HR2A=4;HR1B=9;HR2B=4;TSA=;TSB=;Adi=0;Bdi=;TA=0;TB=2;Lco=22;S40=4;Noi dung=KNOCK OUT     50 ĐIỂM;Tran=VONG 16\n\nTenA=NGUYỄN NHẤT HÒA;TenB=THÓN VIẾT HOÀNG MINH;DiemA=41;DiemB=39;AvgA=1.864;AvgB=1.857;HR1A=6;HR2A=4;HR1B=9;HR2B=4;TSA=;TSB=;Adi=;Bdi=0;TA=0;TB=2;Lco=22;S40=9;Noi dung=KNOCK OUT     50 ĐIỂM;Tran=VONG 16\n\nTenA=NGUYỄN NHẤT HÒA;TenB=THÓN VIẾT HOÀNG MINH;DiemA=41;DiemB=40;AvgA=1.864;AvgB=1.818;HR1A=6;HR2A=4;HR1B=9;HR2B=4;TSA=;TSB=;Adi=;Bdi=1;TA=0;TB=2;Lco=22;S40=14;Noi dung=KNOCK OUT     50 ĐIỂM;Tran=VONG 16\n\nTenA=NGUYỄN NHẤT HÒA;TenB=THÓN VIẾT HOÀNG MINH;DiemA=41;DiemB=41;AvgA=1.864;AvgB=1.864;HR1A=6;HR2A=4;HR1B=9;HR2B=4;TSA=;TSB=;Adi=;Bdi=2;TA=0;TB=2;Lco=22;S40=14;Noi dung=KNOCK OUT     50 ĐIỂM;Tran=VONG 16\n\nTenA=NGUYỄN NHẤT HÒA;TenB=THÓN VIẾT HOÀNG MINH;DiemA=41;DiemB=41;AvgA=1.864;AvgB=1.864;HR1A=6;HR2A=4;HR1B=9;HR2B=4;TSA=;TSB=;Adi=0;Bdi=;TA=0;TB=2;Lco=23;S40=16;Noi dung=KNOCK OUT     50 ĐIỂM;Tran=VONG 16\n\nTenA=NGUYỄN NHẤT HÒA;TenB=THÓN VIẾT HOÀNG MINH;DiemA=42;DiemB=41;AvgA=1.826;AvgB=1.864;HR1A=6;HR2A=4;HR1B=9;HR2B=4;TSA=;TSB=;Adi=1;Bdi=;TA=0;TB=2;Lco=23;S40=8;Noi dung=KNOCK OUT     50 ĐIỂM;Tran=VONG 16\n\nTenA=NGUYỄN NHẤT HÒA;TenB=THÓN VIẾT HOÀNG MINH;DiemA=43;DiemB=41;AvgA=1.870;AvgB=1.864;HR1A=6;HR2A=4;HR1B=9;HR2B=4;TSA=;TSB=;Adi=2;Bdi=;TA=0;TB=2;Lco=23;S40=17;Noi dung=KNOCK OUT     50 ĐIỂM;Tran=VONG 16\n\nTenA=NGUYỄN NHẤT HÒA;TenB=THÓN VIẾT HOÀNG MINH;DiemA=44;DiemB=41;AvgA=1.913;AvgB=1.864;HR1A=6;HR2A=4;HR1B=9;HR2B=4;TSA=;TSB=;Adi=3;Bdi=;TA=2;TB=2;Lco=23;S40=26;Noi dung=KNOCK OUT     50 ĐIỂM;Tran=VONG 16\n\nTenA=NGUYỄN NHẤT HÒA;TenB=THÓN VIẾT HOÀNG MINH;DiemA=44;DiemB=41;AvgA=1.913;AvgB=1.864;HR1A=6;HR2A=4;HR1B=9;HR2B=4;TSA=;TSB=;Adi=;Bdi=0;TA=2;TB=2;Lco=23;S40=5;Noi dung=KNOCK OUT     50 ĐIỂM;Tran=VONG 16\n\nTenA=NGUYỄN NHẤT HÒA;TenB=THÓN VIẾT HOÀNG MINH;DiemA=44;DiemB=42;AvgA=1.913;AvgB=1.826;HR1A=6;HR2A=4;HR1B=9;HR2B=4;TSA=;TSB=;Adi=;Bdi=1;TA=2;TB=2;Lco=23;S40=11;Noi dung=KNOCK OUT     50 ĐIỂM;Tran=VONG 16\n\nTenA=NGUYỄN NHẤT HÒA;TenB=THÓN VIẾT HOÀNG MINH;DiemA=44;DiemB=42;AvgA=1.913;AvgB=1.826;HR1A=6;HR2A=4;HR1B=9;HR2B=4;TSA=;TSB=;Adi=0;Bdi=;TA=2;TB=2;Lco=24;S40=16;Noi dung=KNOCK OUT     50 ĐIỂM;Tran=VONG 16\n\nTenA=NGUYỄN NHẤT HÒA;TenB=THÓN VIẾT HOÀNG MINH;DiemA=45;DiemB=42;AvgA=1.875;AvgB=1.826;HR1A=6;HR2A=4;HR1B=9;HR2B=4;TSA=;TSB=;Adi=1;Bdi=;TA=2;TB=2;Lco=24;S40=15;Noi dung=KNOCK OUT     50 ĐIỂM;Tran=VONG 16\n\nTenA=NGUYỄN NHẤT HÒA;TenB=THÓN VIẾT HOÀNG MINH;DiemA=46;DiemB=42;AvgA=1.917;AvgB=1.826;HR1A=6;HR2A=4;HR1B=9;HR2B=4;TSA=;TSB=;Adi=2;Bdi=;TA=2;TB=2;Lco=24;S40=18;Noi dung=KNOCK OUT     50 ĐIỂM;Tran=VONG 16\n\nTenA=NGUYỄN NHẤT HÒA;TenB=THÓN VIẾT HOÀNG MINH;DiemA=46;DiemB=42;AvgA=1.917;AvgB=1.826;HR1A=6;HR2A=4;HR1B=9;HR2B=4;TSA=;TSB=;Adi=;Bdi=0;TA=2;TB=1;Lco=24;S40=26;Noi dung=KNOCK OUT     50 ĐIỂM;Tran=VONG 16\n\nTenA=NGUYỄN NHẤT HÒA;TenB=THÓN VIẾT HOÀNG MINH;DiemA=46;DiemB=43;AvgA=1.917;AvgB=1.792;HR1A=6;HR2A=4;HR1B=9;HR2B=4;TSA=;TSB=;Adi=;Bdi=1;TA=2;TB=1;Lco=24;S40=7;Noi dung=KNOCK OUT     50 ĐIỂM;Tran=VONG 16\n\nTenA=NGUYỄN NHẤT HÒA;TenB=THÓN VIẾT HOÀNG MINH;DiemA=46;DiemB=43;AvgA=1.917;AvgB=1.792;HR1A=6;HR2A=4;HR1B=9;HR2B=4;TSA=;TSB=;Adi=0;Bdi=;TA=2;TB=1;Lco=25;S40=2;Noi dung=KNOCK OUT     50 ĐIỂM;Tran=VONG 16\n\nTenA=NGUYỄN NHẤT HÒA;TenB=THÓN VIẾT HOÀNG MINH;DiemA=46;DiemB=43;AvgA=1.840;AvgB=1.792;HR1A=6;HR2A=4;HR1B=9;HR2B=4;TSA=;TSB=;Adi=;Bdi=0;TA=2;TB=1;Lco=25;S40=17;Noi dung=KNOCK OUT     50 ĐIỂM;Tran=VONG 16\n\nTenA=NGUYỄN NHẤT HÒA;TenB=THÓN VIẾT HOÀNG MINH;DiemA=46;DiemB=44;AvgA=1.840;AvgB=1.760;HR1A=6;HR2A=4;HR1B=9;HR2B=4;TSA=;TSB=;Adi=;Bdi=1;TA=2;TB=1;Lco=25;S40=9;Noi dung=KNOCK OUT     50 ĐIỂM;Tran=VONG 16\n\nTenA=NGUYỄN NHẤT HÒA;TenB=THÓN VIẾT HOÀNG MINH;DiemA=46;DiemB=45;AvgA=1.840;AvgB=1.800;HR1A=6;HR2A=4;HR1B=9;HR2B=4;TSA=;TSB=;Adi=;Bdi=2;TA=2;TB=1;Lco=25;S40=7;Noi dung=KNOCK OUT     50 ĐIỂM;Tran=VONG 16\n\nTenA=NGUYỄN NHẤT HÒA;TenB=THÓN VIẾT HOÀNG MINH;DiemA=46;DiemB=46;AvgA=1.840;AvgB=1.840;HR1A=6;HR2A=4;HR1B=9;HR2B=4;TSA=;TSB=;Adi=;Bdi=3;TA=2;TB=1;Lco=25;S40=20;Noi dung=KNOCK OUT     50 ĐIỂM;Tran=VONG 16\n\nTenA=NGUYỄN NHẤT HÒA;TenB=THÓN VIẾT HOÀNG MINH;DiemA=46;DiemB=47;AvgA=1.840;AvgB=1.880;HR1A=6;HR2A=4;HR1B=9;HR2B=4;TSA=;TSB=;Adi=;Bdi=4;TA=2;TB=1;Lco=25;S40=12;Noi dung=KNOCK OUT     50 ĐIỂM;Tran=VONG 16\n\nTenA=NGUYỄN NHẤT HÒA;TenB=THÓN VIẾT HOÀNG MINH;DiemA=46;DiemB=48;AvgA=1.840;AvgB=1.920;HR1A=6;HR2A=4;HR1B=9;HR2B=5;TSA=;TSB=;Adi=;Bdi=5;TA=2;TB=1;Lco=25;S40=10;Noi dung=KNOCK OUT     50 ĐIỂM;Tran=VONG 16\n\nTenA=NGUYỄN NHẤT HÒA;TenB=THÓN VIẾT HOÀNG MINH;DiemA=46;DiemB=48;AvgA=1.840;AvgB=1.920;HR1A=6;HR2A=4;HR1B=9;HR2B=5;TSA=;TSB=;Adi=0;Bdi=;TA=2;TB=1;Lco=26;S40=16;Noi dung=KNOCK OUT     50 ĐIỂM;Tran=VONG 16\n\nTenA=NGUYỄN NHẤT HÒA;TenB=THÓN VIẾT HOÀNG MINH;DiemA=47;DiemB=48;AvgA=1.808;AvgB=1.920;HR1A=6;HR2A=4;HR1B=9;HR2B=5;TSA=;TSB=;Adi=1;Bdi=;TA=2;TB=1;Lco=26;S40=19;Noi dung=KNOCK OUT     50 ĐIỂM;Tran=VONG 16\n\nTenA=NGUYỄN NHẤT HÒA;TenB=THÓN VIẾT HOÀNG MINH;DiemA=48;DiemB=48;AvgA=1.846;AvgB=1.920;HR1A=6;HR2A=4;HR1B=9;HR2B=5;TSA=;TSB=;Adi=2;Bdi=;TA=2;TB=1;Lco=26;S40=7;Noi dung=KNOCK OUT     50 ĐIỂM;Tran=VONG 16\n\nTenA=NGUYỄN NHẤT HÒA;TenB=THÓN VIẾT HOÀNG MINH;DiemA=48;DiemB=48;AvgA=1.846;AvgB=1.920;HR1A=6;HR2A=4;HR1B=9;HR2B=5;TSA=;TSB=;Adi=;Bdi=0;TA=2;TB=1;Lco=26;S40=14;Noi dung=KNOCK OUT     50 ĐIỂM;Tran=VONG 16\n\nTenA=NGUYỄN NHẤT HÒA;TenB=THÓN VIẾT HOÀNG MINH;DiemA=48;DiemB=49;AvgA=1.846;AvgB=1.885;HR1A=6;HR2A=4;HR1B=9;HR2B=5;TSA=;TSB=;Adi=;Bdi=1;TA=2;TB=1;Lco=26;S40=17;Noi dung=KNOCK OUT     50 ĐIỂM;Tran=VONG 16\n\nTenA=NGUYỄN NHẤT HÒA;TenB=THÓN VIẾT HOÀNG MINH;DiemA=0;DiemB=0;AvgA=0.000;AvgB=0.000;HR1A=0;HR2A=0;HR1B=0;HR2B=0;TSA=;TSB=;Adi=0;Bdi=;TA=2;TB=2;Lco=1;S40=40;Noi dung=KNOCK OUT     50 ĐIỂM;Tran=VONG 16\n\nTenA=THÓN VIẾT HOÀNG MINH;TenB=NGUYỄN NHẤT HÒA;DiemA=0;DiemB=0;AvgA=0.000;AvgB=0.000;HR1A=0;HR2A=0;HR1B=0;HR2B=0;TSA=;TSB=;Adi=0;Bdi=;TA=2;TB=2;Lco=1;S40=40;Noi dung=KNOCK OUT     50 ĐIỂM;Tran=VONG 16\n\nTenA=LÊ HOÀNG KIM;TenB=NGUYỄN HỮU THANH;DiemA=0;DiemB=0;AvgA=0.000;AvgB=0.000;HR1A=0;HR2A=0;HR1B=0;HR2B=0;TSA=;TSB=;Adi=0;Bdi=;TA=2;TB=2;Lco=1;S40=40;Noi dung=KNOCK OUT     50 ĐIỂM;Tran=TỨ KẾT\nTenA=NGUYỄN HỮU THANH;TenB=LÊ HOÀNG KIM;DiemA=0;DiemB=0;AvgA=0.000;AvgB=0.000;HR1A=0;HR2A=0;HR1B=0;HR2B=0;TSA=;TSB=;Adi=0;Bdi=;TA=2;TB=2;Lco=1;S40=33;Noi dung=KNOCK OUT     50 ĐIỂM;Tran=TỨ KẾT\nTenA=NGUYỄN HỮU THANH;TenB=LÊ HOÀNG KIM;DiemA=0;DiemB=0;AvgA=0.000;AvgB=0.000;HR1A=0;HR2A=0;HR1B=0;HR2B=0;TSA=;TSB=;Adi=;Bdi=0;TA=2;TB=2;Lco=1;S40=00:00:00;Noi dung=KNOCK OUT     50 ĐIỂM;Tran=TỨ KẾT\nTenA=NGUYỄN HỮU THANH;TenB=LÊ HOÀNG KIM;DiemA=0;DiemB=1;AvgA=0.000;AvgB=1.000;HR1A=0;HR2A=0;HR1B=1;HR2B=0;TSA=;TSB=;Adi=;Bdi=1;TA=2;TB=2;Lco=1;S40=22;Noi dung=KNOCK OUT     50 ĐIỂM;Tran=TỨ KẾT\nTenA=NGUYỄN HỮU THANH;TenB=LÊ HOÀNG KIM;DiemA=0;DiemB=2;AvgA=0.000;AvgB=2.000;HR1A=0;HR2A=0;HR1B=2;HR2B=0;TSA=;TSB=;Adi=;Bdi=2;TA=2;TB=2;Lco=1;S40=23;Noi dung=KNOCK OUT     50 ĐIỂM;Tran=TỨ KẾT\nTenA=NGUYỄN HỮU THANH;TenB=LÊ HOÀNG KIM;DiemA=0;DiemB=3;AvgA=0.000;AvgB=3.000;HR1A=0;HR2A=0;HR1B=3;HR2B=0;TSA=;TSB=;Adi=;Bdi=3;TA=2;TB=2;Lco=1;S40=16;Noi dung=KNOCK OUT     50 ĐIỂM;Tran=TỨ KẾT\nTenA=NGUYỄN HỮU THANH;TenB=LÊ HOÀNG KIM;DiemA=0;DiemB=4;AvgA=0.000;AvgB=4.000;HR1A=0;HR2A=0;HR1B=4;HR2B=0;TSA=;TSB=;Adi=;Bdi=4;TA=2;TB=2;Lco=1;S40=14;Noi dung=KNOCK OUT     50 ĐIỂM;Tran=TỨ KẾT\nTenA=NGUYỄN HỮU THANH;TenB=LÊ HOÀNG KIM;DiemA=0;DiemB=4;AvgA=0.000;AvgB=4.000;HR1A=0;HR2A=0;HR1B=4;HR2B=0;TSA=;TSB=;Adi=0;Bdi=;TA=2;TB=2;Lco=2;S40=10;Noi dung=KNOCK OUT     50 ĐIỂM;Tran=TỨ KẾT\nTenA=NGUYỄN HỮU THANH;TenB=LÊ HOÀNG KIM;DiemA=0;DiemB=4;AvgA=0.000;AvgB=4.000;HR1A=0;HR2A=0;HR1B=4;HR2B=0;TSA=;TSB=;Adi=;Bdi=0;TA=2;TB=2;Lco=2;S40=20;Noi dung=KNOCK OUT     50 ĐIỂM;Tran=TỨ KẾT\nTenA=NGUYỄN HỮU THANH;TenB=LÊ HOÀNG KIM;DiemA=0;DiemB=5;AvgA=0.000;AvgB=2.500;HR1A=0;HR2A=0;HR1B=4;HR2B=1;TSA=;TSB=;Adi=;Bdi=1;TA=2;TB=2;Lco=2;S40=12;Noi dung=KNOCK OUT     50 ĐIỂM;Tran=TỨ KẾT\nTenA=NGUYỄN HỮU THANH;TenB=LÊ HOÀNG KIM;DiemA=0;DiemB=5;AvgA=0.000;AvgB=2.500;HR1A=0;HR2A=0;HR1B=4;HR2B=1;TSA=;TSB=;Adi=0;Bdi=;TA=2;TB=2;Lco=3;S40=6;Noi dung=KNOCK OUT     50 ĐIỂM;Tran=TỨ KẾT\nTenA=NGUYỄN HỮU THANH;TenB=LÊ HOÀNG KIM;DiemA=0;DiemB=5;AvgA=0.000;AvgB=2.500;HR1A=0;HR2A=0;HR1B=4;HR2B=1;TSA=;TSB=;Adi=;Bdi=0;TA=2;TB=2;Lco=3;S40=4;Noi dung=KNOCK OUT     50 ĐIỂM;Tran=TỨ KẾT\nTenA=NGUYỄN HỮU THANH;TenB=LÊ HOÀNG KIM;DiemA=0;DiemB=5;AvgA=0.000;AvgB=1.667;HR1A=0;HR2A=0;HR1B=4;HR2B=1;TSA=;TSB=;Adi=0;Bdi=;TA=2;TB=2;Lco=4;S40=4;Noi dung=KNOCK OUT     50 ĐIỂM;Tran=TỨ KẾT\nTenA=NGUYỄN HỮU THANH;TenB=LÊ HOÀNG KIM;DiemA=0;DiemB=5;AvgA=0.000;AvgB=1.667;HR1A=0;HR2A=0;HR1B=4;HR2B=1;TSA=;TSB=;Adi=;Bdi=0;TA=2;TB=1;Lco=4;S40=13;Noi dung=KNOCK OUT     50 ĐIỂM;Tran=TỨ KẾT\nTenA=NGUYỄN HỮU THANH;TenB=LÊ HOÀNG KIM;DiemA=0;DiemB=5;AvgA=0.000;AvgB=1.250;HR1A=0;HR2A=0;HR1B=4;HR2B=1;TSA=;TSB=;Adi=0;Bdi=;TA=2;TB=1;Lco=5;S40=40;Noi dung=KNOCK OUT     50 ĐIỂM;Tran=TỨ KẾT\nTenA=NGUYỄN HỮU THANH;TenB=LÊ HOÀNG KIM;DiemA=1;DiemB=5;AvgA=0.200;AvgB=1.250;HR1A=1;HR2A=0;HR1B=4;HR2B=1;TSA=;TSB=;Adi=1;Bdi=;TA=2;TB=1;Lco=5;S40=15;Noi dung=KNOCK OUT     50 ĐIỂM;Tran=TỨ KẾT\nTenA=NGUYỄN HỮU THANH;TenB=LÊ HOÀNG KIM;DiemA=2;DiemB=5;AvgA=0.400;AvgB=1.250;HR1A=2;HR2A=0;HR1B=4;HR2B=1;TSA=;TSB=;Adi=2;Bdi=;TA=2;TB=1;Lco=5;S40=7;Noi dung=KNOCK OUT     50 ĐIỂM;Tran=TỨ KẾT\nTenA=NGUYỄN HỮU THANH;TenB=LÊ HOÀNG KIM;DiemA=2;DiemB=5;AvgA=0.400;AvgB=1.250;HR1A=2;HR2A=0;HR1B=4;HR2B=1;TSA=;TSB=;Adi=;Bdi=0;TA=2;TB=0;Lco=5;S40=18;Noi dung=KNOCK OUT     50 ĐIỂM;Tran=TỨ KẾT\nTenA=NGUYỄN HỮU THANH;TenB=LÊ HOÀNG KIM;DiemA=2;DiemB=5;AvgA=0.400;AvgB=1.000;HR1A=2;HR2A=0;HR1B=4;HR2B=1;TSA=;TSB=;Adi=0;Bdi=;TA=2;TB=0;Lco=6;S40=14;Noi dung=KNOCK OUT     50 ĐIỂM;Tran=TỨ KẾT\nTenA=NGUYỄN HỮU THANH;TenB=LÊ HOÀNG KIM;DiemA=2;DiemB=5;AvgA=0.333;AvgB=1.000;HR1A=2;HR2A=0;HR1B=4;HR2B=1;TSA=;TSB=;Adi=;Bdi=0;TA=2;TB=0;Lco=6;S40=12;Noi dung=KNOCK OUT     50 ĐIỂM;Tran=TỨ KẾT\nTenA=NGUYỄN HỮU THANH;TenB=LÊ HOÀNG KIM;DiemA=2;DiemB=5;AvgA=0.333;AvgB=0.833;HR1A=2;HR2A=0;HR1B=4;HR2B=1;TSA=;TSB=;Adi=0;Bdi=;TA=2;TB=0;Lco=7;S40=6;Noi dung=KNOCK OUT     50 ĐIỂM;Tran=TỨ KẾT\nTenA=NGUYỄN HỮU THANH;TenB=LÊ HOÀNG KIM;DiemA=3;DiemB=5;AvgA=0.429;AvgB=0.833;HR1A=2;HR2A=1;HR1B=4;HR2B=1;TSA=;TSB=;Adi=1;Bdi=;TA=2;TB=0;Lco=7;S40=8;Noi dung=KNOCK OUT     50 ĐIỂM;Tran=TỨ KẾT\nTenA=NGUYỄN HỮU THANH;TenB=LÊ HOÀNG KIM;DiemA=3;DiemB=5;AvgA=0.429;AvgB=0.833;HR1A=2;HR2A=1;HR1B=4;HR2B=1;TSA=;TSB=;Adi=;Bdi=0;TA=2;TB=0;Lco=7;S40=13;Noi dung=KNOCK OUT     50 ĐIỂM;Tran=TỨ KẾT\nTenA=NGUYỄN HỮU THANH;TenB=LÊ HOÀNG KIM;DiemA=3;DiemB=5;AvgA=0.429;AvgB=0.714;HR1A=2;HR2A=1;HR1B=4;HR2B=1;TSA=;TSB=;Adi=0;Bdi=;TA=2;TB=0;Lco=8;S40=5;Noi dung=KNOCK OUT     50 ĐIỂM;Tran=TỨ KẾT\nTenA=NGUYỄN HỮU THANH;TenB=LÊ HOÀNG KIM;DiemA=3;DiemB=5;AvgA=0.375;AvgB=0.714;HR1A=2;HR2A=1;HR1B=4;HR2B=1;TSA=;TSB=;Adi=;Bdi=0;TA=2;TB=0;Lco=8;S40=19;Noi dung=KNOCK OUT     50 ĐIỂM;Tran=TỨ KẾT\nTenA=NGUYỄN HỮU THANH;TenB=LÊ HOÀNG KIM;DiemA=3;DiemB=6;AvgA=0.375;AvgB=0.750;HR1A=2;HR2A=1;HR1B=4;HR2B=1;TSA=;TSB=;Adi=;Bdi=1;TA=2;TB=0;Lco=8;S40=9;Noi dung=KNOCK OUT     50 ĐIỂM;Tran=TỨ KẾT\nTenA=NGUYỄN HỮU THANH;TenB=LÊ HOÀNG KIM;DiemA=3;DiemB=6;AvgA=0.375;AvgB=0.750;HR1A=2;HR2A=1;HR1B=4;HR2B=1;TSA=;TSB=;Adi=0;Bdi=;TA=2;TB=0;Lco=9;S40=40;Noi dung=KNOCK OUT     50 ĐIỂM;Tran=TỨ KẾT\nTenA=NGUYỄN HỮU THANH;TenB=LÊ HOÀNG KIM;DiemA=4;DiemB=6;AvgA=0.444;AvgB=0.750;HR1A=2;HR2A=1;HR1B=4;HR2B=1;TSA=;TSB=;Adi=1;Bdi=;TA=2;TB=0;Lco=9;S40=15;Noi dung=KNOCK OUT     50 ĐIỂM;Tran=TỨ KẾT\nTenA=NGUYỄN HỮU THANH;TenB=LÊ HOÀNG KIM;DiemA=5;DiemB=6;AvgA=0.556;AvgB=0.750;HR1A=2;HR2A=2;HR1B=4;HR2B=1;TSA=;TSB=;Adi=2;Bdi=;TA=2;TB=0;Lco=9;S40=10;Noi dung=KNOCK OUT     50 ĐIỂM;Tran=TỨ KẾT\nTenA=NGUYỄN HỮU THANH;TenB=LÊ HOÀNG KIM;DiemA=6;DiemB=6;AvgA=0.667;AvgB=0.750;HR1A=3;HR2A=2;HR1B=4;HR2B=1;TSA=;TSB=;Adi=3;Bdi=;TA=2;TB=0;Lco=9;S40=11;Noi dung=KNOCK OUT     50 ĐIỂM;Tran=TỨ KẾT\nTenA=NGUYỄN HỮU THANH;TenB=LÊ HOÀNG KIM;DiemA=6;DiemB=6;AvgA=0.667;AvgB=0.750;HR1A=3;HR2A=2;HR1B=4;HR2B=1;TSA=;TSB=;Adi=;Bdi=0;TA=2;TB=0;Lco=9;S40=9;Noi dung=KNOCK OUT     50 ĐIỂM;Tran=TỨ KẾT\nTenA=NGUYỄN HỮU THANH;TenB=LÊ HOÀNG KIM;DiemA=6;DiemB=7;AvgA=0.667;AvgB=0.778;HR1A=3;HR2A=2;HR1B=4;HR2B=1;TSA=;TSB=;Adi=;Bdi=1;TA=2;TB=0;Lco=9;S40=16;Noi dung=KNOCK OUT     50 ĐIỂM;Tran=TỨ KẾT\nTenA=NGUYỄN HỮU THANH;TenB=LÊ HOÀNG KIM;DiemA=6;DiemB=8;AvgA=0.667;AvgB=0.889;HR1A=3;HR2A=2;HR1B=4;HR2B=2;TSA=;TSB=;Adi=;Bdi=2;TA=2;TB=0;Lco=9;S40=13;Noi dung=KNOCK OUT     50 ĐIỂM;Tran=TỨ KẾT\nTenA=NGUYỄN HỮU THANH;TenB=LÊ HOÀNG KIM;DiemA=6;DiemB=9;AvgA=0.667;AvgB=1.000;HR1A=3;HR2A=2;HR1B=4;HR2B=3;TSA=;TSB=;Adi=;Bdi=3;TA=2;TB=0;Lco=9;S40=14;Noi dung=KNOCK OUT     50 ĐIỂM;Tran=TỨ KẾT\nTenA=NGUYỄN HỮU THANH;TenB=LÊ HOÀNG KIM;DiemA=6;DiemB=9;AvgA=0.667;AvgB=1.000;HR1A=3;HR2A=2;HR1B=4;HR2B=3;TSA=;TSB=;Adi=0;Bdi=;TA=2;TB=0;Lco=10;S40=4;Noi dung=KNOCK OUT     50 ĐIỂM;Tran=TỨ KẾT\nTenA=NGUYỄN HỮU THANH;TenB=LÊ HOÀNG KIM;DiemA=6;DiemB=9;AvgA=0.600;AvgB=1.000;HR1A=3;HR2A=2;HR1B=4;HR2B=3;TSA=;TSB=;Adi=;Bdi=0;TA=2;TB=0;Lco=10;S40=10;Noi dung=KNOCK OUT     50 ĐIỂM;Tran=TỨ KẾT\nTenA=NGUYỄN HỮU THANH;TenB=LÊ HOÀNG KIM;DiemA=6;DiemB=10;AvgA=0.600;AvgB=1.000;HR1A=3;HR2A=2;HR1B=4;HR2B=3;TSA=;TSB=;Adi=;Bdi=1;TA=2;TB=0;Lco=10;S40=6;Noi dung=KNOCK OUT     50 ĐIỂM;Tran=TỨ KẾT\nTenA=NGUYỄN HỮU THANH;TenB=LÊ HOÀNG KIM;DiemA=6;DiemB=11;AvgA=0.600;AvgB=1.100;HR1A=3;HR2A=2;HR1B=4;HR2B=3;TSA=;TSB=;Adi=;Bdi=2;TA=2;TB=0;Lco=10;S40=12;Noi dung=KNOCK OUT     50 ĐIỂM;Tran=TỨ KẾT\nTenA=NGUYỄN HỮU THANH;TenB=LÊ HOÀNG KIM;DiemA=6;DiemB=12;AvgA=0.600;AvgB=1.200;HR1A=3;HR2A=2;HR1B=4;HR2B=3;TSA=;TSB=;Adi=;Bdi=3;TA=2;TB=0;Lco=10;S40=10;Noi dung=KNOCK OUT     50 ĐIỂM;Tran=TỨ KẾT\nTenA=NGUYỄN HỮU THANH;TenB=LÊ HOÀNG KIM;DiemA=6;DiemB=13;AvgA=0.600;AvgB=1.300;HR1A=3;HR2A=2;HR1B=4;HR2B=4;TSA=;TSB=;Adi=;Bdi=4;TA=2;TB=0;Lco=10;S40=19;Noi dung=KNOCK OUT     50 ĐIỂM;Tran=TỨ KẾT\nTenA=NGUYỄN HỮU THANH;TenB=LÊ HOÀNG KIM;DiemA=6;DiemB=13;AvgA=0.600;AvgB=1.300;HR1A=3;HR2A=2;HR1B=4;HR2B=4;TSA=;TSB=;Adi=0;Bdi=;TA=2;TB=0;Lco=11;S40=10;Noi dung=KNOCK OUT     50 ĐIỂM;Tran=TỨ KẾT\nTenA=NGUYỄN HỮU THANH;TenB=LÊ HOÀNG KIM;DiemA=6;DiemB=13;AvgA=0.545;AvgB=1.300;HR1A=3;HR2A=2;HR1B=4;HR2B=4;TSA=;TSB=;Adi=;Bdi=0;TA=2;TB=0;Lco=11;S40=21;Noi dung=KNOCK OUT     50 ĐIỂM;Tran=TỨ KẾT\nTenA=NGUYỄN HỮU THANH;TenB=LÊ HOÀNG KIM;DiemA=6;DiemB=14;AvgA=0.545;AvgB=1.273;HR1A=3;HR2A=2;HR1B=4;HR2B=4;TSA=;TSB=;Adi=;Bdi=1;TA=2;TB=0;Lco=11;S40=8;Noi dung=KNOCK OUT     50 ĐIỂM;Tran=TỨ KẾT\nTenA=NGUYỄN HỮU THANH;TenB=LÊ HOÀNG KIM;DiemA=6;DiemB=14;AvgA=0.545;AvgB=1.273;HR1A=3;HR2A=2;HR1B=4;HR2B=4;TSA=;TSB=;Adi=0;Bdi=;TA=2;TB=0;Lco=12;S40=19;Noi dung=KNOCK OUT     50 ĐIỂM;Tran=TỨ KẾT\nTenA=NGUYỄN HỮU THANH;TenB=LÊ HOÀNG KIM;DiemA=7;DiemB=14;AvgA=0.583;AvgB=1.273;HR1A=3;HR2A=2;HR1B=4;HR2B=4;TSA=;TSB=;Adi=1;Bdi=;TA=2;TB=0;Lco=12;S40=7;Noi dung=KNOCK OUT     50 ĐIỂM;Tran=TỨ KẾT\nTenA=NGUYỄN HỮU THANH;TenB=LÊ HOÀNG KIM;DiemA=7;DiemB=14;AvgA=0.583;AvgB=1.273;HR1A=3;HR2A=2;HR1B=4;HR2B=4;TSA=;TSB=;Adi=;Bdi=0;TA=2;TB=0;Lco=12;S40=5;Noi dung=KNOCK OUT     50 ĐIỂM;Tran=TỨ KẾT\nTenA=NGUYỄN HỮU THANH;TenB=LÊ HOÀNG KIM;DiemA=7;DiemB=15;AvgA=0.583;AvgB=1.250;HR1A=3;HR2A=2;HR1B=4;HR2B=4;TSA=;TSB=;Adi=;Bdi=1;TA=2;TB=0;Lco=12;S40=11;Noi dung=KNOCK OUT     50 ĐIỂM;Tran=TỨ KẾT\nTenA=NGUYỄN HỮU THANH;TenB=LÊ HOÀNG KIM;DiemA=7;DiemB=15;AvgA=0.583;AvgB=1.250;HR1A=3;HR2A=2;HR1B=4;HR2B=4;TSA=;TSB=;Adi=0;Bdi=;TA=2;TB=0;Lco=13;S40=4;Noi dung=KNOCK OUT     50 ĐIỂM;Tran=TỨ KẾT\nTenA=NGUYỄN HỮU THANH;TenB=LÊ HOÀNG KIM;DiemA=7;DiemB=15;AvgA=0.538;AvgB=1.250;HR1A=3;HR2A=2;HR1B=4;HR2B=4;TSA=;TSB=;Adi=;Bdi=0;TA=2;TB=0;Lco=13;S40=14;Noi dung=KNOCK OUT     50 ĐIỂM;Tran=TỨ KẾT\nTenA=NGUYỄN HỮU THANH;TenB=LÊ HOÀNG KIM;DiemA=7;DiemB=16;AvgA=0.538;AvgB=1.231;HR1A=3;HR2A=2;HR1B=4;HR2B=4;TSA=;TSB=;Adi=;Bdi=1;TA=2;TB=0;Lco=13;S40=40;Noi dung=KNOCK OUT     50 ĐIỂM;Tran=TỨ KẾT\nTenA=NGUYỄN HỮU THANH;TenB=LÊ HOÀNG KIM;DiemA=7;DiemB=17;AvgA=0.538;AvgB=1.308;HR1A=3;HR2A=2;HR1B=4;HR2B=4;TSA=;TSB=;Adi=;Bdi=2;TA=2;TB=0;Lco=13;S40=14;Noi dung=KNOCK OUT     50 ĐIỂM;Tran=TỨ KẾT\nTenA=NGUYỄN HỮU THANH;TenB=LÊ HOÀNG KIM;DiemA=7;DiemB=17;AvgA=0.538;AvgB=1.308;HR1A=3;HR2A=2;HR1B=4;HR2B=4;TSA=;TSB=;Adi=0;Bdi=;TA=2;TB=0;Lco=14;S40=15;Noi dung=KNOCK OUT     50 ĐIỂM;Tran=TỨ KẾT\nTenA=NGUYỄN HỮU THANH;TenB=LÊ HOÀNG KIM;DiemA=8;DiemB=17;AvgA=0.571;AvgB=1.308;HR1A=3;HR2A=2;HR1B=4;HR2B=4;TSA=;TSB=;Adi=1;Bdi=;TA=2;TB=0;Lco=14;S40=4;Noi dung=KNOCK OUT     50 ĐIỂM;Tran=TỨ KẾT\nTenA=NGUYỄN HỮU THANH;TenB=LÊ HOÀNG KIM;DiemA=8;DiemB=17;AvgA=0.571;AvgB=1.308;HR1A=3;HR2A=2;HR1B=4;HR2B=4;TSA=;TSB=;Adi=;Bdi=0;TA=2;TB=0;Lco=14;S40=4;Noi dung=KNOCK OUT     50 ĐIỂM;Tran=TỨ KẾT\nTenA=NGUYỄN HỮU THANH;TenB=LÊ HOÀNG KIM;DiemA=8;DiemB=17;AvgA=0.571;AvgB=1.214;HR1A=3;HR2A=2;HR1B=4;HR2B=4;TSA=;TSB=;Adi=0;Bdi=;TA=2;TB=0;Lco=15;S40=6;Noi dung=KNOCK OUT     50 ĐIỂM;Tran=TỨ KẾT\nTenA=NGUYỄN HỮU THANH;TenB=LÊ HOÀNG KIM;DiemA=8;DiemB=17;AvgA=0.533;AvgB=1.214;HR1A=3;HR2A=2;HR1B=4;HR2B=4;TSA=;TSB=;Adi=;Bdi=0;TA=2;TB=0;Lco=15;S40=9;Noi dung=KNOCK OUT     50 ĐIỂM;Tran=TỨ KẾT\nTenA=NGUYỄN HỮU THANH;TenB=LÊ HOÀNG KIM;DiemA=8;DiemB=18;AvgA=0.533;AvgB=1.200;HR1A=3;HR2A=2;HR1B=4;HR2B=4;TSA=;TSB=;Adi=;Bdi=1;TA=2;TB=0;Lco=15;S40=13;Noi dung=KNOCK OUT     50 ĐIỂM;Tran=TỨ KẾT\nTenA=NGUYỄN HỮU THANH;TenB=LÊ HOÀNG KIM;DiemA=8;DiemB=19;AvgA=0.533;AvgB=1.267;HR1A=3;HR2A=2;HR1B=4;HR2B=4;TSA=;TSB=;Adi=;Bdi=2;TA=2;TB=0;Lco=15;S40=7;Noi dung=KNOCK OUT     50 ĐIỂM;Tran=TỨ KẾT\nTenA=NGUYỄN HỮU THANH;TenB=LÊ HOÀNG KIM;DiemA=8;DiemB=20;AvgA=0.533;AvgB=1.333;HR1A=3;HR2A=2;HR1B=4;HR2B=4;TSA=;TSB=;Adi=;Bdi=3;TA=2;TB=0;Lco=15;S40=13;Noi dung=KNOCK OUT     50 ĐIỂM;Tran=TỨ KẾT\nTenA=NGUYỄN HỮU THANH;TenB=LÊ HOÀNG KIM;DiemA=8;DiemB=20;AvgA=0.533;AvgB=1.333;HR1A=3;HR2A=2;HR1B=4;HR2B=4;TSA=;TSB=;Adi=0;Bdi=;TA=2;TB=0;Lco=16;S40=2;Noi dung=KNOCK OUT     50 ĐIỂM;Tran=TỨ KẾT\nTenA=NGUYỄN HỮU THANH;TenB=LÊ HOÀNG KIM;DiemA=9;DiemB=20;AvgA=0.563;AvgB=1.333;HR1A=3;HR2A=2;HR1B=4;HR2B=4;TSA=;TSB=;Adi=1;Bdi=;TA=2;TB=0;Lco=16;S40=22;Noi dung=KNOCK OUT     50 ĐIỂM;Tran=TỨ KẾT\nTenA=NGUYỄN HỮU THANH;TenB=LÊ HOÀNG KIM;DiemA=9;DiemB=20;AvgA=0.563;AvgB=1.333;HR1A=3;HR2A=2;HR1B=4;HR2B=4;TSA=;TSB=;Adi=;Bdi=0;TA=2;TB=0;Lco=16;S40=8;Noi dung=KNOCK OUT     50 ĐIỂM;Tran=TỨ KẾT\nTenA=NGUYỄN HỮU THANH;TenB=LÊ HOÀNG KIM;DiemA=9;DiemB=21;AvgA=0.563;AvgB=1.313;HR1A=3;HR2A=2;HR1B=4;HR2B=4;TSA=;TSB=;Adi=;Bdi=1;TA=2;TB=0;Lco=16;S40=5;Noi dung=KNOCK OUT     50 ĐIỂM;Tran=TỨ KẾT\nTenA=NGUYỄN HỮU THANH;TenB=LÊ HOÀNG KIM;DiemA=9;DiemB=22;AvgA=0.563;AvgB=1.375;HR1A=3;HR2A=2;HR1B=4;HR2B=4;TSA=;TSB=;Adi=;Bdi=2;TA=2;TB=0;Lco=16;S40=6;Noi dung=KNOCK OUT     50 ĐIỂM;Tran=TỨ KẾT\nTenA=NGUYỄN HỮU THANH;TenB=LÊ HOÀNG KIM;DiemA=9;DiemB=22;AvgA=0.563;AvgB=1.375;HR1A=3;HR2A=2;HR1B=4;HR2B=4;TSA=;TSB=;Adi=0;Bdi=;TA=2;TB=0;Lco=17;S40=14;Noi dung=KNOCK OUT     50 ĐIỂM;Tran=TỨ KẾT\nTenA=NGUYỄN HỮU THANH;TenB=LÊ HOÀNG KIM;DiemA=10;DiemB=22;AvgA=0.588;AvgB=1.375;HR1A=3;HR2A=2;HR1B=4;HR2B=4;TSA=;TSB=;Adi=1;Bdi=;TA=2;TB=0;Lco=17;S40=16;Noi dung=KNOCK OUT     50 ĐIỂM;Tran=TỨ KẾT\nTenA=NGUYỄN HỮU THANH;TenB=LÊ HOÀNG KIM;DiemA=10;DiemB=22;AvgA=0.588;AvgB=1.375;HR1A=3;HR2A=2;HR1B=4;HR2B=4;TSA=;TSB=;Adi=;Bdi=0;TA=2;TB=0;Lco=17;S40=7;Noi dung=KNOCK OUT     50 ĐIỂM;Tran=TỨ KẾT\nTenA=NGUYỄN HỮU THANH;TenB=LÊ HOÀNG KIM;DiemA=10;DiemB=22;AvgA=0.588;AvgB=1.294;HR1A=3;HR2A=2;HR1B=4;HR2B=4;TSA=;TSB=;Adi=0;Bdi=;TA=1;TB=0;Lco=18;S40=40;Noi dung=KNOCK OUT     50 ĐIỂM;Tran=TỨ KẾT\nTenA=NGUYỄN HỮU THANH;TenB=LÊ HOÀNG KIM;DiemA=10;DiemB=22;AvgA=0.556;AvgB=1.294;HR1A=3;HR2A=2;HR1B=4;HR2B=4;TSA=;TSB=;Adi=;Bdi=0;TA=1;TB=0;Lco=18;S40=14;Noi dung=KNOCK OUT     50 ĐIỂM;Tran=TỨ KẾT\nTenA=NGUYỄN HỮU THANH;TenB=LÊ HOÀNG KIM;DiemA=10;DiemB=23;AvgA=0.556;AvgB=1.278;HR1A=3;HR2A=2;HR1B=4;HR2B=4;TSA=;TSB=;Adi=;Bdi=1;TA=1;TB=0;Lco=18;S40=16;Noi dung=KNOCK OUT     50 ĐIỂM;Tran=TỨ KẾT\nTenA=NGUYỄN HỮU THANH;TenB=LÊ HOÀNG KIM;DiemA=10;DiemB=23;AvgA=0.556;AvgB=1.278;HR1A=3;HR2A=2;HR1B=4;HR2B=4;TSA=;TSB=;Adi=0;Bdi=;TA=1;TB=0;Lco=19;S40=15;Noi dung=KNOCK OUT     50 ĐIỂM;Tran=TỨ KẾT\nTenA=NGUYỄN HỮU THANH;TenB=LÊ HOÀNG KIM;DiemA=11;DiemB=23;AvgA=0.579;AvgB=1.278;HR1A=3;HR2A=2;HR1B=4;HR2B=4;TSA=;TSB=;Adi=1;Bdi=;TA=1;TB=0;Lco=19;S40=10;Noi dung=KNOCK OUT     50 ĐIỂM;Tran=TỨ KẾT\nTenA=NGUYỄN HỮU THANH;TenB=LÊ HOÀNG KIM;DiemA=11;DiemB=23;AvgA=0.579;AvgB=1.278;HR1A=3;HR2A=2;HR1B=4;HR2B=4;TSA=;TSB=;Adi=;Bdi=0;TA=1;TB=0;Lco=19;S40=27;Noi dung=KNOCK OUT     50 ĐIỂM;Tran=TỨ KẾT\nTenA=NGUYỄN HỮU THANH;TenB=LÊ HOÀNG KIM;DiemA=11;DiemB=24;AvgA=0.579;AvgB=1.263;HR1A=3;HR2A=2;HR1B=4;HR2B=4;TSA=;TSB=;Adi=;Bdi=1;TA=1;TB=0;Lco=19;S40=15;Noi dung=KNOCK OUT     50 ĐIỂM;Tran=TỨ KẾT\nTenA=NGUYỄN HỮU THANH;TenB=LÊ HOÀNG KIM;DiemA=11;DiemB=25;AvgA=0.579;AvgB=1.316;HR1A=3;HR2A=2;HR1B=4;HR2B=4;TSA=;TSB=;Adi=;Bdi=2;TA=1;TB=0;Lco=19;S40=17;Noi dung=KNOCK OUT     50 ĐIỂM;Tran=TỨ KẾT\nTenA=NGUYỄN HỮU THANH;TenB=LÊ HOÀNG KIM;DiemA=11;DiemB=25;AvgA=0.579;AvgB=1.316;HR1A=3;HR2A=2;HR1B=4;HR2B=4;TSA=;TSB=;Adi=0;Bdi=;TA=1;TB=0;Lco=20;S40=19;Noi dung=KNOCK OUT     50 ĐIỂM;Tran=TỨ KẾT\nTenA=NGUYỄN HỮU THANH;TenB=LÊ HOÀNG KIM;DiemA=12;DiemB=25;AvgA=0.600;AvgB=1.316;HR1A=3;HR2A=2;HR1B=4;HR2B=4;TSA=;TSB=;Adi=1;Bdi=;TA=1;TB=0;Lco=20;S40=2;Noi dung=KNOCK OUT     50 ĐIỂM;Tran=TỨ KẾT\nTenA=NGUYỄN HỮU THANH;TenB=LÊ HOÀNG KIM;DiemA=13;DiemB=25;AvgA=0.650;AvgB=1.316;HR1A=3;HR2A=2;HR1B=4;HR2B=4;TSA=;TSB=;Adi=2;Bdi=;TA=1;TB=0;Lco=20;S40=2;Noi dung=KNOCK OUT     50 ĐIỂM;Tran=TỨ KẾT\nTenA=NGUYỄN HỮU THANH;TenB=LÊ HOÀNG KIM;DiemA=14;DiemB=25;AvgA=0.700;AvgB=1.316;HR1A=3;HR2A=3;HR1B=4;HR2B=4;TSA=;TSB=;Adi=3;Bdi=;TA=1;TB=0;Lco=20;S40=4;Noi dung=KNOCK OUT     50 ĐIỂM;Tran=TỨ KẾT\nTenA=NGUYỄN HỮU THANH;TenB=LÊ HOÀNG KIM;DiemA=15;DiemB=25;AvgA=0.750;AvgB=1.316;HR1A=4;HR2A=3;HR1B=4;HR2B=4;TSA=;TSB=;Adi=4;Bdi=;TA=1;TB=0;Lco=20;S40=8;Noi dung=KNOCK OUT     50 ĐIỂM;Tran=TỨ KẾT\nTenA=NGUYỄN HỮU THANH;TenB=LÊ HOÀNG KIM;DiemA=15;DiemB=25;AvgA=0.750;AvgB=1.316;HR1A=4;HR2A=3;HR1B=4;HR2B=4;TSA=;TSB=;Adi=;Bdi=0;TA=1;TB=0;Lco=20;S40=2;Noi dung=KNOCK OUT     50 ĐIỂM;Tran=TỨ KẾT\nTenA=NGUYỄN HỮU THANH;TenB=LÊ HOÀNG KIM;DiemA=15;DiemB=25;AvgA=0.750;AvgB=1.190;HR1A=4;HR2A=3;HR1B=4;HR2B=4;TSA=;TSB=;Adi=0;Bdi=;TA=1;TB=0;Lco=21;S40=3;Noi dung=KNOCK OUT     50 ĐIỂM;Tran=TỨ KẾT\nTenA=NGUYỄN HỮU THANH;TenB=LÊ HOÀNG KIM;DiemA=15;DiemB=25;AvgA=0.714;AvgB=1.190;HR1A=4;HR2A=3;HR1B=4;HR2B=4;TSA=;TSB=;Adi=;Bdi=0;TA=1;TB=0;Lco=21;S40=18;Noi dung=KNOCK OUT     50 ĐIỂM;Tran=TỨ KẾT\nTenA=NGUYỄN HỮU THANH;TenB=LÊ HOÀNG KIM;DiemA=15;DiemB=26;AvgA=0.714;AvgB=1.238;HR1A=4;HR2A=3;HR1B=4;HR2B=4;TSA=;TSB=;Adi=;Bdi=1;TA=1;TB=0;Lco=21;S40=4;Noi dung=KNOCK OUT     50 ĐIỂM;Tran=TỨ KẾT\nTenA=NGUYỄN HỮU THANH;TenB=LÊ HOÀNG KIM;DiemA=15;DiemB=27;AvgA=0.714;AvgB=1.286;HR1A=4;HR2A=3;HR1B=4;HR2B=4;TSA=;TSB=;Adi=;Bdi=2;TA=1;TB=0;Lco=21;S40=7;Noi dung=KNOCK OUT     50 ĐIỂM;Tran=TỨ KẾT\nTenA=NGUYỄN HỮU THANH;TenB=LÊ HOÀNG KIM;DiemA=15;DiemB=27;AvgA=0.714;AvgB=1.286;HR1A=4;HR2A=3;HR1B=4;HR2B=4;TSA=;TSB=;Adi=0;Bdi=;TA=1;TB=0;Lco=22;S40=10;Noi dung=KNOCK OUT     50 ĐIỂM;Tran=TỨ KẾT\nTenA=NGUYỄN HỮU THANH;TenB=LÊ HOÀNG KIM;DiemA=16;DiemB=27;AvgA=0.727;AvgB=1.286;HR1A=4;HR2A=3;HR1B=4;HR2B=4;TSA=;TSB=;Adi=1;Bdi=;TA=1;TB=0;Lco=22;S40=12;Noi dung=KNOCK OUT     50 ĐIỂM;Tran=TỨ KẾT\nTenA=NGUYỄN HỮU THANH;TenB=LÊ HOÀNG KIM;DiemA=17;DiemB=27;AvgA=0.773;AvgB=1.286;HR1A=4;HR2A=3;HR1B=4;HR2B=4;TSA=;TSB=;Adi=2;Bdi=;TA=1;TB=0;Lco=22;S40=11;Noi dung=KNOCK OUT     50 ĐIỂM;Tran=TỨ KẾT\nTenA=NGUYỄN HỮU THANH;TenB=LÊ HOÀNG KIM;DiemA=18;DiemB=27;AvgA=0.818;AvgB=1.286;HR1A=4;HR2A=3;HR1B=4;HR2B=4;TSA=;TSB=;Adi=3;Bdi=;TA=1;TB=0;Lco=22;S40=40;Noi dung=KNOCK OUT     50 ĐIỂM;Tran=TỨ KẾT\nTenA=NGUYỄN HỮU THANH;TenB=LÊ HOÀNG KIM;DiemA=19;DiemB=27;AvgA=0.864;AvgB=1.286;HR1A=4;HR2A=4;HR1B=4;HR2B=4;TSA=;TSB=;Adi=4;Bdi=;TA=1;TB=0;Lco=22;S40=3;Noi dung=KNOCK OUT     50 ĐIỂM;Tran=TỨ KẾT\nTenA=NGUYỄN HỮU THANH;TenB=LÊ HOÀNG KIM;DiemA=20;DiemB=27;AvgA=0.909;AvgB=1.286;HR1A=5;HR2A=4;HR1B=4;HR2B=4;TSA=;TSB=;Adi=5;Bdi=;TA=1;TB=0;Lco=22;S40=7;Noi dung=KNOCK OUT     50 ĐIỂM;Tran=TỨ KẾT\nTenA=NGUYỄN HỮU THANH;TenB=LÊ HOÀNG KIM;DiemA=20;DiemB=27;AvgA=0.909;AvgB=1.286;HR1A=5;HR2A=4;HR1B=4;HR2B=4;TSA=;TSB=;Adi=;Bdi=0;TA=1;TB=0;Lco=22;S40=16;Noi dung=KNOCK OUT     50 ĐIỂM;Tran=TỨ KẾT\nTenA=NGUYỄN HỮU THANH;TenB=LÊ HOÀNG KIM;DiemA=20;DiemB=28;AvgA=0.909;AvgB=1.273;HR1A=5;HR2A=4;HR1B=4;HR2B=4;TSA=;TSB=;Adi=;Bdi=1;TA=1;TB=0;Lco=22;S40=18;Noi dung=KNOCK OUT     50 ĐIỂM;Tran=TỨ KẾT\nTenA=NGUYỄN HỮU THANH;TenB=LÊ HOÀNG KIM;DiemA=20;DiemB=29;AvgA=0.909;AvgB=1.318;HR1A=5;HR2A=4;HR1B=4;HR2B=4;TSA=;TSB=;Adi=;Bdi=2;TA=1;TB=0;Lco=22;S40=14;Noi dung=KNOCK OUT     50 ĐIỂM;Tran=TỨ KẾT\nTenA=NGUYỄN HỮU THANH;TenB=LÊ HOÀNG KIM;DiemA=20;DiemB=30;AvgA=0.909;AvgB=1.364;HR1A=5;HR2A=4;HR1B=4;HR2B=4;TSA=;TSB=;Adi=;Bdi=3;TA=1;TB=0;Lco=22;S40=8;Noi dung=KNOCK OUT     50 ĐIỂM;Tran=TỨ KẾT\nTenA=NGUYỄN HỮU THANH;TenB=LÊ HOÀNG KIM;DiemA=20;DiemB=31;AvgA=0.909;AvgB=1.409;HR1A=5;HR2A=4;HR1B=4;HR2B=4;TSA=;TSB=;Adi=;Bdi=4;TA=1;TB=0;Lco=22;S40=3;Noi dung=KNOCK OUT     50 ĐIỂM;Tran=TỨ KẾT\nTenA=NGUYỄN HỮU THANH;TenB=LÊ HOÀNG KIM;DiemA=20;DiemB=32;AvgA=0.909;AvgB=1.455;HR1A=5;HR2A=4;HR1B=5;HR2B=4;TSA=;TSB=;Adi=;Bdi=5;TA=1;TB=0;Lco=22;S40=3;Noi dung=KNOCK OUT     50 ĐIỂM;Tran=TỨ KẾT\nTenA=NGUYỄN HỮU THANH;TenB=LÊ HOÀNG KIM;DiemA=20;DiemB=32;AvgA=0.909;AvgB=1.455;HR1A=5;HR2A=4;HR1B=5;HR2B=4;TSA=;TSB=;Adi=0;Bdi=;TA=1;TB=0;Lco=23;S40=9;Noi dung=KNOCK OUT     50 ĐIỂM;Tran=TỨ KẾT\nTenA=NGUYỄN HỮU THANH;TenB=LÊ HOÀNG KIM;DiemA=21;DiemB=32;AvgA=0.913;AvgB=1.455;HR1A=5;HR2A=4;HR1B=5;HR2B=4;TSA=;TSB=;Adi=1;Bdi=;TA=1;TB=0;Lco=23;S40=17;Noi dung=KNOCK OUT     50 ĐIỂM;Tran=TỨ KẾT\nTenA=NGUYỄN HỮU THANH;TenB=LÊ HOÀNG KIM;DiemA=22;DiemB=32;AvgA=0.957;AvgB=1.455;HR1A=5;HR2A=4;HR1B=5;HR2B=4;TSA=;TSB=;Adi=2;Bdi=;TA=1;TB=0;Lco=23;S40=2;Noi dung=KNOCK OUT     50 ĐIỂM;Tran=TỨ KẾT\nTenA=NGUYỄN HỮU THANH;TenB=LÊ HOÀNG KIM;DiemA=22;DiemB=32;AvgA=0.957;AvgB=1.455;HR1A=5;HR2A=4;HR1B=5;HR2B=4;TSA=;TSB=;Adi=;Bdi=0;TA=1;TB=0;Lco=23;S40=17;Noi dung=KNOCK OUT     50 ĐIỂM;Tran=TỨ KẾT\nTenA=NGUYỄN HỮU THANH;TenB=LÊ HOÀNG KIM;DiemA=22;DiemB=32;AvgA=0.957;AvgB=1.333;HR1A=5;HR2A=4;HR1B=5;HR2B=4;TSA=;TSB=;Adi=0;Bdi=;TA=0;TB=0;Lco=24;S40=38;Noi dung=KNOCK OUT     50 ĐIỂM;Tran=TỨ KẾT\nTenA=NGUYỄN HỮU THANH;TenB=LÊ HOÀNG KIM;DiemA=23;DiemB=32;AvgA=0.958;AvgB=1.333;HR1A=5;HR2A=4;HR1B=5;HR2B=4;TSA=;TSB=;Adi=1;Bdi=;TA=0;TB=0;Lco=24;S40=2;Noi dung=KNOCK OUT     50 ĐIỂM;Tran=TỨ KẾT\nTenA=NGUYỄN HỮU THANH;TenB=LÊ HOÀNG KIM;DiemA=24;DiemB=32;AvgA=1.000;AvgB=1.333;HR1A=5;HR2A=4;HR1B=5;HR2B=4;TSA=;TSB=;Adi=2;Bdi=;TA=0;TB=0;Lco=24;S40=9;Noi dung=KNOCK OUT     50 ĐIỂM;Tran=TỨ KẾT\nTenA=NGUYỄN HỮU THANH;TenB=LÊ HOÀNG KIM;DiemA=25;DiemB=32;AvgA=1.042;AvgB=1.333;HR1A=5;HR2A=4;HR1B=5;HR2B=4;TSA=;TSB=;Adi=3;Bdi=;TA=1;TB=0;Lco=24;S40=11;Noi dung=KNOCK OUT     50 ĐIỂM;Tran=TỨ KẾT\nTenA=NGUYỄN HỮU THANH;TenB=LÊ HOÀNG KIM;DiemA=26;DiemB=32;AvgA=1.083;AvgB=1.333;HR1A=5;HR2A=4;HR1B=5;HR2B=4;TSA=;TSB=;Adi=4;Bdi=;TA=2;TB=0;Lco=24;S40=10;Noi dung=KNOCK OUT     50 ĐIỂM;Tran=TỨ KẾT\nTenA=NGUYỄN HỮU THANH;TenB=LÊ HOÀNG KIM;DiemA=26;DiemB=32;AvgA=1.083;AvgB=1.333;HR1A=5;HR2A=4;HR1B=5;HR2B=4;TSA=;TSB=;Adi=;Bdi=0;TA=2;TB=0;Lco=24;S40=10;Noi dung=KNOCK OUT     50 ĐIỂM;Tran=TỨ KẾT\nTenA=NGUYỄN HỮU THANH;TenB=LÊ HOÀNG KIM;DiemA=26;DiemB=32;AvgA=1.083;AvgB=1.333;HR1A=5;HR2A=4;HR1B=5;HR2B=4;TSA=;TSB=;Adi=0;Bdi=;TA=2;TB=0;Lco=25;S40=2;Noi dung=KNOCK OUT     50 ĐIỂM;Tran=TỨ KẾT\nTenA=NGUYỄN HỮU THANH;TenB=LÊ HOÀNG KIM;DiemA=26;DiemB=32;AvgA=1.040;AvgB=1.333;HR1A=5;HR2A=4;HR1B=5;HR2B=4;TSA=;TSB=;Adi=;Bdi=0;TA=2;TB=0;Lco=25;S40=10;Noi dung=KNOCK OUT     50 ĐIỂM;Tran=TỨ KẾT\nTenA=NGUYỄN HỮU THANH;TenB=LÊ HOÀNG KIM;DiemA=26;DiemB=32;AvgA=1.040;AvgB=1.231;HR1A=5;HR2A=4;HR1B=5;HR2B=4;TSA=;TSB=;Adi=0;Bdi=;TA=2;TB=0;Lco=26;S40=13;Noi dung=KNOCK OUT     50 ĐIỂM;Tran=TỨ KẾT\nTenA=NGUYỄN HỮU THANH;TenB=LÊ HOÀNG KIM;DiemA=26;DiemB=32;AvgA=1.000;AvgB=1.231;HR1A=5;HR2A=4;HR1B=5;HR2B=4;TSA=;TSB=;Adi=;Bdi=0;TA=2;TB=0;Lco=26;S40=14;Noi dung=KNOCK OUT     50 ĐIỂM;Tran=TỨ KẾT\nTenA=NGUYỄN HỮU THANH;TenB=LÊ HOÀNG KIM;DiemA=26;DiemB=33;AvgA=1.000;AvgB=1.269;HR1A=5;HR2A=4;HR1B=5;HR2B=4;TSA=;TSB=;Adi=;Bdi=1;TA=2;TB=0;Lco=26;S40=16;Noi dung=KNOCK OUT     50 ĐIỂM;Tran=TỨ KẾT\nTenA=NGUYỄN HỮU THANH;TenB=LÊ HOÀNG KIM;DiemA=26;DiemB=34;AvgA=1.000;AvgB=1.308;HR1A=5;HR2A=4;HR1B=5;HR2B=4;TSA=;TSB=;Adi=;Bdi=2;TA=2;TB=0;Lco=26;S40=13;Noi dung=KNOCK OUT     50 ĐIỂM;Tran=TỨ KẾT\nTenA=NGUYỄN HỮU THANH;TenB=LÊ HOÀNG KIM;DiemA=26;DiemB=35;AvgA=1.000;AvgB=1.346;HR1A=5;HR2A=4;HR1B=5;HR2B=4;TSA=;TSB=;Adi=;Bdi=3;TA=2;TB=0;Lco=26;S40=26;Noi dung=KNOCK OUT     50 ĐIỂM;Tran=TỨ KẾT\nTenA=NGUYỄN HỮU THANH;TenB=LÊ HOÀNG KIM;DiemA=26;DiemB=36;AvgA=1.000;AvgB=1.385;HR1A=5;HR2A=4;HR1B=5;HR2B=4;TSA=;TSB=;Adi=;Bdi=4;TA=2;TB=0;Lco=26;S40=9;Noi dung=KNOCK OUT     50 ĐIỂM;Tran=TỨ KẾT\nTenA=NGUYỄN HỮU THANH;TenB=LÊ HOÀNG KIM;DiemA=26;DiemB=36;AvgA=1.000;AvgB=1.385;HR1A=5;HR2A=4;HR1B=5;HR2B=4;TSA=;TSB=;Adi=0;Bdi=;TA=2;TB=0;Lco=27;S40=7;Noi dung=KNOCK OUT     50 ĐIỂM;Tran=TỨ KẾT\nTenA=NGUYỄN HỮU THANH;TenB=LÊ HOÀNG KIM;DiemA=26;DiemB=36;AvgA=0.963;AvgB=1.385;HR1A=5;HR2A=4;HR1B=5;HR2B=4;TSA=;TSB=;Adi=;Bdi=0;TA=2;TB=0;Lco=27;S40=7;Noi dung=KNOCK OUT     50 ĐIỂM;Tran=TỨ KẾT\nTenA=NGUYỄN HỮU THANH;TenB=LÊ HOÀNG KIM;DiemA=26;DiemB=36;AvgA=0.963;AvgB=1.333;HR1A=5;HR2A=4;HR1B=5;HR2B=4;TSA=;TSB=;Adi=0;Bdi=;TA=2;TB=0;Lco=28;S40=16;Noi dung=KNOCK OUT     50 ĐIỂM;Tran=TỨ KẾT\nTenA=NGUYỄN HỮU THANH;TenB=LÊ HOÀNG KIM;DiemA=27;DiemB=36;AvgA=0.964;AvgB=1.333;HR1A=5;HR2A=4;HR1B=5;HR2B=4;TSA=;TSB=;Adi=1;Bdi=;TA=2;TB=0;Lco=28;S40=2;Noi dung=KNOCK OUT     50 ĐIỂM;Tran=TỨ KẾT\nTenA=NGUYỄN HỮU THANH;TenB=LÊ HOÀNG KIM;DiemA=28;DiemB=36;AvgA=1.000;AvgB=1.333;HR1A=5;HR2A=4;HR1B=5;HR2B=4;TSA=;TSB=;Adi=2;Bdi=;TA=2;TB=0;Lco=28;S40=8;Noi dung=KNOCK OUT     50 ĐIỂM;Tran=TỨ KẾT\nTenA=NGUYỄN HỮU THANH;TenB=LÊ HOÀNG KIM;DiemA=29;DiemB=36;AvgA=1.036;AvgB=1.333;HR1A=5;HR2A=4;HR1B=5;HR2B=4;TSA=;TSB=;Adi=3;Bdi=;TA=2;TB=0;Lco=28;S40=13;Noi dung=KNOCK OUT     50 ĐIỂM;Tran=TỨ KẾT\nTenA=NGUYỄN HỮU THANH;TenB=LÊ HOÀNG KIM;DiemA=30;DiemB=36;AvgA=1.071;AvgB=1.333;HR1A=5;HR2A=4;HR1B=5;HR2B=4;TSA=;TSB=;Adi=4;Bdi=;TA=2;TB=0;Lco=28;S40=17;Noi dung=KNOCK OUT     50 ĐIỂM;Tran=TỨ KẾT\nTenA=NGUYỄN HỮU THANH;TenB=LÊ HOÀNG KIM;DiemA=31;DiemB=36;AvgA=1.107;AvgB=1.333;HR1A=5;HR2A=5;HR1B=5;HR2B=4;TSA=;TSB=;Adi=5;Bdi=;TA=2;TB=0;Lco=28;S40=40;Noi dung=KNOCK OUT     50 ĐIỂM;Tran=TỨ KẾT\nTenA=NGUYỄN HỮU THANH;TenB=LÊ HOÀNG KIM;DiemA=32;DiemB=36;AvgA=1.143;AvgB=1.333;HR1A=6;HR2A=5;HR1B=5;HR2B=4;TSA=;TSB=;Adi=6;Bdi=;TA=2;TB=0;Lco=28;S40=10;Noi dung=KNOCK OUT     50 ĐIỂM;Tran=TỨ KẾT\nTenA=NGUYỄN HỮU THANH;TenB=LÊ HOÀNG KIM;DiemA=33;DiemB=36;AvgA=1.179;AvgB=1.333;HR1A=7;HR2A=5;HR1B=5;HR2B=4;TSA=;TSB=;Adi=7;Bdi=;TA=2;TB=0;Lco=28;S40=2;Noi dung=KNOCK OUT     50 ĐIỂM;Tran=TỨ KẾT\nTenA=NGUYỄN HỮU THANH;TenB=LÊ HOÀNG KIM;DiemA=33;DiemB=36;AvgA=1.179;AvgB=1.333;HR1A=7;HR2A=5;HR1B=5;HR2B=4;TSA=;TSB=;Adi=;Bdi=0;TA=2;TB=0;Lco=28;S40=6;Noi dung=KNOCK OUT     50 ĐIỂM;Tran=TỨ KẾT\nTenA=NGUYỄN HỮU THANH;TenB=LÊ HOÀNG KIM;DiemA=33;DiemB=36;AvgA=1.179;AvgB=1.286;HR1A=7;HR2A=5;HR1B=5;HR2B=4;TSA=;TSB=;Adi=0;Bdi=;TA=2;TB=0;Lco=29;S40=10;Noi dung=KNOCK OUT     50 ĐIỂM;Tran=TỨ KẾT\nTenA=NGUYỄN HỮU THANH;TenB=LÊ HOÀNG KIM;DiemA=34;DiemB=36;AvgA=1.172;AvgB=1.286;HR1A=7;HR2A=5;HR1B=5;HR2B=4;TSA=;TSB=;Adi=1;Bdi=;TA=2;TB=0;Lco=29;S40=10;Noi dung=KNOCK OUT     50 ĐIỂM;Tran=TỨ KẾT\nTenA=NGUYỄN HỮU THANH;TenB=LÊ HOÀNG KIM;DiemA=34;DiemB=36;AvgA=1.172;AvgB=1.286;HR1A=7;HR2A=5;HR1B=5;HR2B=4;TSA=;TSB=;Adi=;Bdi=0;TA=2;TB=0;Lco=29;S40=18;Noi dung=KNOCK OUT     50 ĐIỂM;Tran=TỨ KẾT\nTenA=NGUYỄN HỮU THANH;TenB=LÊ HOÀNG KIM;DiemA=34;DiemB=37;AvgA=1.172;AvgB=1.276;HR1A=7;HR2A=5;HR1B=5;HR2B=4;TSA=;TSB=;Adi=;Bdi=1;TA=2;TB=0;Lco=29;S40=16;Noi dung=KNOCK OUT     50 ĐIỂM;Tran=TỨ KẾT\nTenA=NGUYỄN HỮU THANH;TenB=LÊ HOÀNG KIM;DiemA=34;DiemB=38;AvgA=1.172;AvgB=1.310;HR1A=7;HR2A=5;HR1B=5;HR2B=4;TSA=;TSB=;Adi=;Bdi=2;TA=2;TB=0;Lco=29;S40=9;Noi dung=KNOCK OUT     50 ĐIỂM;Tran=TỨ KẾT\nTenA=NGUYỄN HỮU THANH;TenB=LÊ HOÀNG KIM;DiemA=34;DiemB=39;AvgA=1.172;AvgB=1.345;HR1A=7;HR2A=5;HR1B=5;HR2B=4;TSA=;TSB=;Adi=;Bdi=3;TA=2;TB=0;Lco=29;S40=15;Noi dung=KNOCK OUT     50 ĐIỂM;Tran=TỨ KẾT\nTenA=NGUYỄN HỮU THANH;TenB=LÊ HOÀNG KIM;DiemA=34;DiemB=39;AvgA=1.172;AvgB=1.345;HR1A=7;HR2A=5;HR1B=5;HR2B=4;TSA=;TSB=;Adi=0;Bdi=;TA=2;TB=0;Lco=30;S40=6;Noi dung=KNOCK OUT     50 ĐIỂM;Tran=TỨ KẾT\nTenA=NGUYỄN HỮU THANH;TenB=LÊ HOÀNG KIM;DiemA=35;DiemB=39;AvgA=1.167;AvgB=1.345;HR1A=7;HR2A=5;HR1B=5;HR2B=4;TSA=;TSB=;Adi=1;Bdi=;TA=2;TB=0;Lco=30;S40=2;Noi dung=KNOCK OUT     50 ĐIỂM;Tran=TỨ KẾT\nTenA=NGUYỄN HỮU THANH;TenB=LÊ HOÀNG KIM;DiemA=35;DiemB=39;AvgA=1.167;AvgB=1.345;HR1A=7;HR2A=5;HR1B=5;HR2B=4;TSA=;TSB=;Adi=;Bdi=0;TA=2;TB=0;Lco=30;S40=12;Noi dung=KNOCK OUT     50 ĐIỂM;Tran=TỨ KẾT\nTenA=NGUYỄN HỮU THANH;TenB=LÊ HOÀNG KIM;DiemA=35;DiemB=40;AvgA=1.167;AvgB=1.333;HR1A=7;HR2A=5;HR1B=5;HR2B=4;TSA=;TSB=;Adi=;Bdi=1;TA=2;TB=0;Lco=30;S40=X;Noi dung=KNOCK OUT     50 ĐIỂM;Tran=TỨ KẾT\nTenA=NGUYỄN HỮU THANH;TenB=LÊ HOÀNG KIM;DiemA=35;DiemB=40;AvgA=1.167;AvgB=1.333;HR1A=7;HR2A=5;HR1B=5;HR2B=4;TSA=;TSB=;Adi=0;Bdi=;TA=2;TB=0;Lco=31;S40=9;Noi dung=KNOCK OUT     50 ĐIỂM;Tran=TỨ KẾT\nTenA=NGUYỄN HỮU THANH;TenB=LÊ HOÀNG KIM;DiemA=35;DiemB=40;AvgA=1.129;AvgB=1.333;HR1A=7;HR2A=5;HR1B=5;HR2B=4;TSA=;TSB=;Adi=;Bdi=0;TA=2;TB=0;Lco=31;S40=6;Noi dung=KNOCK OUT     50 ĐIỂM;Tran=TỨ KẾT\nTenA=NGUYỄN HỮU THANH;TenB=LÊ HOÀNG KIM;DiemA=35;DiemB=40;AvgA=1.129;AvgB=1.290;HR1A=7;HR2A=5;HR1B=5;HR2B=4;TSA=;TSB=;Adi=0;Bdi=;TA=2;TB=0;Lco=32;S40=2;Noi dung=KNOCK OUT     50 ĐIỂM;Tran=TỨ KẾT\nTenA=NGUYỄN HỮU THANH;TenB=LÊ HOÀNG KIM;DiemA=35;DiemB=40;AvgA=1.094;AvgB=1.290;HR1A=7;HR2A=5;HR1B=5;HR2B=4;TSA=;TSB=;Adi=;Bdi=0;TA=2;TB=0;Lco=32;S40=10;Noi dung=KNOCK OUT     50 ĐIỂM;Tran=TỨ KẾT\nTenA=NGUYỄN HỮU THANH;TenB=LÊ HOÀNG KIM;DiemA=35;DiemB=41;AvgA=1.094;AvgB=1.281;HR1A=7;HR2A=5;HR1B=5;HR2B=4;TSA=;TSB=;Adi=;Bdi=1;TA=2;TB=0;Lco=32;S40=13;Noi dung=KNOCK OUT     50 ĐIỂM;Tran=TỨ KẾT\nTenA=NGUYỄN HỮU THANH;TenB=LÊ HOÀNG KIM;DiemA=35;DiemB=42;AvgA=1.094;AvgB=1.313;HR1A=7;HR2A=5;HR1B=5;HR2B=4;TSA=;TSB=;Adi=;Bdi=2;TA=2;TB=0;Lco=32;S40=6;Noi dung=KNOCK OUT     50 ĐIỂM;Tran=TỨ KẾT\nTenA=NGUYỄN HỮU THANH;TenB=LÊ HOÀNG KIM;DiemA=35;DiemB=43;AvgA=1.094;AvgB=1.344;HR1A=7;HR2A=5;HR1B=5;HR2B=4;TSA=;TSB=;Adi=;Bdi=3;TA=2;TB=0;Lco=32;S40=X;Noi dung=KNOCK OUT     50 ĐIỂM;Tran=TỨ KẾT\nTenA=NGUYỄN HỮU THANH;TenB=LÊ HOÀNG KIM;DiemA=35;DiemB=43;AvgA=1.094;AvgB=1.344;HR1A=7;HR2A=5;HR1B=5;HR2B=4;TSA=;TSB=;Adi=0;Bdi=;TA=2;TB=1;Lco=33;S40=10;Noi dung=KNOCK OUT     50 ĐIỂM;Tran=TỨ KẾT\nTenA=NGUYỄN HỮU THANH;TenB=LÊ HOÀNG KIM;DiemA=36;DiemB=43;AvgA=1.091;AvgB=1.344;HR1A=7;HR2A=5;HR1B=5;HR2B=4;TSA=;TSB=;Adi=1;Bdi=;TA=2;TB=1;Lco=33;S40=15;Noi dung=KNOCK OUT     50 ĐIỂM;Tran=TỨ KẾT\nTenA=NGUYỄN HỮU THANH;TenB=LÊ HOÀNG KIM;DiemA=36;DiemB=43;AvgA=1.091;AvgB=1.344;HR1A=7;HR2A=5;HR1B=5;HR2B=4;TSA=;TSB=;Adi=;Bdi=0;TA=2;TB=1;Lco=33;S40=18;Noi dung=KNOCK OUT     50 ĐIỂM;Tran=TỨ KẾT\nTenA=NGUYỄN HỮU THANH;TenB=LÊ HOÀNG KIM;DiemA=36;DiemB=44;AvgA=1.091;AvgB=1.333;HR1A=7;HR2A=5;HR1B=5;HR2B=4;TSA=;TSB=;Adi=;Bdi=1;TA=2;TB=1;Lco=33;S40=40;Noi dung=KNOCK OUT     50 ĐIỂM;Tran=TỨ KẾT\nTenA=NGUYỄN HỮU THANH;TenB=LÊ HOÀNG KIM;DiemA=36;DiemB=45;AvgA=1.091;AvgB=1.364;HR1A=7;HR2A=5;HR1B=5;HR2B=4;TSA=;TSB=;Adi=;Bdi=2;TA=2;TB=1;Lco=33;S40=2;Noi dung=KNOCK OUT     50 ĐIỂM;Tran=TỨ KẾT\nTenA=NGUYỄN HỮU THANH;TenB=LÊ HOÀNG KIM;DiemA=36;DiemB=46;AvgA=1.091;AvgB=1.394;HR1A=7;HR2A=5;HR1B=5;HR2B=4;TSA=;TSB=;Adi=;Bdi=3;TA=2;TB=1;Lco=33;S40=15;Noi dung=KNOCK OUT     50 ĐIỂM;Tran=TỨ KẾT\nTenA=NGUYỄN HỮU THANH;TenB=LÊ HOÀNG KIM;DiemA=36;DiemB=46;AvgA=1.091;AvgB=1.394;HR1A=7;HR2A=5;HR1B=5;HR2B=4;TSA=;TSB=;Adi=0;Bdi=;TA=2;TB=1;Lco=34;S40=17;Noi dung=KNOCK OUT     50 ĐIỂM;Tran=TỨ KẾT\nTenA=NGUYỄN HỮU THANH;TenB=LÊ HOÀNG KIM;DiemA=37;DiemB=46;AvgA=1.088;AvgB=1.394;HR1A=7;HR2A=5;HR1B=5;HR2B=4;TSA=;TSB=;Adi=1;Bdi=;TA=2;TB=1;Lco=34;S40=40;Noi dung=KNOCK OUT     50 ĐIỂM;Tran=TỨ KẾT\nTenA=NGUYỄN HỮU THANH;TenB=LÊ HOÀNG KIM;DiemA=38;DiemB=46;AvgA=1.118;AvgB=1.394;HR1A=7;HR2A=5;HR1B=5;HR2B=4;TSA=;TSB=;Adi=2;Bdi=;TA=2;TB=1;Lco=34;S40=3;Noi dung=KNOCK OUT     50 ĐIỂM;Tran=TỨ KẾT\nTenA=NGUYỄN HỮU THANH;TenB=LÊ HOÀNG KIM;DiemA=38;DiemB=46;AvgA=1.118;AvgB=1.394;HR1A=7;HR2A=5;HR1B=5;HR2B=4;TSA=;TSB=;Adi=;Bdi=0;TA=2;TB=1;Lco=34;S40=12;Noi dung=KNOCK OUT     50 ĐIỂM;Tran=TỨ KẾT\nTenA=NGUYỄN HỮU THANH;TenB=LÊ HOÀNG KIM;DiemA=38;DiemB=47;AvgA=1.118;AvgB=1.382;HR1A=7;HR2A=5;HR1B=5;HR2B=4;TSA=;TSB=;Adi=;Bdi=1;TA=2;TB=1;Lco=34;S40=21;Noi dung=KNOCK OUT     50 ĐIỂM;Tran=TỨ KẾT\nTenA=NGUYỄN HỮU THANH;TenB=LÊ HOÀNG KIM;DiemA=38;DiemB=47;AvgA=1.118;AvgB=1.382;HR1A=7;HR2A=5;HR1B=5;HR2B=4;TSA=;TSB=;Adi=0;Bdi=;TA=2;TB=1;Lco=35;S40=4;Noi dung=KNOCK OUT     50 ĐIỂM;Tran=TỨ KẾT\nTenA=NGUYỄN HỮU THANH;TenB=LÊ HOÀNG KIM;DiemA=39;DiemB=47;AvgA=1.114;AvgB=1.382;HR1A=7;HR2A=5;HR1B=5;HR2B=4;TSA=;TSB=;Adi=1;Bdi=;TA=2;TB=1;Lco=35;S40=10;Noi dung=KNOCK OUT     50 ĐIỂM;Tran=TỨ KẾT\nTenA=NGUYỄN HỮU THANH;TenB=LÊ HOÀNG KIM;DiemA=39;DiemB=47;AvgA=1.114;AvgB=1.382;HR1A=7;HR2A=5;HR1B=5;HR2B=4;TSA=;TSB=;Adi=;Bdi=0;TA=2;TB=1;Lco=35;S40=7;Noi dung=KNOCK OUT     50 ĐIỂM;Tran=TỨ KẾT\nTenA=NGUYỄN HỮU THANH;TenB=LÊ HOÀNG KIM;DiemA=39;DiemB=47;AvgA=1.114;AvgB=1.306;HR1A=7;HR2A=5;HR1B=5;HR2B=4;TSA=;TSB=;Adi=0;Bdi=;TA=2;TB=1;Lco=36;S40=21;Noi dung=KNOCK OUT     50 ĐIỂM;Tran=TỨ KẾT\nTenA=NGUYỄN HỮU THANH;TenB=LÊ HOÀNG KIM;DiemA=39;DiemB=47;AvgA=1.083;AvgB=1.306;HR1A=7;HR2A=5;HR1B=5;HR2B=4;TSA=;TSB=;Adi=;Bdi=0;TA=2;TB=1;Lco=36;S40=5;Noi dung=KNOCK OUT     50 ĐIỂM;Tran=TỨ KẾT\nTenA=NGUYỄN HỮU THANH;TenB=LÊ HOÀNG KIM;DiemA=39;DiemB=47;AvgA=1.083;AvgB=1.270;HR1A=7;HR2A=5;HR1B=5;HR2B=4;TSA=;TSB=;Adi=0;Bdi=;TA=2;TB=1;Lco=37;S40=6;Noi dung=KNOCK OUT     50 ĐIỂM;Tran=TỨ KẾT\nTenA=NGUYỄN HỮU THANH;TenB=LÊ HOÀNG KIM;DiemA=39;DiemB=47;AvgA=1.054;AvgB=1.270;HR1A=7;HR2A=5;HR1B=5;HR2B=4;TSA=;TSB=;Adi=;Bdi=0;TA=2;TB=1;Lco=37;S40=40;Noi dung=KNOCK OUT     50 ĐIỂM;Tran=TỨ KẾT\nTenA=NGUYỄN HỮU THANH;TenB=LÊ HOÀNG KIM;DiemA=39;DiemB=47;AvgA=1.054;AvgB=1.237;HR1A=7;HR2A=5;HR1B=5;HR2B=4;TSA=;TSB=;Adi=0;Bdi=;TA=2;TB=1;Lco=38;S40=1;Noi dung=KNOCK OUT     50 ĐIỂM;Tran=TỨ KẾT\nTenA=NGUYỄN HỮU THANH;TenB=LÊ HOÀNG KIM;DiemA=39;DiemB=47;AvgA=1.026;AvgB=1.237;HR1A=7;HR2A=5;HR1B=5;HR2B=4;TSA=;TSB=;Adi=;Bdi=0;TA=2;TB=1;Lco=38;S40=5;Noi dung=KNOCK OUT     50 ĐIỂM;Tran=TỨ KẾT\nTenA=NGUYỄN HỮU THANH;TenB=LÊ HOÀNG KIM;DiemA=39;DiemB=47;AvgA=1.026;AvgB=1.205;HR1A=7;HR2A=5;HR1B=5;HR2B=4;TSA=;TSB=;Adi=0;Bdi=;TA=2;TB=1;Lco=39;S40=2;Noi dung=KNOCK OUT     50 ĐIỂM;Tran=TỨ KẾT\nTenA=NGUYỄN HỮU THANH;TenB=LÊ HOÀNG KIM;DiemA=40;DiemB=47;AvgA=1.026;AvgB=1.205;HR1A=7;HR2A=5;HR1B=5;HR2B=4;TSA=;TSB=;Adi=1;Bdi=;TA=2;TB=1;Lco=39;S40=6;Noi dung=KNOCK OUT     50 ĐIỂM;Tran=TỨ KẾT\nTenA=NGUYỄN HỮU THANH;TenB=LÊ HOÀNG KIM;DiemA=40;DiemB=47;AvgA=1.026;AvgB=1.205;HR1A=7;HR2A=5;HR1B=5;HR2B=4;TSA=;TSB=;Adi=;Bdi=0;TA=2;TB=1;Lco=39;S40=00:00:00;Noi dung=KNOCK OUT     50 ĐIỂM;Tran=TỨ KẾT\nTenA=NGUYỄN HỮU THANH;TenB=LÊ HOÀNG KIM;DiemA=40;DiemB=48;AvgA=1.026;AvgB=1.231;HR1A=7;HR2A=5;HR1B=5;HR2B=4;TSA=;TSB=;Adi=;Bdi=1;TA=2;TB=1;Lco=39;S40=40;Noi dung=KNOCK OUT     50 ĐIỂM;Tran=TỨ KẾT\nTenA=NGUYỄN HỮU THANH;TenB=LÊ HOÀNG KIM;DiemA=40;DiemB=48;AvgA=1.026;AvgB=1.231;HR1A=7;HR2A=5;HR1B=5;HR2B=4;TSA=;TSB=;Adi=0;Bdi=;TA=2;TB=1;Lco=40;S40=40;Noi dung=KNOCK OUT     50 ĐIỂM;Tran=TỨ KẾT\nTenA=NGUYỄN HỮU THANH;TenB=LÊ HOÀNG KIM;DiemA=0;DiemB=0;AvgA=0.000;AvgB=0.000;HR1A=0;HR2A=0;HR1B=0;HR2B=0;TSA=;TSB=;Adi=0;Bdi=;TA=2;TB=2;Lco=1;S40=40;Noi dung=KNOCK OUT     50 ĐIỂM;Tran=TỨ KẾT\nTenA=LÊ HOÀNG KIM;TenB=NGUYỄN HỮU THANH;DiemA=0;DiemB=0;AvgA=0.000;AvgB=0.000;HR1A=0;HR2A=0;HR1B=0;HR2B=0;TSA=;TSB=;Adi=0;Bdi=;TA=2;TB=2;Lco=1;S40=40;Noi dung=KNOCK OUT     50 ĐIỂM;Tran=BÁN KẾT\nTenA=LÊ HOÀNG KIM;TenB=NGUYỄN HỮU THANH;DiemA=0;DiemB=0;AvgA=0.000;AvgB=0.000;HR1A=0;HR2A=0;HR1B=0;HR2B=0;TSA=;TSB=;Adi=0;Bdi=;TA=2;TB=2;Lco=1;S40=37;Noi dung=KNOCK OUT     50 ĐIỂM;Tran=BÁN KẾT\nTenA=LÊ HOÀNG KIM;TenB=NGUYỄN HỮU THANH;DiemA=0;DiemB=0;AvgA=0.000;AvgB=0.000;HR1A=0;HR2A=0;HR1B=0;HR2B=0;TSA=;TSB=;Adi=;Bdi=0;TA=2;TB=2;Lco=1;S40=00:00:00;Noi dung=KNOCK OUT     50 ĐIỂM;Tran=BÁN KẾT\nTenA=LÊ HOÀNG KIM;TenB=NGUYỄN HỮU THANH;DiemA=0;DiemB=1;AvgA=0.000;AvgB=1.000;HR1A=0;HR2A=0;HR1B=1;HR2B=0;TSA=;TSB=;Adi=;Bdi=1;TA=2;TB=2;Lco=1;S40=40;Noi dung=KNOCK OUT     50 ĐIỂM;Tran=BÁN KẾT\nTenA=LÊ HOÀNG KIM;TenB=NGUYỄN HỮU THANH;DiemA=0;DiemB=2;AvgA=0.000;AvgB=2.000;HR1A=0;HR2A=0;HR1B=2;HR2B=0;TSA=;TSB=;Adi=;Bdi=2;TA=2;TB=2;Lco=1;S40=40;Noi dung=KNOCK OUT     50 ĐIỂM;Tran=BÁN KẾT\nTenA=LÊ HOÀNG KIM;TenB=NGUYỄN HỮU THANH;DiemA=0;DiemB=3;AvgA=0.000;AvgB=3.000;HR1A=0;HR2A=0;HR1B=3;HR2B=0;TSA=;TSB=;Adi=;Bdi=3;TA=2;TB=2;Lco=1;S40=40;Noi dung=KNOCK OUT     50 ĐIỂM;Tran=BÁN KẾT\nTenA=LÊ HOÀNG KIM;TenB=NGUYỄN HỮU THANH;DiemA=0;DiemB=4;AvgA=0.000;AvgB=4.000;HR1A=0;HR2A=0;HR1B=4;HR2B=0;TSA=;TSB=;Adi=;Bdi=4;TA=2;TB=2;Lco=1;S40=40;Noi dung=KNOCK OUT     50 ĐIỂM;Tran=BÁN KẾT\nTenA=LÊ HOÀNG KIM;TenB=NGUYỄN HỮU THANH;DiemA=0;DiemB=5;AvgA=0.000;AvgB=5.000;HR1A=0;HR2A=0;HR1B=5;HR2B=0;TSA=;TSB=;Adi=;Bdi=5;TA=2;TB=2;Lco=1;S40=40;Noi dung=KNOCK OUT     50 ĐIỂM;Tran=BÁN KẾT\nTenA=LÊ HOÀNG KIM;TenB=NGUYỄN HỮU THANH;DiemA=0;DiemB=6;AvgA=0.000;AvgB=6.000;HR1A=0;HR2A=0;HR1B=6;HR2B=0;TSA=;TSB=;Adi=;Bdi=6;TA=2;TB=2;Lco=1;S40=40;Noi dung=KNOCK OUT     50 ĐIỂM;Tran=BÁN KẾT\nTenA=LÊ HOÀNG KIM;TenB=NGUYỄN HỮU THANH;DiemA=0;DiemB=7;AvgA=0.000;AvgB=7.000;HR1A=0;HR2A=0;HR1B=7;HR2B=0;TSA=;TSB=;Adi=;Bdi=7;TA=2;TB=2;Lco=1;S40=40;Noi dung=KNOCK OUT     50 ĐIỂM;Tran=BÁN KẾT\nTenA=LÊ HOÀNG KIM;TenB=NGUYỄN HỮU THANH;DiemA=0;DiemB=0;AvgA=0.000;AvgB=0.000;HR1A=0;HR2A=0;HR1B=0;HR2B=0;TSA=;TSB=;Adi=0;Bdi=;TA=2;TB=2;Lco=1;S40=40;Noi dung=KNOCK OUT     50 ĐIỂM;Tran=BÁN KẾT\nTenA=LÊ HOÀNG KIM;TenB=NGUYỄN HỮU THANH;DiemA=0;DiemB=0;AvgA=0.000;AvgB=0.000;HR1A=0;HR2A=0;HR1B=0;HR2B=0;TSA=;TSB=;Adi=0;Bdi=;TA=2;TB=2;Lco=1;S40=40;Noi dung=KNOCK OUT     50 ĐIỂM;Tran=BÁN KẾT\nTenA=LÊ HOÀNG KIM;TenB=NGUYỄN HỮU THANH;DiemA=0;DiemB=0;AvgA=0.000;AvgB=0.000;HR1A=0;HR2A=0;HR1B=0;HR2B=0;TSA=;TSB=;Adi=0;Bdi=;TA=2;TB=2;Lco=1;S40=40;Noi dung=KNOCK OUT     50 ĐIỂM;Tran=BÁN KẾT\nTenA=LÊ HOÀNG KIM;TenB=NGUYỄN HỮU THANH;DiemA=1;DiemB=0;AvgA=1.000;AvgB=0.000;HR1A=1;HR2A=0;HR1B=0;HR2B=0;TSA=;TSB=;Adi=1;Bdi=;TA=2;TB=2;Lco=1;S40=40;Noi dung=KNOCK OUT     50 ĐIỂM;Tran=BÁN KẾT\nTenA=LÊ HOÀNG KIM;TenB=NGUYỄN HỮU THANH;DiemA=2;DiemB=0;AvgA=2.000;AvgB=0.000;HR1A=2;HR2A=0;HR1B=0;HR2B=0;TSA=;TSB=;Adi=2;Bdi=;TA=2;TB=2;Lco=1;S40=39;Noi dung=KNOCK OUT     50 ĐIỂM;Tran=BÁN KẾT\nTenA=LÊ HOÀNG KIM;TenB=NGUYỄN HỮU THANH;DiemA=3;DiemB=0;AvgA=3.000;AvgB=0.000;HR1A=3;HR2A=0;HR1B=0;HR2B=0;TSA=;TSB=;Adi=3;Bdi=;TA=2;TB=2;Lco=1;S40=40;Noi dung=KNOCK OUT     50 ĐIỂM;Tran=BÁN KẾT\nTenA=LÊ HOÀNG KIM;TenB=NGUYỄN HỮU THANH;DiemA=4;DiemB=0;AvgA=4.000;AvgB=0.000;HR1A=4;HR2A=0;HR1B=0;HR2B=0;TSA=;TSB=;Adi=4;Bdi=;TA=2;TB=2;Lco=1;S40=40;Noi dung=KNOCK OUT     50 ĐIỂM;Tran=BÁN KẾT\nTenA=LÊ HOÀNG KIM;TenB=NGUYỄN HỮU THANH;DiemA=5;DiemB=0;AvgA=5.000;AvgB=0.000;HR1A=5;HR2A=0;HR1B=0;HR2B=0;TSA=;TSB=;Adi=5;Bdi=;TA=2;TB=2;Lco=1;S40=40;Noi dung=KNOCK OUT     50 ĐIỂM;Tran=BÁN KẾT\nTenA=LÊ HOÀNG KIM;TenB=NGUYỄN HỮU THANH;DiemA=6;DiemB=0;AvgA=6.000;AvgB=0.000;HR1A=6;HR2A=0;HR1B=0;HR2B=0;TSA=;TSB=;Adi=6;Bdi=;TA=2;TB=2;Lco=1;S40=40;Noi dung=KNOCK OUT     50 ĐIỂM;Tran=BÁN KẾT\nTenA=;TenB=;DiemA=0;DiemB=0;AvgA=0.000;AvgB=0.000;HR1A=0;HR2A=0;HR1B=0;HR2B=0;TSA=;TSB=;Adi=0;Bdi=;TA=2;TB=2;Lco=1;S40=40;Noi dung=KNOCK OUT     50 ĐIỂM;Tran=BÁN KẾT\nTenA=LÊ HOÀNG KIM;TenB=NGUYỄN HỮU THANH;DiemA=0;DiemB=0;AvgA=0.000;AvgB=0.000;HR1A=0;HR2A=0;HR1B=0;HR2B=0;TSA=;TSB=;Adi=0;Bdi=;TA=2;TB=2;Lco=1;S40=40;Noi dung=KNOCK OUT     50 ĐIỂM;Tran=BÁN KẾT\nTenA=;TenB=;DiemA=0;DiemB=0;AvgA=0.000;AvgB=0.000;HR1A=0;HR2A=0;HR1B=0;HR2B=0;TSA=;TSB=;Adi=0;Bdi=;TA=2;TB=2;Lco=1;S40=40;Noi dung=50 ĐIỂM;Tran=TRẬN 31\nTenA=;TenB=;DiemA=0;DiemB=0;AvgA=0.000;AvgB=0.000;HR1A=0;HR2A=0;HR1B=0;HR2B=0;TSA=;TSB=;Adi=0;Bdi=;TA=2;TB=2;Lco=1;S40=40;Noi dung=50 ĐIỂM;Tran=TRẬN 31\nTenA=TRẦN CHÍ THANH;TenB=NGÔ LÊ DUY;DiemA=0;DiemB=0;AvgA=0.000;AvgB=0.000;HR1A=0;HR2A=0;HR1B=0;HR2B=0;TSA=;TSB=;Adi=0;Bdi=;TA=2;TB=2;Lco=1;S40=39;Noi dung=50 ĐIỂM;Tran=TRẬN 31\nTenA=TRẦN CHÍ THANH;TenB=NGÔ LÊ DUY;DiemA=0;DiemB=0;AvgA=0.000;AvgB=0.000;HR1A=0;HR2A=0;HR1B=0;HR2B=0;TSA=;TSB=;Adi=0;Bdi=;TA=2;TB=2;Lco=1;S40=40;Noi dung=50 ĐIỂM;Tran=TRẬN 31\nTenA=TRẦN CHÍ THANH;TenB=NGÔ LÊ DUY;DiemA=0;DiemB=0;AvgA=0.000;AvgB=0.000;HR1A=0;HR2A=0;HR1B=0;HR2B=0;TSA=;TSB=;Adi=0;Bdi=;TA=2;TB=2;Lco=1;S40=40;Noi dung=50 ĐIỂM;Tran=TRẬN 31\nTenA=;TenB=;DiemA=0;DiemB=0;AvgA=0.000;AvgB=0.000;HR1A=0;HR2A=0;HR1B=0;HR2B=0;TSA=;TSB=;Adi=0;Bdi=;TA=2;TB=2;Lco=1;S40=40;Noi dung=50 ĐIỂM;Tran=TRẬN 26\nTenA=;TenB=;DiemA=0;DiemB=0;AvgA=0.000;AvgB=0.000;HR1A=0;HR2A=0;HR1B=0;HR2B=0;TSA=;TSB=;Adi=0;Bdi=;TA=2;TB=2;Lco=1;S40=40;Noi dung=50 ĐIỂM;Tran=TRẬN 26\nTenA=TRẦN THANH LỰC;TenB=CHIÊM HỒNG THÁI;DiemA=0;DiemB=0;AvgA=0.000;AvgB=0.000;HR1A=0;HR2A=0;HR1B=0;HR2B=0;TSA=;TSB=;Adi=0;Bdi=;TA=2;TB=2;Lco=1;S40=40;Noi dung=50 ĐIỂM;Tran=TRẬN 26\nTenA=TRẦN THANH LỰC;TenB=CHIÊM HỒNG THÁI;DiemA=0;DiemB=0;AvgA=0.000;AvgB=0.000;HR1A=0;HR2A=0;HR1B=0;HR2B=0;TSA=;TSB=;Adi=0;Bdi=;TA=2;TB=2;Lco=1;S40=40;Noi dung=50 ĐIỂM;Tran=TRẬN 26\nTenA=;TenB=;DiemA=0;DiemB=0;AvgA=0.000;AvgB=0.000;HR1A=0;HR2A=0;HR1B=0;HR2B=0;TSA=;TSB=;Adi=0;Bdi=;TA=2;TB=2;Lco=1;S40=40;Noi dung=40 ĐIỂM;Tran=TRẬN 26\nTenA=TRẦN THANH LỰC;TenB=CHIÊM HỒNG THÁI;DiemA=0;DiemB=0;AvgA=0.000;AvgB=0.000;HR1A=0;HR2A=0;HR1B=0;HR2B=0;TSA=;TSB=;Adi=0;Bdi=;TA=2;TB=2;Lco=1;S40=40;Noi dung=40 ĐIỂM;Tran=TRẬN 26\nTenA=TRẦN THANH LỰC;TenB=CHIÊM HỒNG THÁI;DiemA=0;DiemB=0;AvgA=0.000;AvgB=0.000;HR1A=0;HR2A=0;HR1B=0;HR2B=0;TSA=;TSB=;Adi=0;Bdi=;TA=2;TB=2;Lco=1;S40=40;Noi dung=40 ĐIỂM;Tran=TRẬN 26\nTenA=TRẦN THANH LỰC;TenB=CHIÊM HỒNG THÁI;DiemA=0;DiemB=0;AvgA=0.000;AvgB=0.000;HR1A=0;HR2A=0;HR1B=0;HR2B=0;TSA=;TSB=;Adi=0;Bdi=;TA=2;TB=2;Lco=1;S40=40;Noi dung=40 ĐIỂM;Tran=TRẬN 26\nTenA=TRẦN THANH LỰC;TenB=CHIÊM HỒNG THÁI;DiemA=0;DiemB=0;AvgA=0.000;AvgB=0.000;HR1A=0;HR2A=0;HR1B=0;HR2B=0;TSA=;TSB=;Adi=0;Bdi=;TA=2;TB=2;Lco=1;S40=40;Noi dung=40 ĐIỂM;Tran=TRẬN 26\nTenA=TRẦN THANH LỰC;TenB=CHIÊM HỒNG THÁI;DiemA=0;DiemB=0;AvgA=0.000;AvgB=0.000;HR1A=0;HR2A=0;HR1B=0;HR2B=0;TSA=;TSB=;Adi=0;Bdi=;TA=2;TB=2;Lco=1;S40=40;Noi dung=40 ĐIỂM;Tran=TRẬN 26\nTenA=TRẦN THANH LỰC;TenB=CHIÊM HỒNG THÁI;DiemA=0;DiemB=0;AvgA=0.000;AvgB=0.000;HR1A=0;HR2A=0;HR1B=0;HR2B=0;TSA=;TSB=;Adi=0;Bdi=;TA=2;TB=2;Lco=1;S40=40;Noi dung=40 ĐIỂM;Tran=TRẬN 26\nTenA=TRẦN THANH LỰC;TenB=CHIÊM HỒNG THÁI;DiemA=0;DiemB=0;AvgA=0.000;AvgB=0.000;HR1A=0;HR2A=0;HR1B=0;HR2B=0;TSA=;TSB=;Adi=0;Bdi=;TA=2;TB=2;Lco=1;S40=40;Noi dung=40 ĐIỂM;Tran=TRẬN 26\nTenA=TRẦN THANH LỰC;TenB=CHIÊM HỒNG THÁI;DiemA=0;DiemB=0;AvgA=0.000;AvgB=0.000;HR1A=0;HR2A=0;HR1B=0;HR2B=0;TSA=;TSB=;Adi=0;Bdi=;TA=2;TB=2;Lco=1;S40=40;Noi dung=40 ĐIỂM;Tran=TRẬN 26\nTenA=TRẦN THANH LỰC;TenB=CHIÊM HỒNG THÁI;DiemA=0;DiemB=0;AvgA=0.000;AvgB=0.000;HR1A=0;HR2A=0;HR1B=0;HR2B=0;TSA=;TSB=;Adi=0;Bdi=;TA=2;TB=2;Lco=1;S40=40;Noi dung=40 ĐIỂM;Tran=TRẬN 26\nTenA=TRẦN THANH LỰC;TenB=CHIÊM HỒNG THÁI;DiemA=0;DiemB=0;AvgA=0.000;AvgB=0.000;HR1A=0;HR2A=0;HR1B=0;HR2B=0;TSA=;TSB=;Adi=0;Bdi=;TA=2;TB=2;Lco=1;S40=40;Noi dung=40 ĐIỂM;Tran=TRẬN 26\nTenA=TRẦN THANH LỰC;TenB=CHIÊM HỒNG THÁI;DiemA=0;DiemB=0;AvgA=0.000;AvgB=0.000;HR1A=0;HR2A=0;HR1B=0;HR2B=0;TSA=;TSB=;Adi=0;Bdi=;TA=2;TB=2;Lco=1;S40=40;Noi dung=40 ĐIỂM;Tran=TRẬN 26\nTenA=TRẦN THANH LỰC;TenB=CHIÊM HỒNG THÁI;DiemA=0;DiemB=0;AvgA=0.000;AvgB=0.000;HR1A=0;HR2A=0;HR1B=0;HR2B=0;TSA=;TSB=;Adi=0;Bdi=;TA=2;TB=2;Lco=1;S40=40;Noi dung=40 ĐIỂM;Tran=TRẬN 26\nTenA=TRẦN THANH LỰC;TenB=CHIÊM HỒNG THÁI;DiemA=0;DiemB=0;AvgA=0.000;AvgB=0.000;HR1A=0;HR2A=0;HR1B=0;HR2B=0;TSA=;TSB=;Adi=0;Bdi=;TA=2;TB=2;Lco=1;S40=40;Noi dung=40 ĐIỂM;Tran=TRẬN 26\nTenA=TRẦN THANH LỰC;TenB=CHIÊM HỒNG THÁI;DiemA=0;DiemB=0;AvgA=0.000;AvgB=0.000;HR1A=0;HR2A=0;HR1B=0;HR2B=0;TSA=;TSB=;Adi=0;Bdi=;TA=2;TB=2;Lco=1;S40=40;Noi dung=40 ĐIỂM;Tran=TRẬN 26\nTenA=CHÍ MINH (Bilavi).;TenB=QUỐC QUỲNH (Quốc Thuận);DiemA=14;DiemB=16;AvgA=0.000;AvgB=0.000;HR1A=5;HR2A=5;HR1B=6;HR2B=4;TSA=;TSB=;Adi=3;Bdi=;TA=2;TB=2;Lco=12;S40=00:00:00;Noi dung=Vòng loại\n30 ĐIỂM / 40LC;Tran=Trận 66\nTenA=CHÍ MINH (Bilavi).;TenB=QUỐC QUỲNH (Quốc Thuận);DiemA=15;DiemB=16;AvgA=1.250;AvgB=0.000;HR1A=5;HR2A=5;HR1B=6;HR2B=4;TSA=;TSB=;Adi=4;Bdi=;TA=2;TB=2;Lco=12;S40=40;Noi dung=Vòng loại\n30 ĐIỂM / 40LC;Tran=Trận 66\nTenA=CHÍ MINH (Bilavi).;TenB=QUỐC QUỲNH (Quốc Thuận);DiemA=15;DiemB=16;AvgA=1.250;AvgB=0.000;HR1A=5;HR2A=5;HR1B=6;HR2B=4;TSA=;TSB=;Adi=;Bdi=0;TA=2;TB=2;Lco=12;S40=40;Noi dung=Vòng loại\n30 ĐIỂM / 40LC;Tran=Trận 66\nTenA=CHÍ MINH (Bilavi).;TenB=QUỐC QUỲNH (Quốc Thuận);DiemA=15;DiemB=17;AvgA=1.250;AvgB=1.417;HR1A=5;HR2A=5;HR1B=6;HR2B=4;TSA=;TSB=;Adi=;Bdi=1;TA=2;TB=2;Lco=12;S40=40;Noi dung=Vòng loại\n30 ĐIỂM / 40LC;Tran=Trận 66\nTenA=CHÍ MINH (Bilavi).;TenB=QUỐC QUỲNH (Quốc Thuận);DiemA=15;DiemB=18;AvgA=1.250;AvgB=1.500;HR1A=5;HR2A=5;HR1B=6;HR2B=4;TSA=;TSB=;Adi=;Bdi=2;TA=2;TB=2;Lco=12;S40=40;Noi dung=Vòng loại\n30 ĐIỂM / 40LC;Tran=Trận 66\nTenA=CHÍ MINH (Bilavi).;TenB=QUỐC QUỲNH (Quốc Thuận);DiemA=15;DiemB=19;AvgA=1.250;AvgB=1.583;HR1A=5;HR2A=5;HR1B=6;HR2B=4;TSA=;TSB=;Adi=;Bdi=3;TA=2;TB=2;Lco=12;S40=40;Noi dung=Vòng loại\n30 ĐIỂM / 40LC;Tran=Trận 66\nTenA=CHÍ MINH (Bilavi).;TenB=QUỐC QUỲNH (Quốc Thuận);DiemA=15;DiemB=20;AvgA=1.250;AvgB=1.667;HR1A=5;HR2A=5;HR1B=6;HR2B=4;TSA=;TSB=;Adi=;Bdi=4;TA=2;TB=2;Lco=12;S40=40;Noi dung=Vòng loại\n30 ĐIỂM / 40LC;Tran=Trận 66\nTenA=CHÍ MINH (Bilavi).;TenB=QUỐC QUỲNH (Quốc Thuận);DiemA=15;DiemB=20;AvgA=1.250;AvgB=1.667;HR1A=5;HR2A=5;HR1B=6;HR2B=4;TSA=;TSB=;Adi=0;Bdi=;TA=2;TB=2;Lco=13;S40=40;Noi dung=Vòng loại\n30 ĐIỂM / 40LC;Tran=Trận 66\nTenA=TRUNG HẬU (The Brother);TenB=ĐẠI PHONG (Tự do).;DiemA=16;DiemB=20;AvgA=1.231;AvgB=1.667;HR1A=5;HR2A=5;HR1B=6;HR2B=4;TSA=;TSB=;Adi=1;Bdi=;TA=2;TB=2;Lco=13;S40=40;Noi dung=Vòng loại\n30 ĐIỂM / 40LC;Tran=Trận 85\nTenA=TRUNG HẬU (The Brother);TenB=ĐẠI PHONG (Tự do).;DiemA=16;DiemB=20;AvgA=1.231;AvgB=1.667;HR1A=5;HR2A=5;HR1B=6;HR2B=4;TSA=;TSB=;Adi=;Bdi=0;TA=2;TB=2;Lco=13;S40=40;Noi dung=Vòng loại\n30 ĐIỂM / 40LC;Tran=Trận 85\nTenA=TRUNG HẬU (The Brother);TenB=ĐẠI PHONG (Tự do).;DiemA=16;DiemB=20;AvgA=1.231;AvgB=1.429;HR1A=5;HR2A=5;HR1B=6;HR2B=4;TSA=;TSB=;Adi=0;Bdi=;TA=2;TB=2;Lco=14;S40=40;Noi dung=Vòng loại\n30 ĐIỂM / 40LC;Tran=Trận 85\nTenA=TRUNG HẬU (The Brother);TenB=ĐẠI PHONG (Tự do).;DiemA=16;DiemB=20;AvgA=1.143;AvgB=1.429;HR1A=5;HR2A=5;HR1B=6;HR2B=4;TSA=;TSB=;Adi=;Bdi=0;TA=2;TB=2;Lco=14;S40=40;Noi dung=Vòng loại\n30 ĐIỂM / 40LC;Tran=Trận 85\nTenA=TRUNG HẬU (The Brother);TenB=ĐẠI PHONG (Tự do).;DiemA=16;DiemB=20;AvgA=1.143;AvgB=1.333;HR1A=5;HR2A=5;HR1B=6;HR2B=4;TSA=;TSB=;Adi=0;Bdi=;TA=2;TB=2;Lco=15;S40=40;Noi dung=Vòng loại\n30 ĐIỂM / 40LC;Tran=Trận 85\nTenA=TRUNG HẬU (The Brother);TenB=ĐẠI PHONG (Tự do).;DiemA=17;DiemB=20;AvgA=1.133;AvgB=1.333;HR1A=5;HR2A=5;HR1B=6;HR2B=4;TSA=;TSB=;Adi=1;Bdi=;TA=2;TB=2;Lco=15;S40=40;Noi dung=Vòng loại\n30 ĐIỂM / 40LC;Tran=Trận 85\nTenA=TRUNG HẬU (The Brother);TenB=ĐẠI PHONG (Tự do).;DiemA=17;DiemB=20;AvgA=1.133;AvgB=1.333;HR1A=5;HR2A=5;HR1B=6;HR2B=4;TSA=;TSB=;Adi=;Bdi=0;TA=2;TB=2;Lco=15;S40=40;Noi dung=Vòng loại\n30 ĐIỂM / 40LC;Tran=Trận 85\nTenA=TRUNG HẬU (The Brother);TenB=ĐẠI PHONG (Tự do).;DiemA=17;DiemB=21;AvgA=1.133;AvgB=1.400;HR1A=5;HR2A=5;HR1B=6;HR2B=4;TSA=;TSB=;Adi=;Bdi=1;TA=2;TB=2;Lco=15;S40=40;Noi dung=Vòng loại\n30 ĐIỂM / 40LC;Tran=Trận 85\nTenA=TẤN HẢI (MK).;TenB=QUỐC KIỆT (Vũ Ngọc);DiemA=17;DiemB=22;AvgA=1.133;AvgB=1.467;HR1A=5;HR2A=5;HR1B=6;HR2B=4;TSA=;TSB=;Adi=;Bdi=2;TA=2;TB=2;Lco=15;S40=40;Noi dung=Vòng loại\n30 ĐIỂM / 40LC;Tran=Trận 90\nTenA=TẤN HẢI (MK).;TenB=QUỐC KIỆT (Vũ Ngọc);DiemA=17;DiemB=22;AvgA=1.133;AvgB=1.467;HR1A=5;HR2A=5;HR1B=6;HR2B=4;TSA=;TSB=;Adi=0;Bdi=;TA=2;TB=2;Lco=16;S40=00:00:00;Noi dung=Vòng loại\n30 ĐIỂM / 40LC;Tran=Trận 90\nTenA=TẤN HẢI (MK).;TenB=QUỐC KIỆT (Vũ Ngọc);DiemA=18;DiemB=22;AvgA=1.125;AvgB=1.467;HR1A=5;HR2A=5;HR1B=6;HR2B=4;TSA=;TSB=;Adi=1;Bdi=;TA=2;TB=2;Lco=16;S40=40;Noi dung=Vòng loại\n30 ĐIỂM / 40LC;Tran=Trận 90'}
[2026-01-30 12:40:04] SET TenA.Text='' -> 200
[2026-01-30 12:40:04] SET TenB.Text='' -> 200
[2026-01-30 12:40:04] SET DiemA.Text='' -> 200
[2026-01-30 12:40:04] SET DiemB.Text='' -> 200
[2026-01-30 12:40:04] SET Lco.Text='' -> 200
[2026-01-30 12:40:04] SET HR1A.Text='' -> 200
[2026-01-30 12:40:04] SET HR2A.Text='' -> 200
[2026-01-30 12:40:04] SET HR1B.Text='' -> 200
[2026-01-30 12:40:04] SET HR2B.Text='' -> 200
[2026-01-30 12:40:04] Done
[2026-01-30T13:47:04.726901] TOOLBAR_LOAD pressed (simulated)
[2026-01-30T13:47:04.728347] TOOLBAR_LOAD loaded d:\CHUNG - LINH TINH\Phần mềm NTC\Quản lí livestream\QUỐC THUẬN.csv rows_total=17 data_rows=7
[2026-01-30T13:47:04.728666] TOOLBAR_LOAD preview first_row=['', 'BÀN TV', '', '', 'Vòng loại\n30 ĐIỂM / 40LC', 'http://LENOVO:8088']
[2026-01-30T13:47:50] MANUAL_TEST_APPEND
[2026-01-30T13:50:55.278791] TOOLBAR_LOAD pressed (simulated)
[2026-01-30T13:50:55.279819] TOOLBAR_LOAD loaded d:\CHUNG - LINH TINH\Phần mềm NTC\Quản lí livestream\QUỐC THUẬN.csv rows_total=17 data_rows=7
[2026-01-30T13:50:55.280240] TOOLBAR_LOAD preview first_row=['', 'BÀN TV', '', '', 'Vòng loại\n30 ĐIỂM / 40LC', 'http://LENOVO:8088']
[2026-01-30T14:04:01.820407] TOOLBAR_LOAD pressed (simulated)
[2026-01-30T14:04:01.823372] TOOLBAR_LOAD loaded d:\CHUNG - LINH TINH\Phần mềm NTC\Quản lí livestream\QUỐC THUẬN.csv rows_total=17 data_rows=7
[2026-01-30T14:04:01.824074] TOOLBAR_LOAD preview first_row=['', 'BÀN TV', '', '', 'Vòng loại\n30 ĐIỂM / 40LC', 'http://LENOVO:8088']
[2026-01-30T14:08:39.048761] TOOLBAR_LOAD pressed (simulated)
[2026-01-30T14:08:39.050678] TOOLBAR_LOAD loaded d:\CHUNG - LINH TINH\Phần mềm NTC\Quản lí livestream\QUỐC THUẬN.csv rows_total=17 data_rows=7
[2026-01-30T14:08:39.051088] TOOLBAR_LOAD preview first_row=['', 'BÀN TV', '', '', 'Vòng loại\n30 ĐIỂM / 40LC', 'http://LENOVO:8088']
[2026-01-30T14:28:13.224421] TOOLBAR_LOAD pressed (simulated)
[2026-01-30T14:28:13.225658] TOOLBAR_LOAD loaded d:\CHUNG - LINH TINH\Phần mềm NTC\Quản lí livestream\QUỐC THUẬN.csv rows_total=17 data_rows=7
[2026-01-30T14:28:13.226050] TOOLBAR_LOAD preview first_row=['', 'BÀN TV', '', '', 'Vòng loại\n30 ĐIỂM / 40LC', 'http://LENOVO:8088']
[2026-01-30 17:19:03.220127] PREWRITE per-row tran=137 target_row=138 items=11
[2026-01-30 17:19:03.220140] PREWRITE_ITEM Kết quả!D138 values=[['DIỆU LƯƠNG (Tự do).']]
[2026-01-30 17:19:03.220151] PREWRITE_ITEM Kết quả!F138 values=[['NGỌC SÂM (Q2).']]
[2026-01-30 17:19:03.220154] PREWRITE_ITEM Kết quả!G138 values=[['10']]
[2026-01-30 17:19:03.220157] PREWRITE_ITEM Kết quả!H138 values=[['12']]
[2026-01-30 17:19:03.220159] PREWRITE_ITEM Kết quả!I138 values=[['5']]
[2026-01-30 17:19:03.220160] PREWRITE_ITEM Kết quả!J138 values=[['8']]
[2026-01-30 17:19:03.220161] PREWRITE_ITEM Kết quả!K138 values=[['2']]
[2026-01-30 17:19:03.220162] PREWRITE_ITEM Kết quả!L138 values=[['5']]
[2026-01-30 17:19:03.220164] PREWRITE_ITEM Kết quả!M138 values=[['4']]
[2026-01-30 17:19:03.220164] PREWRITE_ITEM Kết quả!N138 values=[['2,000']]
[2026-01-30 17:19:03.220166] PREWRITE_ITEM Kết quả!O138 values=[['2,400']]
[2026-01-30 17:19:03.220649] WRITE_OK per-row tran=137 target_row=138 wrote=11
[2026-01-30 17:37:34.320186] PREWRITE per-row tran=137 target_row=138 items=11
[2026-01-30 17:37:34.320201] PREWRITE_ITEM Kết quả!D138 values=[['DIỆU LƯƠNG (Tự do).']]
[2026-01-30 17:37:34.320212] PREWRITE_ITEM Kết quả!F138 values=[['NGỌC SÂM (Q2).']]
[2026-01-30 17:37:34.320216] PREWRITE_ITEM Kết quả!G138 values=[['10']]
[2026-01-30 17:37:34.320219] PREWRITE_ITEM Kết quả!H138 values=[['18']]
[2026-01-30 17:37:34.320221] PREWRITE_ITEM Kết quả!I138 values=[['5']]
[2026-01-30 17:37:34.320222] PREWRITE_ITEM Kết quả!J138 values=[['8']]
[2026-01-30 17:37:34.320224] PREWRITE_ITEM Kết quả!K138 values=[['2']]
[2026-01-30 17:37:34.320225] PREWRITE_ITEM Kết quả!L138 values=[['9']]
[2026-01-30 17:37:34.320226] PREWRITE_ITEM Kết quả!M138 values=[['4']]
[2026-01-30 17:37:34.320227] PREWRITE_ITEM Kết quả!N138 values=[['2,000']]
[2026-01-30 17:37:34.320229] PREWRITE_ITEM Kết quả!O138 values=[['3,600']]
[2026-01-30 17:37:34.320718] WRITE_OK per-row tran=137 target_row=138 wrote=11
[2026-01-30 17:53:29.750490] PREWRITE per-row tran=137 target_row=138 items=11
[2026-01-30 17:53:29.750500] PREWRITE_ITEM Kết quả!D138 values=[['DIỆU LƯƠNG (Tự do).']]
[2026-01-30 17:53:29.750509] PREWRITE_ITEM Kết quả!F138 values=[['NGỌC SÂM (Q2).']]
[2026-01-30 17:53:29.750512] PREWRITE_ITEM Kết quả!G138 values=[['10']]
[2026-01-30 17:53:29.750514] PREWRITE_ITEM Kết quả!H138 values=[['18']]
[2026-01-30 17:53:29.750516] PREWRITE_ITEM Kết quả!I138 values=[['5']]
[2026-01-30 17:53:29.750518] PREWRITE_ITEM Kết quả!J138 values=[['8']]
[2026-01-30 17:53:29.750519] PREWRITE_ITEM Kết quả!K138 values=[['2']]
[2026-01-30 17:53:29.750520] PREWRITE_ITEM Kết quả!L138 values=[['9']]
[2026-01-30 17:53:29.750521] PREWRITE_ITEM Kết quả!M138 values=[['4']]
[2026-01-30 17:53:29.750522] PREWRITE_ITEM Kết quả!N138 values=[['2,000']]
[2026-01-30 17:53:29.750524] PREWRITE_ITEM Kết quả!O138 values=[['3,600']]
[2026-01-30 17:53:30.370913] WRITE_OK per-row tran=137 target_row=138 wrote=11
[2026-01-30 17:53:52.834996] PREWRITE per-row tran=137 target_row=138 items=11
[2026-01-30 17:53:52.835009] PREWRITE_ITEM Kết quả!D138 values=[['NGỌC SÂM (Q2).']]
[2026-01-30 17:53:52.835018] PREWRITE_ITEM Kết quả!F138 values=[['DIỆU LƯƠNG (Tự do).']]
[2026-01-30 17:53:52.835022] PREWRITE_ITEM Kết quả!G138 values=[['10']]
[2026-01-30 17:53:52.835024] PREWRITE_ITEM Kết quả!H138 values=[['18']]
[2026-01-30 17:53:52.835026] PREWRITE_ITEM Kết quả!I138 values=[['5']]
[2026-01-30 17:53:52.835028] PREWRITE_ITEM Kết quả!J138 values=[['8']]
[2026-01-30 17:53:52.835030] PREWRITE_ITEM Kết quả!K138 values=[['2']]
[2026-01-30 17:53:52.835032] PREWRITE_ITEM Kết quả!L138 values=[['9']]
[2026-01-30 17:53:52.835033] PREWRITE_ITEM Kết quả!M138 values=[['4']]
[2026-01-30 17:53:52.835035] PREWRITE_ITEM Kết quả!N138 values=[['2,000']]
[2026-01-30 17:53:52.835036] PREWRITE_ITEM Kết quả!O138 values=[['3,600']]
[2026-01-30 17:53:53.414967] WRITE_OK per-row tran=137 target_row=138 wrote=11
[2026-01-31 18:34:32.189543] PREWRITE per-row tran=176 target_row=177 items=11
[2026-01-31 18:34:32.189555] PREWRITE_ITEM Kết quả!D177 values=[['NHƯ LÊ (Thạnh Lộc)']]
[2026-01-31 18:34:32.189564] PREWRITE_ITEM Kết quả!F177 values=[['PHƯƠNG VINH (Phúc Thịnh)']]
[2026-01-31 18:34:32.189568] PREWRITE_ITEM Kết quả!G177 values=[['10']]
[2026-01-31 18:34:32.189571] PREWRITE_ITEM Kết quả!H177 values=[['12']]
[2026-01-31 18:34:32.189573] PREWRITE_ITEM Kết quả!I177 values=[['5']]
[2026-01-31 18:34:32.189574] PREWRITE_ITEM Kết quả!J177 values=[['8']]
[2026-01-31 18:34:32.189576] PREWRITE_ITEM Kết quả!K177 values=[['2']]
[2026-01-31 18:34:32.189577] PREWRITE_ITEM Kết quả!L177 values=[['5']]
[2026-01-31 18:34:32.189578] PREWRITE_ITEM Kết quả!M177 values=[['4']]
[2026-01-31 18:34:32.189580] PREWRITE_ITEM Kết quả!N177 values=[['2,000']]
[2026-01-31 18:34:32.189581] PREWRITE_ITEM Kết quả!O177 values=[['2,400']]
[2026-01-31 18:34:32.688549] WRITE_OK per-row tran=176 target_row=177 wrote=11
[2026-01-31 18:35:04.543945] PREWRITE per-row tran=176 target_row=177 items=11
[2026-01-31 18:35:04.543955] PREWRITE_ITEM Kết quả!D177 values=[['PHƯƠNG VINH (Phúc Thịnh)']]
[2026-01-31 18:35:04.543962] PREWRITE_ITEM Kết quả!F177 values=[['NHƯ LÊ (Thạnh Lộc)']]
[2026-01-31 18:35:04.543965] PREWRITE_ITEM Kết quả!G177 values=[['10']]
[2026-01-31 18:35:04.543966] PREWRITE_ITEM Kết quả!H177 values=[['12']]
[2026-01-31 18:35:04.543968] PREWRITE_ITEM Kết quả!I177 values=[['5']]
[2026-01-31 18:35:04.543969] PREWRITE_ITEM Kết quả!J177 values=[['8']]
[2026-01-31 18:35:04.543971] PREWRITE_ITEM Kết quả!K177 values=[['2']]
[2026-01-31 18:35:04.543972] PREWRITE_ITEM Kết quả!L177 values=[['5']]
[2026-01-31 18:35:04.543973] PREWRITE_ITEM Kết quả!M177 values=[['4']]
[2026-01-31 18:35:04.543974] PREWRITE_ITEM Kết quả!N177 values=[['2,000']]
[2026-01-31 18:35:04.543976] PREWRITE_ITEM Kết quả!O177 values=[['2,400']]
[2026-01-31 18:35:05.025054] WRITE_OK per-row tran=176 target_row=177 wrote=11
