[2026-01-29 19:34:05.917121] FORCE_PREWRITE match=90 row=91 items=3
[2026-01-29 19:34:05.917137] FORCE_PREWRITE_ITEM Kết quả!D91 values=[['QUỐC KIỆT (Vũ Ngọc)']]
[2026-01-29 19:34:05.917150] FORCE_PREWRITE_ITEM Kết quả!F91 values=[['TẤN HẢI (MK).']]
[2026-01-29 19:34:05.917155] FORCE_PREWRITE_ITEM Kết quả!AA91:AK91 values=[['QUỐC KIỆT (Vũ Ngọc)', 'TẤN HẢI (MK).', '17', '22', '15', '5', '5', '6', '4', '1.133', '1.467']]
[2026-01-29 19:34:06.427900] FORCE_WRITE_OK match=90 row=91 res={'spreadsheetId': '1ACFOmGQDQrAJvFWXJYIEdvhUJJFQC7LViVvt-AHjl-c', 'totalUpdatedRows': 1, 'totalUpdatedColumns': 13, 'totalUpdatedCells': 13, 'totalUpdatedSheets': 1, 'responses': [{'spreadsheetId': '1ACFOmGQDQrAJvFWXJYIEdvhUJJFQC7LViVvt-AHjl-c', 'updatedRange': "'Kết quả'!D91", 'updatedRows': 1, 'updatedColumns': 1, 'updatedCells': 1}, {'spreadsheetId': '1ACFOmGQDQrAJvFWXJYIEdvhUJJFQC7LViVvt-AHjl-c', 'updatedRange': "'Kết quả'!F91", 'updatedRows': 1, 'updatedColumns': 1, 'updatedCells': 1}, {'spreadsheetId': '1ACFOmGQDQrAJvFWXJYIEdvhUJJFQC7LViVvt-AHjl-c', 'updatedRange': "'Kết quả'!AA91:AK91", 'updatedRows': 1, 'updatedColumns': 11, 'updatedCells': 11}]}
[2026-01-29 19:35:02.956241] FORCE_PREWRITE match=90 row=91 items=3
[2026-01-29 19:35:02.956252] FORCE_PREWRITE_ITEM Kết quả!D91 values=[['TẤN HẢI (MK).']]
[2026-01-29 19:35:02.956260] FORCE_PREWRITE_ITEM Kết quả!F91 values=[['QUỐC KIỆT (Vũ Ngọc)']]
[2026-01-29 19:35:02.956262] FORCE_PREWRITE_ITEM Kết quả!AA91:AK91 values=[['TẤN HẢI (MK).', 'QUỐC KIỆT (Vũ Ngọc)', '17', '22', '15', '5', '5', '6', '4', '1.133', '1.467']]
[2026-01-29 19:35:03.444500] FORCE_WRITE_OK match=90 row=91 res={'spreadsheetId': '1ACFOmGQDQrAJvFWXJYIEdvhUJJFQC7LViVvt-AHjl-c', 'totalUpdatedRows': 1, 'totalUpdatedColumns': 13, 'totalUpdatedCells': 13, 'totalUpdatedSheets': 1, 'responses': [{'spreadsheetId': '1ACFOmGQDQrAJvFWXJYIEdvhUJJFQC7LViVvt-AHjl-c', 'updatedRange': "'Kết quả'!D91", 'updatedRows': 1, 'updatedColumns': 1, 'updatedCells': 1}, {'spreadsheetId': '1ACFOmGQDQrAJvFWXJYIEdvhUJJFQC7LViVvt-AHjl-c', 'updatedRange': "'Kết quả'!F91", 'updatedRows': 1, 'updatedColumns': 1, 'updatedCells': 1}, {'spreadsheetId': '1ACFOmGQDQrAJvFWXJYIEdvhUJJFQC7LViVvt-AHjl-c', 'updatedRange': "'Kết quả'!AA91:AK91", 'updatedRows': 1, 'updatedColumns': 11, 'updatedCells': 11}]}
[2026-01-29 19:35:19.504950] ENTER update_gsheet_with_vmix_full spreadsheet_id=1ACFOmGQDQrAJvFWXJYIEdvhUJJFQC7LViVvt-AHjl-c creds_exists=True
[2026-01-29 19:35:20.871583] update_gsheet_with_vmix_full: read_range=Kết quả!A1:Z2000 rows_count=193
[2026-01-29 19:35:38.157193] PREWRITE vmix_idx=0 tran_raw='16' target_row=17 batch_items=12
[2026-01-29 19:35:38.157203] PREWRITE_ITEM range=Kết quả!G17 values=[['17']]
[2026-01-29 19:35:38.157210] PREWRITE_ITEM range=Kết quả!H17 values=[['22']]
[2026-01-29 19:35:38.157213] PREWRITE_ITEM range=Kết quả!I17 values=[['15']]
[2026-01-29 19:35:38.157214] PREWRITE_ITEM range=Kết quả!J17 values=[['5']]
[2026-01-29 19:35:38.157216] PREWRITE_ITEM range=Kết quả!K17 values=[['5']]
[2026-01-29 19:35:38.157218] PREWRITE_ITEM range=Kết quả!L17 values=[['6']]
[2026-01-29 19:35:38.157219] PREWRITE_ITEM range=Kết quả!M17 values=[['4']]
[2026-01-29 19:35:38.157220] PREWRITE_ITEM range=Kết quả!D17 values=[['TẤN HẢI (MK).']]
[2026-01-29 19:35:38.157222] PREWRITE_ITEM range=Kết quả!F17 values=[['QUỐC KIỆT (Vũ Ngọc)']]
[2026-01-29 19:35:38.157224] PREWRITE_ITEM range=Kết quả!N17 values=[['1.133']]
[2026-01-29 19:35:38.157226] PREWRITE_ITEM range=Kết quả!O17 values=[['1.467']]
[2026-01-29 19:35:38.157227] PREWRITE_ITEM range=Kết quả!AA17:AK17 values=[['TẤN HẢI (MK).', 'QUỐC KIỆT (Vũ Ngọc)', '17', '22', '15', '5', '5', '6', '4', '1.133', '1.467']]
[2026-01-29 19:35:38.696689] WRITE_OK vmix_idx=0 tran_raw='16' target_row=17 wrote=12
[2026-01-29 19:35:38.696935] PREWRITE vmix_idx=1 tran_raw='7' target_row=8 batch_items=12
[2026-01-29 19:35:38.696940] PREWRITE_ITEM range=Kết quả!G8 values=[['']]
[2026-01-29 19:35:38.696947] PREWRITE_ITEM range=Kết quả!H8 values=[['']]
[2026-01-29 19:35:38.696949] PREWRITE_ITEM range=Kết quả!I8 values=[['']]
[2026-01-29 19:35:38.696950] PREWRITE_ITEM range=Kết quả!J8 values=[['']]
[2026-01-29 19:35:38.696951] PREWRITE_ITEM range=Kết quả!K8 values=[['']]
[2026-01-29 19:35:38.696953] PREWRITE_ITEM range=Kết quả!L8 values=[['']]
[2026-01-29 19:35:38.696954] PREWRITE_ITEM range=Kết quả!M8 values=[['']]
[2026-01-29 19:35:38.696955] PREWRITE_ITEM range=Kết quả!D8 values=[['']]
[2026-01-29 19:35:38.696956] PREWRITE_ITEM range=Kết quả!F8 values=[['']]
[2026-01-29 19:35:38.696957] PREWRITE_ITEM range=Kết quả!N8 values=[['']]
[2026-01-29 19:35:38.696959] PREWRITE_ITEM range=Kết quả!O8 values=[['']]
[2026-01-29 19:35:38.696960] PREWRITE_ITEM range=Kết quả!AA8:AK8 values=[['', '', '', '', '', '', '', '', '', '', '']]
[2026-01-29 19:35:39.093583] WRITE_OK vmix_idx=1 tran_raw='7' target_row=8 wrote=12
[2026-01-29 19:35:39.093817] PREWRITE vmix_idx=2 tran_raw='59' target_row=60 batch_items=12
[2026-01-29 19:35:39.093822] PREWRITE_ITEM range=Kết quả!G60 values=[['18']]
[2026-01-29 19:35:39.093828] PREWRITE_ITEM range=Kết quả!H60 values=[['9']]
[2026-01-29 19:35:39.093831] PREWRITE_ITEM range=Kết quả!I60 values=[['11']]
[2026-01-29 19:35:39.093832] PREWRITE_ITEM range=Kết quả!J60 values=[['4']]
[2026-01-29 19:35:39.093834] PREWRITE_ITEM range=Kết quả!K60 values=[['3']]
[2026-01-29 19:35:39.093835] PREWRITE_ITEM range=Kết quả!L60 values=[['3']]
[2026-01-29 19:35:39.093836] PREWRITE_ITEM range=Kết quả!M60 values=[['2']]
[2026-01-29 19:35:39.093837] PREWRITE_ITEM range=Kết quả!D60 values=[['MINH THIỆN (G Nguyễn)']]
[2026-01-29 19:35:39.093840] PREWRITE_ITEM range=Kết quả!F60 values=[['TRUNG HẬU (The Brother)']]
[2026-01-29 19:35:39.093841] PREWRITE_ITEM range=Kết quả!N60 values=[['1.636']]
[2026-01-29 19:35:39.093843] PREWRITE_ITEM range=Kết quả!O60 values=[['0.900']]
[2026-01-29 19:35:39.093844] PREWRITE_ITEM range=Kết quả!AA60:AK60 values=[['MINH THIỆN (G Nguyễn)', 'TRUNG HẬU (The Brother)', '18', '9', '11', '4', '3', '3', '2', '1.636', '0.900']]
[2026-01-29 19:35:39.543536] WRITE_OK vmix_idx=2 tran_raw='59' target_row=60 wrote=12
[2026-01-29 19:35:39.543823] PREWRITE vmix_idx=3 tran_raw='60' target_row=61 batch_items=12
[2026-01-29 19:35:39.543829] PREWRITE_ITEM range=Kết quả!G61 values=[['19']]
[2026-01-29 19:35:39.543835] PREWRITE_ITEM range=Kết quả!H61 values=[['10']]
[2026-01-29 19:35:39.543837] PREWRITE_ITEM range=Kết quả!I61 values=[['19']]
[2026-01-29 19:35:39.543838] PREWRITE_ITEM range=Kết quả!J61 values=[['3']]
[2026-01-29 19:35:39.543840] PREWRITE_ITEM range=Kết quả!K61 values=[['3']]
[2026-01-29 19:35:39.543841] PREWRITE_ITEM range=Kết quả!L61 values=[['2']]
[2026-01-29 19:35:39.543843] PREWRITE_ITEM range=Kết quả!M61 values=[['2']]
[2026-01-29 19:35:39.543844] PREWRITE_ITEM range=Kết quả!D61 values=[['NGỌC CHÂU (HT TQC).']]
[2026-01-29 19:35:39.543846] PREWRITE_ITEM range=Kết quả!F61 values=[['HOÀNG HUÂN (Hồng Ly).']]
[2026-01-29 19:35:39.543848] PREWRITE_ITEM range=Kết quả!N61 values=[['1,000']]
[2026-01-29 19:35:39.543850] PREWRITE_ITEM range=Kết quả!O61 values=[['0,526']]
[2026-01-29 19:35:39.543851] PREWRITE_ITEM range=Kết quả!AA61:AK61 values=[['NGỌC CHÂU (HT TQC).', 'HOÀNG HUÂN (Hồng Ly).', '19', '10', '19', '3', '3', '2', '2', '1,000', '0,526']]
[2026-01-29 19:35:39.999814] WRITE_OK vmix_idx=3 tran_raw='60' target_row=61 wrote=12
[2026-01-29 19:35:40.000036] PREWRITE vmix_idx=4 tran_raw='5' target_row=6 batch_items=12
[2026-01-29 19:35:40.000041] PREWRITE_ITEM range=Kết quả!G6 values=[['']]
[2026-01-29 19:35:40.000047] PREWRITE_ITEM range=Kết quả!H6 values=[['']]
[2026-01-29 19:35:40.000049] PREWRITE_ITEM range=Kết quả!I6 values=[['']]
[2026-01-29 19:35:40.000050] PREWRITE_ITEM range=Kết quả!J6 values=[['']]
[2026-01-29 19:35:40.000052] PREWRITE_ITEM range=Kết quả!K6 values=[['']]
[2026-01-29 19:35:40.000053] PREWRITE_ITEM range=Kết quả!L6 values=[['']]
[2026-01-29 19:35:40.000054] PREWRITE_ITEM range=Kết quả!M6 values=[['']]
[2026-01-29 19:35:40.000055] PREWRITE_ITEM range=Kết quả!D6 values=[['']]
[2026-01-29 19:35:40.000056] PREWRITE_ITEM range=Kết quả!F6 values=[['']]
[2026-01-29 19:35:40.000058] PREWRITE_ITEM range=Kết quả!N6 values=[['']]
[2026-01-29 19:35:40.000059] PREWRITE_ITEM range=Kết quả!O6 values=[['']]
[2026-01-29 19:35:40.000060] PREWRITE_ITEM range=Kết quả!AA6:AK6 values=[['', '', '', '', '', '', '', '', '', '', '']]
[2026-01-29 19:35:40.376449] WRITE_OK vmix_idx=4 tran_raw='5' target_row=6 wrote=12
[2026-01-29 19:35:40.376791] PREWRITE vmix_idx=5 tran_raw='6' target_row=7 batch_items=12
[2026-01-29 19:35:40.376809] PREWRITE_ITEM range=Kết quả!G7 values=[['18']]
[2026-01-29 19:35:40.376820] PREWRITE_ITEM range=Kết quả!H7 values=[['9']]
[2026-01-29 19:35:40.376823] PREWRITE_ITEM range=Kết quả!I7 values=[['11']]
[2026-01-29 19:35:40.376826] PREWRITE_ITEM range=Kết quả!J7 values=[['4']]
[2026-01-29 19:35:40.376828] PREWRITE_ITEM range=Kết quả!K7 values=[['3']]
[2026-01-29 19:35:40.376831] PREWRITE_ITEM range=Kết quả!L7 values=[['3']]
[2026-01-29 19:35:40.376832] PREWRITE_ITEM range=Kết quả!M7 values=[['2']]
[2026-01-29 19:35:40.376834] PREWRITE_ITEM range=Kết quả!D7 values=[['MINH THIỆN (G Nguyễn)']]
[2026-01-29 19:35:40.376838] PREWRITE_ITEM range=Kết quả!F7 values=[['TRUNG HẬU (The Brother)']]
[2026-01-29 19:35:40.376840] PREWRITE_ITEM range=Kết quả!N7 values=[['1.636']]
[2026-01-29 19:35:40.376842] PREWRITE_ITEM range=Kết quả!O7 values=[['0.900']]
[2026-01-29 19:35:40.376844] PREWRITE_ITEM range=Kết quả!AA7:AK7 values=[['MINH THIỆN (G Nguyễn)', 'TRUNG HẬU (The Brother)', '18', '9', '11', '4', '3', '3', '2', '1.636', '0.900']]
[2026-01-29 19:35:40.778547] WRITE_OK vmix_idx=5 tran_raw='6' target_row=7 wrote=12
[2026-01-29 19:35:40.778836] PREWRITE vmix_idx=6 tran_raw='90' target_row=91 batch_items=12
[2026-01-29 19:35:40.778841] PREWRITE_ITEM range=Kết quả!G91 values=[['17']]
[2026-01-29 19:35:40.778849] PREWRITE_ITEM range=Kết quả!H91 values=[['22']]
[2026-01-29 19:35:40.778851] PREWRITE_ITEM range=Kết quả!I91 values=[['15']]
[2026-01-29 19:35:40.778852] PREWRITE_ITEM range=Kết quả!J91 values=[['5']]
[2026-01-29 19:35:40.778854] PREWRITE_ITEM range=Kết quả!K91 values=[['5']]
[2026-01-29 19:35:40.778855] PREWRITE_ITEM range=Kết quả!L91 values=[['6']]
[2026-01-29 19:35:40.778857] PREWRITE_ITEM range=Kết quả!M91 values=[['4']]
[2026-01-29 19:35:40.778858] PREWRITE_ITEM range=Kết quả!D91 values=[['TẤN HẢI (MK).']]
[2026-01-29 19:35:40.778861] PREWRITE_ITEM range=Kết quả!F91 values=[['QUỐC KIỆT (Vũ Ngọc)']]
[2026-01-29 19:35:40.778863] PREWRITE_ITEM range=Kết quả!N91 values=[['1.133']]
[2026-01-29 19:35:40.778865] PREWRITE_ITEM range=Kết quả!O91 values=[['1.467']]
[2026-01-29 19:35:40.778866] PREWRITE_ITEM range=Kết quả!AA91:AK91 values=[['TẤN HẢI (MK).', 'QUỐC KIỆT (Vũ Ngọc)', '17', '22', '15', '5', '5', '6', '4', '1.133', '1.467']]
[2026-01-29 19:35:41.166165] WRITE_OK vmix_idx=6 tran_raw='90' target_row=91 wrote=12
[2026-01-29 19:35:57.970845] ENTER update_gsheet_with_vmix_full spreadsheet_id=1ACFOmGQDQrAJvFWXJYIEdvhUJJFQC7LViVvt-AHjl-c creds_exists=True
[2026-01-29 19:35:59.261593] update_gsheet_with_vmix_full: read_range=Kết quả!A1:Z2000 rows_count=193
[2026-01-29 19:36:15.002787] PREWRITE vmix_idx=0 tran_raw='16' target_row=17 batch_items=12
[2026-01-29 19:36:15.002796] PREWRITE_ITEM range=Kết quả!G17 values=[['17']]
[2026-01-29 19:36:15.002802] PREWRITE_ITEM range=Kết quả!H17 values=[['22']]
[2026-01-29 19:36:15.002805] PREWRITE_ITEM range=Kết quả!I17 values=[['15']]
[2026-01-29 19:36:15.002806] PREWRITE_ITEM range=Kết quả!J17 values=[['5']]
[2026-01-29 19:36:15.002808] PREWRITE_ITEM range=Kết quả!K17 values=[['5']]
[2026-01-29 19:36:15.002809] PREWRITE_ITEM range=Kết quả!L17 values=[['6']]
[2026-01-29 19:36:15.002810] PREWRITE_ITEM range=Kết quả!M17 values=[['4']]
[2026-01-29 19:36:15.002811] PREWRITE_ITEM range=Kết quả!D17 values=[['TẤN HẢI (MK).']]
[2026-01-29 19:36:15.002814] PREWRITE_ITEM range=Kết quả!F17 values=[['QUỐC KIỆT (Vũ Ngọc)']]
[2026-01-29 19:36:15.002816] PREWRITE_ITEM range=Kết quả!N17 values=[['1.133']]
[2026-01-29 19:36:15.002818] PREWRITE_ITEM range=Kết quả!O17 values=[['1.467']]
[2026-01-29 19:36:15.002819] PREWRITE_ITEM range=Kết quả!AA17:AK17 values=[['TẤN HẢI (MK).', 'QUỐC KIỆT (Vũ Ngọc)', '17', '22', '15', '5', '5', '6', '4', '1.133', '1.467']]
[2026-01-29 19:36:15.454351] WRITE_OK vmix_idx=0 tran_raw='16' target_row=17 wrote=12
[2026-01-29 19:36:15.454593] PREWRITE vmix_idx=1 tran_raw='7' target_row=8 batch_items=12
[2026-01-29 19:36:15.454598] PREWRITE_ITEM range=Kết quả!G8 values=[['']]
[2026-01-29 19:36:15.454604] PREWRITE_ITEM range=Kết quả!H8 values=[['']]
[2026-01-29 19:36:15.454606] PREWRITE_ITEM range=Kết quả!I8 values=[['']]
[2026-01-29 19:36:15.454607] PREWRITE_ITEM range=Kết quả!J8 values=[['']]
[2026-01-29 19:36:15.454609] PREWRITE_ITEM range=Kết quả!K8 values=[['']]
[2026-01-29 19:36:15.454610] PREWRITE_ITEM range=Kết quả!L8 values=[['']]
[2026-01-29 19:36:15.454611] PREWRITE_ITEM range=Kết quả!M8 values=[['']]
[2026-01-29 19:36:15.454612] PREWRITE_ITEM range=Kết quả!D8 values=[['']]
[2026-01-29 19:36:15.454613] PREWRITE_ITEM range=Kết quả!F8 values=[['']]
[2026-01-29 19:36:15.454614] PREWRITE_ITEM range=Kết quả!N8 values=[['']]
[2026-01-29 19:36:15.454616] PREWRITE_ITEM range=Kết quả!O8 values=[['']]
[2026-01-29 19:36:15.454617] PREWRITE_ITEM range=Kết quả!AA8:AK8 values=[['', '', '', '', '', '', '', '', '', '', '']]
[2026-01-29 19:36:15.845377] WRITE_OK vmix_idx=1 tran_raw='7' target_row=8 wrote=12
[2026-01-29 19:36:15.845620] PREWRITE vmix_idx=2 tran_raw='59' target_row=60 batch_items=12
[2026-01-29 19:36:15.845625] PREWRITE_ITEM range=Kết quả!G60 values=[['18']]
[2026-01-29 19:36:15.845631] PREWRITE_ITEM range=Kết quả!H60 values=[['9']]
[2026-01-29 19:36:15.845633] PREWRITE_ITEM range=Kết quả!I60 values=[['11']]
[2026-01-29 19:36:15.845635] PREWRITE_ITEM range=Kết quả!J60 values=[['4']]
[2026-01-29 19:36:15.845636] PREWRITE_ITEM range=Kết quả!K60 values=[['3']]
[2026-01-29 19:36:15.845637] PREWRITE_ITEM range=Kết quả!L60 values=[['3']]
[2026-01-29 19:36:15.845638] PREWRITE_ITEM range=Kết quả!M60 values=[['2']]
[2026-01-29 19:36:15.845639] PREWRITE_ITEM range=Kết quả!D60 values=[['MINH THIỆN (G Nguyễn)']]
[2026-01-29 19:36:15.845643] PREWRITE_ITEM range=Kết quả!F60 values=[['TRUNG HẬU (The Brother)']]
[2026-01-29 19:36:15.845644] PREWRITE_ITEM range=Kết quả!N60 values=[['1.636']]
[2026-01-29 19:36:15.845646] PREWRITE_ITEM range=Kết quả!O60 values=[['0.900']]
[2026-01-29 19:36:15.845647] PREWRITE_ITEM range=Kết quả!AA60:AK60 values=[['MINH THIỆN (G Nguyễn)', 'TRUNG HẬU (The Brother)', '18', '9', '11', '4', '3', '3', '2', '1.636', '0.900']]
[2026-01-29 19:36:16.253551] WRITE_OK vmix_idx=2 tran_raw='59' target_row=60 wrote=12
[2026-01-29 19:36:16.253921] PREWRITE vmix_idx=3 tran_raw='60' target_row=61 batch_items=12
[2026-01-29 19:36:16.253933] PREWRITE_ITEM range=Kết quả!G61 values=[['19']]
[2026-01-29 19:36:16.253942] PREWRITE_ITEM range=Kết quả!H61 values=[['11']]
[2026-01-29 19:36:16.253945] PREWRITE_ITEM range=Kết quả!I61 values=[['19']]
[2026-01-29 19:36:16.253947] PREWRITE_ITEM range=Kết quả!J61 values=[['3']]
[2026-01-29 19:36:16.253949] PREWRITE_ITEM range=Kết quả!K61 values=[['3']]
[2026-01-29 19:36:16.253951] PREWRITE_ITEM range=Kết quả!L61 values=[['2']]
[2026-01-29 19:36:16.253953] PREWRITE_ITEM range=Kết quả!M61 values=[['2']]
[2026-01-29 19:36:16.253955] PREWRITE_ITEM range=Kết quả!D61 values=[['NGỌC CHÂU (HT TQC).']]
[2026-01-29 19:36:16.253959] PREWRITE_ITEM range=Kết quả!F61 values=[['HOÀNG HUÂN (Hồng Ly).']]
[2026-01-29 19:36:16.253961] PREWRITE_ITEM range=Kết quả!N61 values=[['1,000']]
[2026-01-29 19:36:16.253964] PREWRITE_ITEM range=Kết quả!O61 values=[['0,579']]
[2026-01-29 19:36:16.253966] PREWRITE_ITEM range=Kết quả!AA61:AK61 values=[['NGỌC CHÂU (HT TQC).', 'HOÀNG HUÂN (Hồng Ly).', '19', '11', '19', '3', '3', '2', '2', '1,000', '0,579']]
[2026-01-29 19:36:16.640175] WRITE_OK vmix_idx=3 tran_raw='60' target_row=61 wrote=12
[2026-01-29 19:36:16.640409] PREWRITE vmix_idx=4 tran_raw='5' target_row=6 batch_items=12
[2026-01-29 19:36:16.640414] PREWRITE_ITEM range=Kết quả!G6 values=[['']]
[2026-01-29 19:36:16.640421] PREWRITE_ITEM range=Kết quả!H6 values=[['']]
[2026-01-29 19:36:16.640423] PREWRITE_ITEM range=Kết quả!I6 values=[['']]
[2026-01-29 19:36:16.640424] PREWRITE_ITEM range=Kết quả!J6 values=[['']]
[2026-01-29 19:36:16.640425] PREWRITE_ITEM range=Kết quả!K6 values=[['']]
[2026-01-29 19:36:16.640426] PREWRITE_ITEM range=Kết quả!L6 values=[['']]
[2026-01-29 19:36:16.640428] PREWRITE_ITEM range=Kết quả!M6 values=[['']]
[2026-01-29 19:36:16.640429] PREWRITE_ITEM range=Kết quả!D6 values=[['']]
[2026-01-29 19:36:16.640430] PREWRITE_ITEM range=Kết quả!F6 values=[['']]
[2026-01-29 19:36:16.640431] PREWRITE_ITEM range=Kết quả!N6 values=[['']]
[2026-01-29 19:36:16.640432] PREWRITE_ITEM range=Kết quả!O6 values=[['']]
[2026-01-29 19:36:16.640434] PREWRITE_ITEM range=Kết quả!AA6:AK6 values=[['', '', '', '', '', '', '', '', '', '', '']]
[2026-01-29 19:36:17.019516] WRITE_OK vmix_idx=4 tran_raw='5' target_row=6 wrote=12
[2026-01-29 19:36:17.019835] PREWRITE vmix_idx=5 tran_raw='6' target_row=7 batch_items=12
[2026-01-29 19:36:17.019843] PREWRITE_ITEM range=Kết quả!G7 values=[['18']]
[2026-01-29 19:36:17.019850] PREWRITE_ITEM range=Kết quả!H7 values=[['9']]
[2026-01-29 19:36:17.019853] PREWRITE_ITEM range=Kết quả!I7 values=[['11']]
[2026-01-29 19:36:17.019854] PREWRITE_ITEM range=Kết quả!J7 values=[['4']]
[2026-01-29 19:36:17.019856] PREWRITE_ITEM range=Kết quả!K7 values=[['3']]
[2026-01-29 19:36:17.019857] PREWRITE_ITEM range=Kết quả!L7 values=[['3']]
[2026-01-29 19:36:17.019858] PREWRITE_ITEM range=Kết quả!M7 values=[['2']]
[2026-01-29 19:36:17.019859] PREWRITE_ITEM range=Kết quả!D7 values=[['MINH THIỆN (G Nguyễn)']]
[2026-01-29 19:36:17.019863] PREWRITE_ITEM range=Kết quả!F7 values=[['TRUNG HẬU (The Brother)']]
[2026-01-29 19:36:17.019865] PREWRITE_ITEM range=Kết quả!N7 values=[['1.636']]
[2026-01-29 19:36:17.019866] PREWRITE_ITEM range=Kết quả!O7 values=[['0.900']]
[2026-01-29 19:36:17.019868] PREWRITE_ITEM range=Kết quả!AA7:AK7 values=[['MINH THIỆN (G Nguyễn)', 'TRUNG HẬU (The Brother)', '18', '9', '11', '4', '3', '3', '2', '1.636', '0.900']]
[2026-01-29 19:36:17.403734] WRITE_OK vmix_idx=5 tran_raw='6' target_row=7 wrote=12
[2026-01-29 19:36:17.404016] PREWRITE vmix_idx=6 tran_raw='90' target_row=91 batch_items=12
[2026-01-29 19:36:17.404021] PREWRITE_ITEM range=Kết quả!G91 values=[['17']]
[2026-01-29 19:36:17.404028] PREWRITE_ITEM range=Kết quả!H91 values=[['22']]
[2026-01-29 19:36:17.404030] PREWRITE_ITEM range=Kết quả!I91 values=[['15']]
[2026-01-29 19:36:17.404032] PREWRITE_ITEM range=Kết quả!J91 values=[['5']]
[2026-01-29 19:36:17.404033] PREWRITE_ITEM range=Kết quả!K91 values=[['5']]
[2026-01-29 19:36:17.404034] PREWRITE_ITEM range=Kết quả!L91 values=[['6']]
[2026-01-29 19:36:17.404035] PREWRITE_ITEM range=Kết quả!M91 values=[['4']]
[2026-01-29 19:36:17.404036] PREWRITE_ITEM range=Kết quả!D91 values=[['TẤN HẢI (MK).']]
[2026-01-29 19:36:17.404039] PREWRITE_ITEM range=Kết quả!F91 values=[['QUỐC KIỆT (Vũ Ngọc)']]
[2026-01-29 19:36:17.404042] PREWRITE_ITEM range=Kết quả!N91 values=[['1.133']]
[2026-01-29 19:36:17.404043] PREWRITE_ITEM range=Kết quả!O91 values=[['1.467']]
[2026-01-29 19:36:17.404044] PREWRITE_ITEM range=Kết quả!AA91:AK91 values=[['TẤN HẢI (MK).', 'QUỐC KIỆT (Vũ Ngọc)', '17', '22', '15', '5', '5', '6', '4', '1.133', '1.467']]
[2026-01-29 19:36:17.848533] WRITE_OK vmix_idx=6 tran_raw='90' target_row=91 wrote=12
[2026-01-29 19:36:34.811100] ENTER update_gsheet_with_vmix_full spreadsheet_id=1ACFOmGQDQrAJvFWXJYIEdvhUJJFQC7LViVvt-AHjl-c creds_exists=True
[2026-01-29 19:36:36.196247] update_gsheet_with_vmix_full: read_range=Kết quả!A1:Z2000 rows_count=193
[2026-01-29 19:36:52.127395] PREWRITE vmix_idx=0 tran_raw='16' target_row=17 batch_items=12
[2026-01-29 19:36:52.127407] PREWRITE_ITEM range=Kết quả!G17 values=[['17']]
[2026-01-29 19:36:52.127415] PREWRITE_ITEM range=Kết quả!H17 values=[['22']]
[2026-01-29 19:36:52.127418] PREWRITE_ITEM range=Kết quả!I17 values=[['15']]
[2026-01-29 19:36:52.127419] PREWRITE_ITEM range=Kết quả!J17 values=[['5']]
[2026-01-29 19:36:52.127421] PREWRITE_ITEM range=Kết quả!K17 values=[['5']]
[2026-01-29 19:36:52.127422] PREWRITE_ITEM range=Kết quả!L17 values=[['6']]
[2026-01-29 19:36:52.127423] PREWRITE_ITEM range=Kết quả!M17 values=[['4']]
[2026-01-29 19:36:52.127424] PREWRITE_ITEM range=Kết quả!D17 values=[['QUỐC KIỆT (Vũ Ngọc)']]
[2026-01-29 19:36:52.127427] PREWRITE_ITEM range=Kết quả!F17 values=[['TẤN HẢI (MK).']]
[2026-01-29 19:36:52.127429] PREWRITE_ITEM range=Kết quả!N17 values=[['1.133']]
[2026-01-29 19:36:52.127431] PREWRITE_ITEM range=Kết quả!O17 values=[['1.467']]
[2026-01-29 19:36:52.127432] PREWRITE_ITEM range=Kết quả!AA17:AK17 values=[['QUỐC KIỆT (Vũ Ngọc)', 'TẤN HẢI (MK).', '17', '22', '15', '5', '5', '6', '4', '1.133', '1.467']]
[2026-01-29 19:36:52.564538] WRITE_OK vmix_idx=0 tran_raw='16' target_row=17 wrote=12
[2026-01-29 19:36:52.564773] PREWRITE vmix_idx=1 tran_raw='7' target_row=8 batch_items=12
[2026-01-29 19:36:52.564778] PREWRITE_ITEM range=Kết quả!G8 values=[['']]
[2026-01-29 19:36:52.564784] PREWRITE_ITEM range=Kết quả!H8 values=[['']]
[2026-01-29 19:36:52.564786] PREWRITE_ITEM range=Kết quả!I8 values=[['']]
[2026-01-29 19:36:52.564788] PREWRITE_ITEM range=Kết quả!J8 values=[['']]
[2026-01-29 19:36:52.564789] PREWRITE_ITEM range=Kết quả!K8 values=[['']]
[2026-01-29 19:36:52.564790] PREWRITE_ITEM range=Kết quả!L8 values=[['']]
[2026-01-29 19:36:52.564791] PREWRITE_ITEM range=Kết quả!M8 values=[['']]
[2026-01-29 19:36:52.564792] PREWRITE_ITEM range=Kết quả!D8 values=[['']]
[2026-01-29 19:36:52.564793] PREWRITE_ITEM range=Kết quả!F8 values=[['']]
[2026-01-29 19:36:52.564794] PREWRITE_ITEM range=Kết quả!N8 values=[['']]
[2026-01-29 19:36:52.564795] PREWRITE_ITEM range=Kết quả!O8 values=[['']]
[2026-01-29 19:36:52.564797] PREWRITE_ITEM range=Kết quả!AA8:AK8 values=[['', '', '', '', '', '', '', '', '', '', '']]
[2026-01-29 19:36:52.949362] WRITE_OK vmix_idx=1 tran_raw='7' target_row=8 wrote=12
[2026-01-29 19:36:52.949630] PREWRITE vmix_idx=2 tran_raw='59' target_row=60 batch_items=12
[2026-01-29 19:36:52.949635] PREWRITE_ITEM range=Kết quả!G60 values=[['19']]
[2026-01-29 19:36:52.949642] PREWRITE_ITEM range=Kết quả!H60 values=[['9']]
[2026-01-29 19:36:52.949644] PREWRITE_ITEM range=Kết quả!I60 values=[['11']]
[2026-01-29 19:36:52.949646] PREWRITE_ITEM range=Kết quả!J60 values=[['4']]
[2026-01-29 19:36:52.949647] PREWRITE_ITEM range=Kết quả!K60 values=[['3']]
[2026-01-29 19:36:52.949648] PREWRITE_ITEM range=Kết quả!L60 values=[['3']]
[2026-01-29 19:36:52.949649] PREWRITE_ITEM range=Kết quả!M60 values=[['2']]
[2026-01-29 19:36:52.949650] PREWRITE_ITEM range=Kết quả!D60 values=[['MINH THIỆN (G Nguyễn)']]
[2026-01-29 19:36:52.949653] PREWRITE_ITEM range=Kết quả!F60 values=[['TRUNG HẬU (The Brother)']]
[2026-01-29 19:36:52.949655] PREWRITE_ITEM range=Kết quả!N60 values=[['1.727']]
[2026-01-29 19:36:52.949656] PREWRITE_ITEM range=Kết quả!O60 values=[['0.900']]
[2026-01-29 19:36:52.949657] PREWRITE_ITEM range=Kết quả!AA60:AK60 values=[['MINH THIỆN (G Nguyễn)', 'TRUNG HẬU (The Brother)', '19', '9', '11', '4', '3', '3', '2', '1.727', '0.900']]
[2026-01-29 19:36:53.332566] WRITE_OK vmix_idx=2 tran_raw='59' target_row=60 wrote=12
[2026-01-29 19:36:53.332801] PREWRITE vmix_idx=3 tran_raw='60' target_row=61 batch_items=12
[2026-01-29 19:36:53.332807] PREWRITE_ITEM range=Kết quả!G61 values=[['19']]
[2026-01-29 19:36:53.332814] PREWRITE_ITEM range=Kết quả!H61 values=[['11']]
[2026-01-29 19:36:53.332816] PREWRITE_ITEM range=Kết quả!I61 values=[['20']]
[2026-01-29 19:36:53.332817] PREWRITE_ITEM range=Kết quả!J61 values=[['3']]
[2026-01-29 19:36:53.332819] PREWRITE_ITEM range=Kết quả!K61 values=[['3']]
[2026-01-29 19:36:53.332820] PREWRITE_ITEM range=Kết quả!L61 values=[['2']]
[2026-01-29 19:36:53.332821] PREWRITE_ITEM range=Kết quả!M61 values=[['2']]
[2026-01-29 19:36:53.332822] PREWRITE_ITEM range=Kết quả!D61 values=[['NGỌC CHÂU (HT TQC).']]
[2026-01-29 19:36:53.332825] PREWRITE_ITEM range=Kết quả!F61 values=[['HOÀNG HUÂN (Hồng Ly).']]
[2026-01-29 19:36:53.332827] PREWRITE_ITEM range=Kết quả!N61 values=[['1,000']]
[2026-01-29 19:36:53.332828] PREWRITE_ITEM range=Kết quả!O61 values=[['0,579']]
[2026-01-29 19:36:53.332830] PREWRITE_ITEM range=Kết quả!AA61:AK61 values=[['NGỌC CHÂU (HT TQC).', 'HOÀNG HUÂN (Hồng Ly).', '19', '11', '20', '3', '3', '2', '2', '1,000', '0,579']]
[2026-01-29 19:36:53.743721] WRITE_OK vmix_idx=3 tran_raw='60' target_row=61 wrote=12
[2026-01-29 19:36:53.743966] PREWRITE vmix_idx=4 tran_raw='5' target_row=6 batch_items=12
[2026-01-29 19:36:53.743970] PREWRITE_ITEM range=Kết quả!G6 values=[['']]
[2026-01-29 19:36:53.743977] PREWRITE_ITEM range=Kết quả!H6 values=[['']]
[2026-01-29 19:36:53.743979] PREWRITE_ITEM range=Kết quả!I6 values=[['']]
[2026-01-29 19:36:53.743980] PREWRITE_ITEM range=Kết quả!J6 values=[['']]
[2026-01-29 19:36:53.743981] PREWRITE_ITEM range=Kết quả!K6 values=[['']]
[2026-01-29 19:36:53.743982] PREWRITE_ITEM range=Kết quả!L6 values=[['']]
[2026-01-29 19:36:53.743983] PREWRITE_ITEM range=Kết quả!M6 values=[['']]
[2026-01-29 19:36:53.743984] PREWRITE_ITEM range=Kết quả!D6 values=[['']]
[2026-01-29 19:36:53.743986] PREWRITE_ITEM range=Kết quả!F6 values=[['']]
[2026-01-29 19:36:53.743987] PREWRITE_ITEM range=Kết quả!N6 values=[['']]
[2026-01-29 19:36:53.743988] PREWRITE_ITEM range=Kết quả!O6 values=[['']]
[2026-01-29 19:36:53.743989] PREWRITE_ITEM range=Kết quả!AA6:AK6 values=[['', '', '', '', '', '', '', '', '', '', '']]
[2026-01-29 19:36:54.121860] WRITE_OK vmix_idx=4 tran_raw='5' target_row=6 wrote=12
[2026-01-29 19:36:54.122313] PREWRITE vmix_idx=5 tran_raw='6' target_row=7 batch_items=12
[2026-01-29 19:36:54.122325] PREWRITE_ITEM range=Kết quả!G7 values=[['19']]
[2026-01-29 19:36:54.122338] PREWRITE_ITEM range=Kết quả!H7 values=[['9']]
[2026-01-29 19:36:54.122344] PREWRITE_ITEM range=Kết quả!I7 values=[['11']]
[2026-01-29 19:36:54.122348] PREWRITE_ITEM range=Kết quả!J7 values=[['4']]
[2026-01-29 19:36:54.122352] PREWRITE_ITEM range=Kết quả!K7 values=[['3']]
[2026-01-29 19:36:54.122355] PREWRITE_ITEM range=Kết quả!L7 values=[['3']]
[2026-01-29 19:36:54.122358] PREWRITE_ITEM range=Kết quả!M7 values=[['2']]
[2026-01-29 19:36:54.122361] PREWRITE_ITEM range=Kết quả!D7 values=[['MINH THIỆN (G Nguyễn)']]
[2026-01-29 19:36:54.122368] PREWRITE_ITEM range=Kết quả!F7 values=[['TRUNG HẬU (The Brother)']]
[2026-01-29 19:36:54.122372] PREWRITE_ITEM range=Kết quả!N7 values=[['1.727']]
[2026-01-29 19:36:54.122376] PREWRITE_ITEM range=Kết quả!O7 values=[['0.900']]
[2026-01-29 19:36:54.122379] PREWRITE_ITEM range=Kết quả!AA7:AK7 values=[['MINH THIỆN (G Nguyễn)', 'TRUNG HẬU (The Brother)', '19', '9', '11', '4', '3', '3', '2', '1.727', '0.900']]
[2026-01-29 19:36:54.514016] WRITE_OK vmix_idx=5 tran_raw='6' target_row=7 wrote=12
[2026-01-29 19:36:54.514284] PREWRITE vmix_idx=6 tran_raw='90' target_row=91 batch_items=12
[2026-01-29 19:36:54.514289] PREWRITE_ITEM range=Kết quả!G91 values=[['17']]
[2026-01-29 19:36:54.514296] PREWRITE_ITEM range=Kết quả!H91 values=[['22']]
[2026-01-29 19:36:54.514298] PREWRITE_ITEM range=Kết quả!I91 values=[['15']]
[2026-01-29 19:36:54.514299] PREWRITE_ITEM range=Kết quả!J91 values=[['5']]
[2026-01-29 19:36:54.514300] PREWRITE_ITEM range=Kết quả!K91 values=[['5']]
[2026-01-29 19:36:54.514302] PREWRITE_ITEM range=Kết quả!L91 values=[['6']]
[2026-01-29 19:36:54.514303] PREWRITE_ITEM range=Kết quả!M91 values=[['4']]
[2026-01-29 19:36:54.514304] PREWRITE_ITEM range=Kết quả!D91 values=[['QUỐC KIỆT (Vũ Ngọc)']]
[2026-01-29 19:36:54.514307] PREWRITE_ITEM range=Kết quả!F91 values=[['TẤN HẢI (MK).']]
[2026-01-29 19:36:54.514309] PREWRITE_ITEM range=Kết quả!N91 values=[['1.133']]
[2026-01-29 19:36:54.514311] PREWRITE_ITEM range=Kết quả!O91 values=[['1.467']]
[2026-01-29 19:36:54.514312] PREWRITE_ITEM range=Kết quả!AA91:AK91 values=[['QUỐC KIỆT (Vũ Ngọc)', 'TẤN HẢI (MK).', '17', '22', '15', '5', '5', '6', '4', '1.133', '1.467']]
[2026-01-29 19:36:54.903927] WRITE_OK vmix_idx=6 tran_raw='90' target_row=91 wrote=12
[2026-01-29 20:38:22.168561] SKIP_FULL_WRITE for row 91
[2026-01-29 20:39:06.371617] SKIP_FULL_WRITE for row 91
[2026-01-29 20:39:31.146577] SKIP_FULL_WRITE for row 91
[2026-01-29 20:40:00.051447] SKIP_FULL_WRITE for row 91
[2026-01-30 08:26:28.366186] PREWRITE per-row tran=90 target_row=91 items=11
[2026-01-30 08:26:28.366196] PREWRITE_ITEM Kết quả!D91 values=[['QUỐC KIỆT (Vũ Ngọc)']]
[2026-01-30 08:26:28.366204] PREWRITE_ITEM Kết quả!F91 values=[['TẤN HẢI (MK).']]
[2026-01-30 08:26:28.366206] PREWRITE_ITEM Kết quả!G91 values=[['17']]
[2026-01-30 08:26:28.366208] PREWRITE_ITEM Kết quả!H91 values=[['22']]
[2026-01-30 08:26:28.366210] PREWRITE_ITEM Kết quả!I91 values=[['15']]
[2026-01-30 08:26:28.366211] PREWRITE_ITEM Kết quả!J91 values=[['5']]
[2026-01-30 08:26:28.366213] PREWRITE_ITEM Kết quả!K91 values=[['5']]
[2026-01-30 08:26:28.366214] PREWRITE_ITEM Kết quả!L91 values=[['6']]
[2026-01-30 08:26:28.366215] PREWRITE_ITEM Kết quả!M91 values=[['4']]
[2026-01-30 08:26:28.366217] PREWRITE_ITEM Kết quả!N91 values=[['1,133']]
[2026-01-30 08:26:28.366218] PREWRITE_ITEM Kết quả!O91 values=[['1,467']]
[2026-01-30 08:26:28.960887] WRITE_OK per-row tran=90 target_row=91 wrote=11
[2026-01-30 08:27:46.461825] PREWRITE per-row tran=90 target_row=91 items=11
[2026-01-30 08:27:46.461834] PREWRITE_ITEM Kết quả!D91 values=[['TẤN HẢI (MK).']]
[2026-01-30 08:27:46.461840] PREWRITE_ITEM Kết quả!F91 values=[['QUỐC KIỆT (Vũ Ngọc)']]
[2026-01-30 08:27:46.461843] PREWRITE_ITEM Kết quả!G91 values=[['19']]
[2026-01-30 08:27:46.461845] PREWRITE_ITEM Kết quả!H91 values=[['22']]
[2026-01-30 08:27:46.461846] PREWRITE_ITEM Kết quả!I91 values=[['16']]
[2026-01-30 08:27:46.461848] PREWRITE_ITEM Kết quả!J91 values=[['5']]
[2026-01-30 08:27:46.461849] PREWRITE_ITEM Kết quả!K91 values=[['5']]
[2026-01-30 08:27:46.461850] PREWRITE_ITEM Kết quả!L91 values=[['6']]
[2026-01-30 08:27:46.461852] PREWRITE_ITEM Kết quả!M91 values=[['4']]
[2026-01-30 08:27:46.461853] PREWRITE_ITEM Kết quả!N91 values=[['1,188']]
[2026-01-30 08:27:46.461854] PREWRITE_ITEM Kết quả!O91 values=[['1,375']]
[2026-01-30 08:27:47.037590] WRITE_OK per-row tran=90 target_row=91 wrote=11
[2026-01-30 08:28:06.975748] PREWRITE per-row tran=90 target_row=91 items=11
[2026-01-30 08:28:06.975756] PREWRITE_ITEM Kết quả!D91 values=[['QUỐC KIỆT (Vũ Ngọc)']]
[2026-01-30 08:28:06.975762] PREWRITE_ITEM Kết quả!F91 values=[['TẤN HẢI (MK).']]
[2026-01-30 08:28:06.975765] PREWRITE_ITEM Kết quả!G91 values=[['19']]
[2026-01-30 08:28:06.975767] PREWRITE_ITEM Kết quả!H91 values=[['22']]
[2026-01-30 08:28:06.975769] PREWRITE_ITEM Kết quả!I91 values=[['16']]
[2026-01-30 08:28:06.975770] PREWRITE_ITEM Kết quả!J91 values=[['5']]
[2026-01-30 08:28:06.975772] PREWRITE_ITEM Kết quả!K91 values=[['5']]
[2026-01-30 08:28:06.975773] PREWRITE_ITEM Kết quả!L91 values=[['6']]
[2026-01-30 08:28:06.975774] PREWRITE_ITEM Kết quả!M91 values=[['4']]
[2026-01-30 08:28:06.975775] PREWRITE_ITEM Kết quả!N91 values=[['1,188']]
[2026-01-30 08:28:06.975776] PREWRITE_ITEM Kết quả!O91 values=[['1,375']]
[2026-01-30 08:28:07.572953] WRITE_OK per-row tran=90 target_row=91 wrote=11
[2026-01-30 08:28:57.025697] PREWRITE per-row tran=90 target_row=91 items=11
[2026-01-30 08:28:57.025707] PREWRITE_ITEM Kết quả!D91 values=[['TẤN HẢI (MK).']]
[2026-01-30 08:28:57.025713] PREWRITE_ITEM Kết quả!F91 values=[['QUỐC KIỆT (Vũ Ngọc)']]
[2026-01-30 08:28:57.025715] PREWRITE_ITEM Kết quả!G91 values=[['19']]
[2026-01-30 08:28:57.025717] PREWRITE_ITEM Kết quả!H91 values=[['22']]
[2026-01-30 08:28:57.025719] PREWRITE_ITEM Kết quả!I91 values=[['16']]
[2026-01-30 08:28:57.025720] PREWRITE_ITEM Kết quả!J91 values=[['5']]
[2026-01-30 08:28:57.025722] PREWRITE_ITEM Kết quả!K91 values=[['5']]
[2026-01-30 08:28:57.025723] PREWRITE_ITEM Kết quả!L91 values=[['6']]
[2026-01-30 08:28:57.025724] PREWRITE_ITEM Kết quả!M91 values=[['4']]
[2026-01-30 08:28:57.025726] PREWRITE_ITEM Kết quả!N91 values=[['1,188']]
[2026-01-30 08:28:57.025727] PREWRITE_ITEM Kết quả!O91 values=[['1,375']]
[2026-01-30 08:28:57.608586] WRITE_OK per-row tran=90 target_row=91 wrote=11
