[2026-03-06T09:20:39.425427] EAGER_RESTORE loaded=c:\Quanlil_live\src\ui_state.pkl keys=['tengiai', 'thoigian', 'diadiem', 'chuchay', 'table', 'preview', 'preview_footer_logo'] table_rows=8
[2026-03-06T09:20:39.480008] RESTORE_CALL_BEGIN
[2026-03-06T09:20:39.502405] AUTO_SAVE -> c:\Quanlil_live\src\ui_state.pkl keys=['tengiai', 'thoigian', 'diadiem', 'chuchay', 'diemso', 'sheet_url', 'creds_path', 'ban', 'table', 'preview', 'preview_footer_logo'] table_rows=8
[2026-03-06T09:20:39.502617] AFTER_RESTORE ban_var=8
[2026-03-06T09:20:39.545737] AFTER_POPULATE_TABLE ban_var=8
[2026-03-06T09:20:39.546051] RESTORE_CALL_END
[2026-03-06T09:20:39.704278] AUTO_SAVE SKIP -> c:\Quanlil_live\src\ui_state.pkl keys=['tengiai', 'thoigian', 'diadiem', 'chuchay', 'diemso', 'sheet_url', 'creds_path', 'ban', 'table', 'preview', 'preview_footer_logo'] table_rows=8
[2026-03-06T09:20:41.106268] _on_canvas_configure canvas_width=2534 avail_width=2498 total_padding=36 sizes_sum=1548 sizes=[40, 174, 389, 391, 60, 120, 50, 154, 170]
[2026-03-06T09:20:46.546222] AUTO_SAVE SKIP -> c:\Quanlil_live\src\ui_state.pkl keys=['tengiai', 'thoigian', 'diadiem', 'chuchay', 'diemso', 'sheet_url', 'creds_path', 'ban', 'table', 'preview', 'preview_footer_logo'] table_rows=8
[2026-03-06T09:20:51.546894] AUTO_SAVE SKIP -> c:\Quanlil_live\src\ui_state.pkl keys=['tengiai', 'thoigian', 'diadiem', 'chuchay', 'diemso', 'sheet_url', 'creds_path', 'ban', 'table', 'preview', 'preview_footer_logo'] table_rows=8
[2026-03-06T09:20:56.547757] AUTO_SAVE SKIP -> c:\Quanlil_live\src\ui_state.pkl keys=['tengiai', 'thoigian', 'diadiem', 'chuchay', 'diemso', 'sheet_url', 'creds_path', 'ban', 'table', 'preview', 'preview_footer_logo'] table_rows=8
[2026-03-06T09:21:01.981007] AUTO_SAVE -> c:\Quanlil_live\src\ui_state.pkl keys=['tengiai', 'thoigian', 'diadiem', 'chuchay', 'diemso', 'sheet_url', 'creds_path', 'ban', 'table', 'preview', 'preview_footer_logo'] table_rows=8
[2026-03-06T09:21:02.063489] AUTO_SAVE SKIP -> c:\Quanlil_live\src\ui_state.pkl keys=['tengiai', 'thoigian', 'diadiem', 'chuchay', 'diemso', 'sheet_url', 'creds_path', 'ban', 'table', 'preview', 'preview_footer_logo'] table_rows=8
[2026-03-06T09:21:07.064374] AUTO_SAVE SKIP -> c:\Quanlil_live\src\ui_state.pkl keys=['tengiai', 'thoigian', 'diadiem', 'chuchay', 'diemso', 'sheet_url', 'creds_path', 'ban', 'table', 'preview', 'preview_footer_logo'] table_rows=8
[2026-03-06T09:21:12.065921] AUTO_SAVE SKIP -> c:\Quanlil_live\src\ui_state.pkl keys=['tengiai', 'thoigian', 'diadiem', 'chuchay', 'diemso', 'sheet_url', 'creds_path', 'ban', 'table', 'preview', 'preview_footer_logo'] table_rows=8
[2026-03-06T09:21:17.066515] AUTO_SAVE SKIP -> c:\Quanlil_live\src\ui_state.pkl keys=['tengiai', 'thoigian', 'diadiem', 'chuchay', 'diemso', 'sheet_url', 'creds_path', 'ban', 'table', 'preview', 'preview_footer_logo'] table_rows=8
[2026-03-06T09:21:22.067120] AUTO_SAVE SKIP -> c:\Quanlil_live\src\ui_state.pkl keys=['tengiai', 'thoigian', 'diadiem', 'chuchay', 'diemso', 'sheet_url', 'creds_path', 'ban', 'table', 'preview', 'preview_footer_logo'] table_rows=8
[2026-03-06T09:21:27.067948] AUTO_SAVE SKIP -> c:\Quanlil_live\src\ui_state.pkl keys=['tengiai', 'thoigian', 'diadiem', 'chuchay', 'diemso', 'sheet_url', 'creds_path', 'ban', 'table', 'preview', 'preview_footer_logo'] table_rows=8
[2026-03-06T09:21:32.068782] AUTO_SAVE SKIP -> c:\Quanlil_live\src\ui_state.pkl keys=['tengiai', 'thoigian', 'diadiem', 'chuchay', 'diemso', 'sheet_url', 'creds_path', 'ban', 'table', 'preview', 'preview_footer_logo'] table_rows=8
[2026-03-06T09:21:37.069584] AUTO_SAVE SKIP -> c:\Quanlil_live\src\ui_state.pkl keys=['tengiai', 'thoigian', 'diadiem', 'chuchay', 'diemso', 'sheet_url', 'creds_path', 'ban', 'table', 'preview', 'preview_footer_logo'] table_rows=8
[2026-03-06T09:21:42.071081] AUTO_SAVE SKIP -> c:\Quanlil_live\src\ui_state.pkl keys=['tengiai', 'thoigian', 'diadiem', 'chuchay', 'diemso', 'sheet_url', 'creds_path', 'ban', 'table', 'preview', 'preview_footer_logo'] table_rows=8
[2026-03-06T09:21:47.072104] AUTO_SAVE SKIP -> c:\Quanlil_live\src\ui_state.pkl keys=['tengiai', 'thoigian', 'diadiem', 'chuchay', 'diemso', 'sheet_url', 'creds_path', 'ban', 'table', 'preview', 'preview_footer_logo'] table_rows=8
[2026-03-06T09:21:52.073846] AUTO_SAVE SKIP -> c:\Quanlil_live\src\ui_state.pkl keys=['tengiai', 'thoigian', 'diadiem', 'chuchay', 'diemso', 'sheet_url', 'creds_path', 'ban', 'table', 'preview', 'preview_footer_logo'] table_rows=8
[2026-03-06T09:21:57.075294] AUTO_SAVE SKIP -> c:\Quanlil_live\src\ui_state.pkl keys=['tengiai', 'thoigian', 'diadiem', 'chuchay', 'diemso', 'sheet_url', 'creds_path', 'ban', 'table', 'preview', 'preview_footer_logo'] table_rows=8
[2026-03-06T09:22:02.076186] AUTO_SAVE SKIP -> c:\Quanlil_live\src\ui_state.pkl keys=['tengiai', 'thoigian', 'diadiem', 'chuchay', 'diemso', 'sheet_url', 'creds_path', 'ban', 'table', 'preview', 'preview_footer_logo'] table_rows=8
[2026-03-06T09:22:07.077195] AUTO_SAVE SKIP -> c:\Quanlil_live\src\ui_state.pkl keys=['tengiai', 'thoigian', 'diadiem', 'chuchay', 'diemso', 'sheet_url', 'creds_path', 'ban', 'table', 'preview', 'preview_footer_logo'] table_rows=8
[2026-03-06T09:22:12.078451] AUTO_SAVE SKIP -> c:\Quanlil_live\src\ui_state.pkl keys=['tengiai', 'thoigian', 'diadiem', 'chuchay', 'diemso', 'sheet_url', 'creds_path', 'ban', 'table', 'preview', 'preview_footer_logo'] table_rows=8
[2026-03-06T09:22:17.079377] AUTO_SAVE SKIP -> c:\Quanlil_live\src\ui_state.pkl keys=['tengiai', 'thoigian', 'diadiem', 'chuchay', 'diemso', 'sheet_url', 'creds_path', 'ban', 'table', 'preview', 'preview_footer_logo'] table_rows=8
[2026-03-06T09:22:22.080839] AUTO_SAVE SKIP -> c:\Quanlil_live\src\ui_state.pkl keys=['tengiai', 'thoigian', 'diadiem', 'chuchay', 'diemso', 'sheet_url', 'creds_path', 'ban', 'table', 'preview', 'preview_footer_logo'] table_rows=8
[2026-03-06T09:22:27.081841] AUTO_SAVE SKIP -> c:\Quanlil_live\src\ui_state.pkl keys=['tengiai', 'thoigian', 'diadiem', 'chuchay', 'diemso', 'sheet_url', 'creds_path', 'ban', 'table', 'preview', 'preview_footer_logo'] table_rows=8
[2026-03-06T09:22:32.082816] AUTO_SAVE SKIP -> c:\Quanlil_live\src\ui_state.pkl keys=['tengiai', 'thoigian', 'diadiem', 'chuchay', 'diemso', 'sheet_url', 'creds_path', 'ban', 'table', 'preview', 'preview_footer_logo'] table_rows=8
[2026-03-06T09:22:37.083562] AUTO_SAVE SKIP -> c:\Quanlil_live\src\ui_state.pkl keys=['tengiai', 'thoigian', 'diadiem', 'chuchay', 'diemso', 'sheet_url', 'creds_path', 'ban', 'table', 'preview', 'preview_footer_logo'] table_rows=8
[2026-03-06T09:22:42.084193] AUTO_SAVE SKIP -> c:\Quanlil_live\src\ui_state.pkl keys=['tengiai', 'thoigian', 'diadiem', 'chuchay', 'diemso', 'sheet_url', 'creds_path', 'ban', 'table', 'preview', 'preview_footer_logo'] table_rows=8
[2026-03-06T09:22:47.084880] AUTO_SAVE SKIP -> c:\Quanlil_live\src\ui_state.pkl keys=['tengiai', 'thoigian', 'diadiem', 'chuchay', 'diemso', 'sheet_url', 'creds_path', 'ban', 'table', 'preview', 'preview_footer_logo'] table_rows=8
[2026-03-06T09:22:52.085998] AUTO_SAVE SKIP -> c:\Quanlil_live\src\ui_state.pkl keys=['tengiai', 'thoigian', 'diadiem', 'chuchay', 'diemso', 'sheet_url', 'creds_path', 'ban', 'table', 'preview', 'preview_footer_logo'] table_rows=8
[2026-03-06T09:22:57.087038] AUTO_SAVE SKIP -> c:\Quanlil_live\src\ui_state.pkl keys=['tengiai', 'thoigian', 'diadiem', 'chuchay', 'diemso', 'sheet_url', 'creds_path', 'ban', 'table', 'preview', 'preview_footer_logo'] table_rows=8
[2026-03-06T09:23:02.088371] AUTO_SAVE SKIP -> c:\Quanlil_live\src\ui_state.pkl keys=['tengiai', 'thoigian', 'diadiem', 'chuchay', 'diemso', 'sheet_url', 'creds_path', 'ban', 'table', 'preview', 'preview_footer_logo'] table_rows=8
[2026-03-06T09:23:07.089680] AUTO_SAVE SKIP -> c:\Quanlil_live\src\ui_state.pkl keys=['tengiai', 'thoigian', 'diadiem', 'chuchay', 'diemso', 'sheet_url', 'creds_path', 'ban', 'table', 'preview', 'preview_footer_logo'] table_rows=8
[2026-03-06T09:23:12.090547] AUTO_SAVE SKIP -> c:\Quanlil_live\src\ui_state.pkl keys=['tengiai', 'thoigian', 'diadiem', 'chuchay', 'diemso', 'sheet_url', 'creds_path', 'ban', 'table', 'preview', 'preview_footer_logo'] table_rows=8
[2026-03-06T09:23:17.092073] AUTO_SAVE SKIP -> c:\Quanlil_live\src\ui_state.pkl keys=['tengiai', 'thoigian', 'diadiem', 'chuchay', 'diemso', 'sheet_url', 'creds_path', 'ban', 'table', 'preview', 'preview_footer_logo'] table_rows=8
[2026-03-06T09:23:22.094042] AUTO_SAVE SKIP -> c:\Quanlil_live\src\ui_state.pkl keys=['tengiai', 'thoigian', 'diadiem', 'chuchay', 'diemso', 'sheet_url', 'creds_path', 'ban', 'table', 'preview', 'preview_footer_logo'] table_rows=8
[2026-03-06T09:23:27.095259] AUTO_SAVE SKIP -> c:\Quanlil_live\src\ui_state.pkl keys=['tengiai', 'thoigian', 'diadiem', 'chuchay', 'diemso', 'sheet_url', 'creds_path', 'ban', 'table', 'preview', 'preview_footer_logo'] table_rows=8
[2026-03-06T09:23:32.096126] AUTO_SAVE SKIP -> c:\Quanlil_live\src\ui_state.pkl keys=['tengiai', 'thoigian', 'diadiem', 'chuchay', 'diemso', 'sheet_url', 'creds_path', 'ban', 'table', 'preview', 'preview_footer_logo'] table_rows=8
[2026-03-06T09:23:37.097069] AUTO_SAVE SKIP -> c:\Quanlil_live\src\ui_state.pkl keys=['tengiai', 'thoigian', 'diadiem', 'chuchay', 'diemso', 'sheet_url', 'creds_path', 'ban', 'table', 'preview', 'preview_footer_logo'] table_rows=8
[2026-03-06T09:23:42.097982] AUTO_SAVE SKIP -> c:\Quanlil_live\src\ui_state.pkl keys=['tengiai', 'thoigian', 'diadiem', 'chuchay', 'diemso', 'sheet_url', 'creds_path', 'ban', 'table', 'preview', 'preview_footer_logo'] table_rows=8
[2026-03-06T09:23:47.098899] AUTO_SAVE SKIP -> c:\Quanlil_live\src\ui_state.pkl keys=['tengiai', 'thoigian', 'diadiem', 'chuchay', 'diemso', 'sheet_url', 'creds_path', 'ban', 'table', 'preview', 'preview_footer_logo'] table_rows=8
[2026-03-06T09:23:52.101000] AUTO_SAVE SKIP -> c:\Quanlil_live\src\ui_state.pkl keys=['tengiai', 'thoigian', 'diadiem', 'chuchay', 'diemso', 'sheet_url', 'creds_path', 'ban', 'table', 'preview', 'preview_footer_logo'] table_rows=8
[2026-03-06T09:23:57.102353] AUTO_SAVE SKIP -> c:\Quanlil_live\src\ui_state.pkl keys=['tengiai', 'thoigian', 'diadiem', 'chuchay', 'diemso', 'sheet_url', 'creds_path', 'ban', 'table', 'preview', 'preview_footer_logo'] table_rows=8
[2026-03-06T09:24:02.103285] AUTO_SAVE SKIP -> c:\Quanlil_live\src\ui_state.pkl keys=['tengiai', 'thoigian', 'diadiem', 'chuchay', 'diemso', 'sheet_url', 'creds_path', 'ban', 'table', 'preview', 'preview_footer_logo'] table_rows=8
[2026-03-06T09:24:07.104713] AUTO_SAVE SKIP -> c:\Quanlil_live\src\ui_state.pkl keys=['tengiai', 'thoigian', 'diadiem', 'chuchay', 'diemso', 'sheet_url', 'creds_path', 'ban', 'table', 'preview', 'preview_footer_logo'] table_rows=8
[2026-03-06T09:24:12.105514] AUTO_SAVE SKIP -> c:\Quanlil_live\src\ui_state.pkl keys=['tengiai', 'thoigian', 'diadiem', 'chuchay', 'diemso', 'sheet_url', 'creds_path', 'ban', 'table', 'preview', 'preview_footer_logo'] table_rows=8
[2026-03-06T09:24:17.106413] AUTO_SAVE SKIP -> c:\Quanlil_live\src\ui_state.pkl keys=['tengiai', 'thoigian', 'diadiem', 'chuchay', 'diemso', 'sheet_url', 'creds_path', 'ban', 'table', 'preview', 'preview_footer_logo'] table_rows=8
[2026-03-06T09:24:22.107804] AUTO_SAVE SKIP -> c:\Quanlil_live\src\ui_state.pkl keys=['tengiai', 'thoigian', 'diadiem', 'chuchay', 'diemso', 'sheet_url', 'creds_path', 'ban', 'table', 'preview', 'preview_footer_logo'] table_rows=8
[2026-03-06T09:24:27.108680] AUTO_SAVE SKIP -> c:\Quanlil_live\src\ui_state.pkl keys=['tengiai', 'thoigian', 'diadiem', 'chuchay', 'diemso', 'sheet_url', 'creds_path', 'ban', 'table', 'preview', 'preview_footer_logo'] table_rows=8
[2026-03-06T09:24:32.109568] AUTO_SAVE SKIP -> c:\Quanlil_live\src\ui_state.pkl keys=['tengiai', 'thoigian', 'diadiem', 'chuchay', 'diemso', 'sheet_url', 'creds_path', 'ban', 'table', 'preview', 'preview_footer_logo'] table_rows=8
[2026-03-06T09:24:37.110602] AUTO_SAVE SKIP -> c:\Quanlil_live\src\ui_state.pkl keys=['tengiai', 'thoigian', 'diadiem', 'chuchay', 'diemso', 'sheet_url', 'creds_path', 'ban', 'table', 'preview', 'preview_footer_logo'] table_rows=8
[2026-03-06T09:24:42.111764] AUTO_SAVE SKIP -> c:\Quanlil_live\src\ui_state.pkl keys=['tengiai', 'thoigian', 'diadiem', 'chuchay', 'diemso', 'sheet_url', 'creds_path', 'ban', 'table', 'preview', 'preview_footer_logo'] table_rows=8
[2026-03-06T09:24:47.113127] AUTO_SAVE SKIP -> c:\Quanlil_live\src\ui_state.pkl keys=['tengiai', 'thoigian', 'diadiem', 'chuchay', 'diemso', 'sheet_url', 'creds_path', 'ban', 'table', 'preview', 'preview_footer_logo'] table_rows=8
[2026-03-06T09:24:52.114508] AUTO_SAVE SKIP -> c:\Quanlil_live\src\ui_state.pkl keys=['tengiai', 'thoigian', 'diadiem', 'chuchay', 'diemso', 'sheet_url', 'creds_path', 'ban', 'table', 'preview', 'preview_footer_logo'] table_rows=8
[2026-03-06T09:24:57.115626] AUTO_SAVE SKIP -> c:\Quanlil_live\src\ui_state.pkl keys=['tengiai', 'thoigian', 'diadiem', 'chuchay', 'diemso', 'sheet_url', 'creds_path', 'ban', 'table', 'preview', 'preview_footer_logo'] table_rows=8
[2026-03-06T09:25:02.116469] AUTO_SAVE SKIP -> c:\Quanlil_live\src\ui_state.pkl keys=['tengiai', 'thoigian', 'diadiem', 'chuchay', 'diemso', 'sheet_url', 'creds_path', 'ban', 'table', 'preview', 'preview_footer_logo'] table_rows=8
[2026-03-06T09:25:07.117468] AUTO_SAVE SKIP -> c:\Quanlil_live\src\ui_state.pkl keys=['tengiai', 'thoigian', 'diadiem', 'chuchay', 'diemso', 'sheet_url', 'creds_path', 'ban', 'table', 'preview', 'preview_footer_logo'] table_rows=8
[2026-03-06T09:25:09.993221] AUTO_SAVE SKIP -> c:\Quanlil_live\src\ui_state.pkl keys=['tengiai', 'thoigian', 'diadiem', 'chuchay', 'diemso', 'sheet_url', 'creds_path', 'ban', 'table', 'preview', 'preview_footer_logo'] table_rows=8
[2026-03-06T09:29:44.740724] EAGER_RESTORE loaded=c:\Quanlil_live\src\ui_state.pkl keys=['tengiai', 'thoigian', 'diadiem', 'chuchay', 'table', 'preview', 'preview_footer_logo'] table_rows=8
[2026-03-06T09:29:44.779418] RESTORE_CALL_BEGIN
[2026-03-06T09:29:44.799018] AFTER_RESTORE ban_var=8
[2026-03-06T09:29:44.842374] AFTER_POPULATE_TABLE ban_var=8
[2026-03-06T09:29:44.842620] RESTORE_CALL_END
[2026-03-06T09:29:45.824111] _on_canvas_configure canvas_width=2534 avail_width=2498 total_padding=36 sizes_sum=1548 sizes=[40, 174, 389, 391, 60, 120, 50, 154, 170]
[2026-03-06T09:41:18.493013] EAGER_RESTORE loaded=c:\Quanlil_live\src\ui_state.pkl keys=['tengiai', 'thoigian', 'diadiem', 'chuchay', 'diemso', 'sheet_url', 'creds_path', 'ban', 'table', 'preview', 'preview_footer_logo'] table_rows=8
[2026-03-06T09:41:18.532433] RESTORE_CALL_BEGIN
[2026-03-06T09:41:18.575325] AFTER_RESTORE ban_var=8
[2026-03-06T09:41:18.620239] AFTER_POPULATE_TABLE ban_var=8
[2026-03-06T09:41:18.620964] RESTORE_CALL_END
[2026-03-06T09:41:19.624699] _on_canvas_configure canvas_width=2534 avail_width=2498 total_padding=36 sizes_sum=1612 sizes=[40, 119, 484, 543, 60, 120, 50, 93, 103]
[2026-03-06T09:58:25.068413] EAGER_RESTORE loaded=c:\Quanlil_live\src\ui_state.pkl keys=['tengiai', 'thoigian', 'diadiem', 'chuchay', 'diemso', 'sheet_url', 'creds_path', 'ban', 'table', 'preview', 'preview_footer_logo'] table_rows=8
[2026-03-06T09:58:25.122886] RESTORE_CALL_BEGIN
[2026-03-06T09:58:25.173877] AFTER_RESTORE ban_var=8
[2026-03-06T09:58:25.237720] AFTER_POPULATE_TABLE ban_var=8
[2026-03-06T09:58:25.238032] RESTORE_CALL_END
[2026-03-06T09:58:26.284818] _on_canvas_configure canvas_width=2534 avail_width=2498 total_padding=36 sizes_sum=1612 sizes=[40, 119, 484, 543, 60, 120, 50, 93, 103]
[2026-03-06T10:28:36.671291] EAGER_RESTORE loaded=c:\Quanlil_live\src\ui_state.pkl keys=['tengiai', 'thoigian', 'diadiem', 'chuchay', 'diemso', 'sheet_url', 'creds_path', 'ban', 'table', 'preview', 'preview_footer_logo'] table_rows=8
[2026-03-06T10:28:36.767973] RESTORE_CALL_BEGIN
[2026-03-06T10:28:36.848342] AFTER_RESTORE ban_var=8
[2026-03-06T10:28:36.904964] AFTER_POPULATE_TABLE ban_var=8
[2026-03-06T10:28:36.905186] RESTORE_CALL_END
[2026-03-06T10:28:39.040484] _on_canvas_configure canvas_width=2534 avail_width=2498 total_padding=36 sizes_sum=1612 sizes=[40, 119, 484, 543, 60, 120, 50, 93, 103]
[2026-03-06T11:34:34.507747] EAGER_RESTORE loaded=c:\Quanlil_live\src\ui_state.pkl keys=['tengiai', 'thoigian', 'diadiem', 'chuchay', 'diemso', 'sheet_url', 'creds_path', 'ban', 'table', 'preview', 'preview_footer_logo'] table_rows=8
[2026-03-06T11:34:34.565462] RESTORE_CALL_BEGIN
[2026-03-06T11:34:34.612018] AFTER_RESTORE ban_var=8
[2026-03-06T11:34:34.646793] AFTER_POPULATE_TABLE ban_var=8
[2026-03-06T11:34:34.647002] RESTORE_CALL_END
[2026-03-06T11:34:35.666452] _on_canvas_configure canvas_width=2534 avail_width=2498 total_padding=36 sizes_sum=1612 sizes=[40, 119, 484, 543, 60, 120, 50, 93, 103]
[2026-03-06T12:11:57.399627] EAGER_RESTORE loaded=c:\Quanlil_live\src\ui_state.pkl keys=['tengiai', 'thoigian', 'diadiem', 'chuchay', 'diemso', 'sheet_url', 'creds_path', 'ban', 'table', 'preview', 'preview_footer_logo'] table_rows=8
[2026-03-06T12:11:57.432523] RESTORE_CALL_BEGIN
[2026-03-06T12:11:57.483787] AFTER_RESTORE ban_var=8
[2026-03-06T12:11:57.526097] AFTER_POPULATE_TABLE ban_var=8
[2026-03-06T12:11:57.526325] RESTORE_CALL_END
[2026-03-06T12:11:58.311607] _on_canvas_configure canvas_width=2534 avail_width=2498 total_padding=36 sizes_sum=1265 sizes=[40, 135, 303, 305, 60, 120, 50, 120, 132]
[2026-03-06T12:12:18.853777] EAGER_RESTORE loaded=c:\Quanlil_live\src\ui_state.pkl keys=['tengiai', 'thoigian', 'diadiem', 'chuchay', 'diemso', 'sheet_url', 'creds_path', 'ban', 'table', 'preview', 'preview_footer_logo'] table_rows=8
[2026-03-06T12:12:18.894084] RESTORE_CALL_BEGIN
[2026-03-06T12:12:18.942512] AFTER_RESTORE ban_var=8
[2026-03-06T12:12:18.986259] AFTER_POPULATE_TABLE ban_var=8
[2026-03-06T12:12:18.986495] RESTORE_CALL_END
[2026-03-06T12:12:19.869143] _on_canvas_configure canvas_width=2534 avail_width=2498 total_padding=36 sizes_sum=1265 sizes=[40, 135, 303, 305, 60, 120, 50, 120, 132]
[2026-03-06T12:31:40.479169] _on_canvas_configure canvas_width=2538 avail_width=2502 total_padding=36 sizes_sum=1467 sizes=[40, 120, 351, 507, 60, 120, 50, 104, 115]
[2026-03-06T12:32:26.341254] EAGER_RESTORE loaded=c:\Quanlil_live\src\ui_state.pkl keys=['tengiai', 'thoigian', 'diadiem', 'chuchay', 'diemso', 'sheet_url', 'creds_path', 'ban', 'table', 'preview', 'preview_footer_logo'] table_rows=8
[2026-03-06T12:32:26.413411] RESTORE_CALL_BEGIN
[2026-03-06T12:32:26.472221] AFTER_RESTORE ban_var=8
[2026-03-06T12:32:26.557841] AFTER_POPULATE_TABLE ban_var=8
[2026-03-06T12:32:26.558141] RESTORE_CALL_END
[2026-03-06T12:32:27.979022] _on_canvas_configure canvas_width=2534 avail_width=2498 total_padding=36 sizes_sum=1265 sizes=[40, 135, 303, 305, 60, 120, 50, 120, 132]
[2026-03-06T12:33:01.026938] EAGER_RESTORE loaded=c:\Quanlil_live\src\ui_state.pkl keys=['tengiai', 'thoigian', 'diadiem', 'chuchay', 'diemso', 'sheet_url', 'creds_path', 'ban', 'table', 'preview', 'preview_footer_logo'] table_rows=8
[2026-03-06T12:33:01.059551] RESTORE_CALL_BEGIN
[2026-03-06T12:33:01.107979] AFTER_RESTORE ban_var=8
[2026-03-06T12:33:01.162051] AFTER_POPULATE_TABLE ban_var=8
[2026-03-06T12:33:01.162358] RESTORE_CALL_END
[2026-03-06T12:33:01.960241] _on_canvas_configure canvas_width=2534 avail_width=2498 total_padding=36 sizes_sum=1540 sizes=[40, 119, 409, 534, 60, 120, 50, 99, 109]
[2026-03-06T12:50:42.963020] EAGER_RESTORE loaded=c:\Quanlil_live\src\ui_state.pkl keys=['tengiai', 'thoigian', 'diadiem', 'chuchay', 'diemso', 'sheet_url', 'creds_path', 'ban', 'table', 'preview', 'preview_footer_logo'] table_rows=8
[2026-03-06T12:50:43.001943] RESTORE_CALL_BEGIN
[2026-03-06T12:50:43.052815] AFTER_RESTORE ban_var=8
[2026-03-06T12:50:43.111916] AFTER_POPULATE_TABLE ban_var=8
[2026-03-06T12:50:43.112136] RESTORE_CALL_END
[2026-03-06T12:50:44.119403] _on_canvas_configure canvas_width=2534 avail_width=2498 total_padding=36 sizes_sum=1540 sizes=[40, 119, 409, 534, 60, 120, 50, 99, 109]
[2026-03-06T13:20:35.189648] EAGER_RESTORE loaded=c:\Quanlil_live\src\ui_state.pkl keys=['tengiai', 'thoigian', 'diadiem', 'chuchay', 'diemso', 'sheet_url', 'creds_path', 'ban', 'table', 'preview', 'preview_footer_logo'] table_rows=8
[2026-03-06T13:20:35.224338] RESTORE_CALL_BEGIN
[2026-03-06T13:20:35.273654] AFTER_RESTORE ban_var=8
[2026-03-06T13:20:35.325540] AFTER_POPULATE_TABLE ban_var=8
[2026-03-06T13:20:35.325801] RESTORE_CALL_END
[2026-03-06T13:20:36.296615] _on_canvas_configure canvas_width=2534 avail_width=2498 total_padding=36 sizes_sum=1540 sizes=[40, 119, 409, 534, 60, 120, 50, 99, 109]
[2026-03-06T14:19:09.059140] EAGER_RESTORE loaded=c:\Quanlil_live\src\ui_state.pkl keys=['tengiai', 'thoigian', 'diadiem', 'chuchay', 'diemso', 'sheet_url', 'creds_path', 'ban', 'table', 'preview', 'preview_footer_logo', '_schema_version'] table_rows=8
[2026-03-06T14:19:09.118525] RESTORE_CALL_BEGIN
[2026-03-06T14:19:09.191052] AFTER_RESTORE ban_var=8
[2026-03-06T14:19:09.269317] AFTER_POPULATE_TABLE ban_var=8
[2026-03-06T14:19:09.269729] RESTORE_CALL_END
[2026-03-06T14:19:11.107337] _on_canvas_configure canvas_width=2534 avail_width=2498 total_padding=36 sizes_sum=1612 sizes=[40, 119, 484, 543, 60, 120, 50, 93, 103]
[2026-03-24T01:27:03.018687] EAGER_RESTORE loaded=D:\Projects\bidavn\code\Quanlil_live\ui_state.pkl keys=['tengiai', 'thoigian', 'diadiem', 'chuchay', 'diemso', 'sheet_url', 'creds_path', 'ban', 'table', 'preview', 'preview_footer_logo', '_schema_version', '_state_foreign_machine'] table_rows=8
[2026-03-24T01:27:03.066188] RESTORE_CALL_BEGIN
[2026-03-24T01:27:03.146958] AFTER_RESTORE ban_var=8
[2026-03-24T01:27:03.212228] AFTER_POPULATE_TABLE ban_var=8
[2026-03-24T01:27:03.212555] RESTORE_CALL_END
[2026-03-24T01:27:04.048164] _on_canvas_configure canvas_width=1903 avail_width=1867 total_padding=36 sizes_sum=1269 sizes=[40, 89, 355, 399, 60, 120, 50, 76, 80]
[2026-03-24T01:28:34.806257] EAGER_RESTORE loaded=D:\Projects\bidavn\code\Quanlil_live\ui_state.pkl keys=['tengiai', 'thoigian', 'diadiem', 'chuchay', 'diemso', 'sheet_url', 'creds_path', 'ban', 'table', 'preview', 'preview_footer_logo', '_schema_version', '_machine_name', '_state_foreign_machine'] table_rows=8
[2026-03-24T01:28:34.840432] RESTORE_CALL_BEGIN
[2026-03-24T01:28:34.915703] AFTER_RESTORE ban_var=8
[2026-03-24T01:28:34.982786] AFTER_POPULATE_TABLE ban_var=8
[2026-03-24T01:28:34.983189] RESTORE_CALL_END
[2026-03-24T01:28:35.752213] _on_canvas_configure canvas_width=1903 avail_width=1867 total_padding=36 sizes_sum=1269 sizes=[40, 89, 355, 399, 60, 120, 50, 76, 80]
[2026-03-24T08:43:00.628340] EAGER_RESTORE loaded=D:\Projects\bidavn\code\Quanlil_live\ui_state.pkl keys=['tengiai', 'thoigian', 'diadiem', 'chuchay', 'diemso', 'sheet_url', 'creds_path', 'ban', 'table', 'preview', 'preview_footer_logo', '_schema_version', '_machine_name', '_state_foreign_machine'] table_rows=8
[2026-03-24T08:43:00.704491] RESTORE_CALL_BEGIN
[2026-03-24T08:43:00.785026] AFTER_RESTORE ban_var=8
[2026-03-24T08:43:00.850849] AFTER_POPULATE_TABLE ban_var=8
[2026-03-24T08:43:00.851126] RESTORE_CALL_END
[2026-03-24T08:43:01.764986] _on_canvas_configure canvas_width=1903 avail_width=1867 total_padding=36 sizes_sum=1269 sizes=[40, 89, 355, 399, 60, 120, 50, 76, 80]
[2026-03-24T23:24:43.694096] EAGER_RESTORE loaded=D:\Projects\bidavn\code\Quanlil_live\ui_state.pkl keys=['tengiai', 'thoigian', 'diadiem', 'chuchay', 'diemso', 'sheet_url', 'creds_path', 'hbsf_url', 'event_id', 'round_type', 'ban', 'table', 'preview', 'preview_footer_logo', '_schema_version', '_machine_name', '_state_foreign_machine'] table_rows=8
[2026-03-24T23:24:43.722932] RESTORE_CALL_BEGIN
[2026-03-24T23:24:43.788684] AFTER_RESTORE ban_var=8
[2026-03-24T23:24:43.852491] AFTER_POPULATE_TABLE ban_var=8
[2026-03-24T23:24:43.852775] RESTORE_CALL_END
[2026-03-24T23:24:44.605870] _on_canvas_configure canvas_width=1903 avail_width=1867 total_padding=36 sizes_sum=1269 sizes=[40, 89, 355, 399, 60, 120, 50, 76, 80]
[2026-03-25T00:24:19.795203] EAGER_RESTORE loaded=D:\Projects\bidavn\code\Quanlil_live\ui_state.pkl keys=['tengiai', 'thoigian', 'diadiem', 'chuchay', 'diemso', 'sheet_url', 'creds_path', 'hbsf_url', 'event_id', 'round_type', 'ban', 'table', 'preview', 'preview_footer_logo', '_schema_version', '_machine_name', '_state_foreign_machine'] table_rows=8
[2026-03-25T00:24:19.828800] RESTORE_CALL_BEGIN
[2026-03-25T00:24:19.897145] AFTER_RESTORE ban_var=8
[2026-03-25T00:24:19.964304] AFTER_POPULATE_TABLE ban_var=8
[2026-03-25T00:24:19.964579] RESTORE_CALL_END
[2026-03-25T00:24:20.716765] _on_canvas_configure canvas_width=1903 avail_width=1867 total_padding=36 sizes_sum=1323 sizes=[40, 89, 342, 475, 60, 120, 50, 72, 75]
[2026-03-25T00:28:45.865950] EAGER_RESTORE loaded=D:\Projects\bidavn\code\Quanlil_live\ui_state.pkl keys=['tengiai', 'thoigian', 'diadiem', 'chuchay', 'diemso', 'sheet_url', 'creds_path', 'hbsf_url', 'event_id', 'round_type', 'ban', 'table', 'preview', 'preview_footer_logo', '_schema_version', '_machine_name', '_state_foreign_machine'] table_rows=8
[2026-03-25T00:28:45.899536] RESTORE_CALL_BEGIN
[2026-03-25T00:28:45.968276] AFTER_RESTORE ban_var=8
[2026-03-25T00:28:46.034537] AFTER_POPULATE_TABLE ban_var=8
[2026-03-25T00:28:46.034853] RESTORE_CALL_END
[2026-03-25T00:28:46.803468] _on_canvas_configure canvas_width=1903 avail_width=1867 total_padding=36 sizes_sum=1323 sizes=[40, 89, 342, 475, 60, 120, 50, 72, 75]
[2026-03-25T00:35:28.603796] EAGER_RESTORE loaded=D:\Projects\bidavn\code\Quanlil_live\ui_state.pkl keys=['tengiai', 'thoigian', 'diadiem', 'chuchay', 'diemso', 'sheet_url', 'creds_path', 'hbsf_url', 'event_id', 'round_type', 'ban', 'table', 'preview', 'preview_footer_logo', '_schema_version', '_machine_name', '_state_foreign_machine'] table_rows=8
[2026-03-25T00:35:28.639303] RESTORE_CALL_BEGIN
[2026-03-25T00:35:28.709611] AFTER_RESTORE ban_var=8
[2026-03-25T00:35:28.777269] AFTER_POPULATE_TABLE ban_var=8
[2026-03-25T00:35:28.777541] RESTORE_CALL_END
[2026-03-25T00:35:29.531007] _on_canvas_configure canvas_width=1903 avail_width=1867 total_padding=36 sizes_sum=1305 sizes=[40, 89, 312, 484, 60, 120, 50, 73, 77]
[2026-03-25T02:00:25.697941] EAGER_RESTORE loaded=D:\Projects\bidavn\code\Quanlil_live\ui_state.pkl keys=['tengiai', 'thoigian', 'diadiem', 'chuchay', 'diemso', 'sheet_url', 'creds_path', 'hbsf_url', 'event_id', 'round_type', 'ban', 'table', 'preview', 'preview_footer_logo', '_schema_version', '_machine_name', '_state_foreign_machine'] table_rows=8
[2026-03-25T02:00:25.735953] RESTORE_CALL_BEGIN
[2026-03-25T02:00:25.811015] AFTER_RESTORE ban_var=8
[2026-03-25T02:00:25.888655] AFTER_POPULATE_TABLE ban_var=8
[2026-03-25T02:00:25.888972] RESTORE_CALL_END
[2026-03-25T02:00:26.661474] _on_canvas_configure canvas_width=1903 avail_width=1867 total_padding=36 sizes_sum=1323 sizes=[40, 89, 342, 475, 60, 120, 50, 72, 75]
[2026-03-25T02:10:37.222708] EAGER_RESTORE loaded=D:\Projects\bidavn\code\Quanlil_live\ui_state.pkl keys=['tengiai', 'thoigian', 'diadiem', 'chuchay', 'diemso', 'sheet_url', 'creds_path', 'hbsf_url', 'event_id', 'round_type', 'ban', 'table', 'preview', 'preview_footer_logo', '_schema_version', '_machine_name', '_state_foreign_machine'] table_rows=6
[2026-03-25T02:10:37.263081] RESTORE_CALL_BEGIN
[2026-03-25T02:10:37.354617] AFTER_RESTORE ban_var=6
[2026-03-25T02:10:37.453175] AFTER_POPULATE_TABLE ban_var=6
[2026-03-25T02:10:37.453624] RESTORE_CALL_END
[2026-03-25T02:10:38.419648] _on_canvas_configure canvas_width=1903 avail_width=1867 total_padding=36 sizes_sum=1250 sizes=[40, 89, 433, 300, 60, 120, 50, 77, 81]
[2026-03-25T02:27:56.058732] EAGER_RESTORE loaded=D:\Projects\bidavn\code\Quanlil_live\ui_state.pkl keys=['tengiai', 'thoigian', 'diadiem', 'chuchay', 'diemso', 'sheet_url', 'creds_path', 'hbsf_url', 'event_id', 'round_type', 'ban', 'table', 'preview', 'preview_footer_logo', '_schema_version', '_machine_name', '_state_foreign_machine'] table_rows=6
[2026-03-25T02:27:56.101603] RESTORE_CALL_BEGIN
[2026-03-25T02:27:56.174771] AFTER_RESTORE ban_var=6
[2026-03-25T02:27:56.240079] AFTER_POPULATE_TABLE ban_var=6
[2026-03-25T02:27:56.240396] RESTORE_CALL_END
[2026-03-25T02:27:57.225358] _on_canvas_configure canvas_width=1903 avail_width=1867 total_padding=36 sizes_sum=1250 sizes=[40, 89, 433, 300, 60, 120, 50, 77, 81]
[2026-03-25T02:43:47.844035] EAGER_RESTORE loaded=D:\Projects\bidavn\code\Quanlil_live\ui_state.pkl keys=['tengiai', 'thoigian', 'diadiem', 'chuchay', 'diemso', 'sheet_url', 'creds_path', 'hbsf_url', 'event_id', 'round_type', 'ban', 'table', 'preview', 'preview_footer_logo', '_schema_version', '_machine_name', '_state_foreign_machine'] table_rows=6
[2026-03-25T02:43:47.884999] RESTORE_CALL_BEGIN
[2026-03-25T02:43:47.959406] AFTER_RESTORE ban_var=6
[2026-03-25T02:43:48.026979] AFTER_POPULATE_TABLE ban_var=6
[2026-03-25T02:43:48.027376] RESTORE_CALL_END
[2026-03-25T02:43:48.935968] _on_canvas_configure canvas_width=1903 avail_width=1867 total_padding=36 sizes_sum=1224 sizes=[40, 89, 446, 255, 60, 120, 50, 80, 84]
[2026-03-25T02:45:33.525884] EAGER_RESTORE loaded=D:\Projects\bidavn\code\Quanlil_live\ui_state.pkl keys=['tengiai', 'thoigian', 'diadiem', 'chuchay', 'diemso', 'sheet_url', 'creds_path', 'hbsf_url', 'event_id', 'round_type', 'ban', 'table', 'preview', 'preview_footer_logo', '_schema_version', '_machine_name', '_state_foreign_machine'] table_rows=6
[2026-03-25T02:45:33.567846] RESTORE_CALL_BEGIN
[2026-03-25T02:45:33.635310] AFTER_RESTORE ban_var=6
[2026-03-25T02:45:33.704106] AFTER_POPULATE_TABLE ban_var=6
[2026-03-25T02:45:33.704418] RESTORE_CALL_END
[2026-03-25T02:45:34.593205] _on_canvas_configure canvas_width=1903 avail_width=1867 total_padding=36 sizes_sum=1250 sizes=[40, 89, 433, 300, 60, 120, 50, 77, 81]
[2026-03-27T01:27:48.329303] EAGER_RESTORE loaded=D:\Projects\bidavn\code\Quanlil_live\ui_state.pkl keys=['tengiai', 'thoigian', 'diadiem', 'chuchay', 'diemso', 'sheet_url', 'creds_path', 'hbsf_url', 'event_id', 'round_type', 'ban', 'table', 'preview', 'preview_footer_logo', '_schema_version', '_machine_name', '_state_foreign_machine'] table_rows=6
[2026-03-27T01:27:48.505109] RESTORE_CALL_BEGIN
[2026-03-27T01:27:48.591342] AFTER_RESTORE ban_var=6
[2026-03-27T01:27:48.643113] AFTER_POPULATE_TABLE ban_var=6
[2026-03-27T01:27:48.643392] RESTORE_CALL_END
[2026-03-27T01:27:49.390171] _on_canvas_configure canvas_width=1903 avail_width=1863 total_padding=40 sizes_sum=1283 sizes=[40, 88, 416, 288, 60, 120, 50, 74, 78, 69]
[2026-03-27T01:32:02.897608] EAGER_RESTORE loaded=D:\Projects\bidavn\code\Quanlil_live\ui_state.pkl keys=['tengiai', 'thoigian', 'diadiem', 'chuchay', 'diemso', 'sheet_url', 'creds_path', 'hbsf_url', 'event_id', 'round_type', 'ban', 'table', 'preview', 'preview_footer_logo', '_schema_version', '_machine_name', '_state_foreign_machine'] table_rows=6
[2026-03-27T01:32:02.931827] RESTORE_CALL_BEGIN
[2026-03-27T01:32:03.006765] AFTER_RESTORE ban_var=6
[2026-03-27T01:32:03.067451] AFTER_POPULATE_TABLE ban_var=6
[2026-03-27T01:32:03.067733] RESTORE_CALL_END
[2026-03-27T01:32:03.890870] _on_canvas_configure canvas_width=1903 avail_width=1863 total_padding=40 sizes_sum=1283 sizes=[40, 88, 416, 288, 60, 120, 50, 74, 78, 69]
[2026-03-27T01:35:47.715820] EAGER_RESTORE loaded=D:\Projects\bidavn\code\Quanlil_live\ui_state.pkl keys=['tengiai', 'thoigian', 'diadiem', 'chuchay', 'diemso', 'sheet_url', 'creds_path', 'hbsf_url', 'event_id', 'round_type', 'ban', 'table', 'preview', 'preview_footer_logo', '_schema_version', '_machine_name', '_state_foreign_machine'] table_rows=6
[2026-03-27T01:35:47.750910] RESTORE_CALL_BEGIN
[2026-03-27T01:35:47.801390] AFTER_RESTORE ban_var=6
[2026-03-27T01:35:47.904285] AFTER_POPULATE_TABLE ban_var=6
[2026-03-27T01:35:47.904776] RESTORE_CALL_END
[2026-03-27T01:35:49.071000] _on_canvas_configure canvas_width=1903 avail_width=1863 total_padding=40 sizes_sum=1258 sizes=[40, 108, 270, 270, 60, 120, 50, 114, 120, 106]
[2026-03-27T01:38:24.275293] EAGER_RESTORE loaded=D:\Projects\bidavn\code\Quanlil_live\ui_state.pkl keys=['tengiai', 'thoigian', 'diadiem', 'chuchay', 'diemso', 'sheet_url', 'creds_path', 'hbsf_url', 'event_id', 'round_type', 'ban', 'table', 'preview', 'preview_footer_logo', '_schema_version', '_machine_name', '_state_foreign_machine'] table_rows=6
[2026-03-27T01:38:24.306505] RESTORE_CALL_BEGIN
[2026-03-27T01:38:24.332872] AFTER_RESTORE ban_var=6
[2026-03-27T01:38:24.383167] AFTER_POPULATE_TABLE ban_var=6
[2026-03-27T01:38:24.383445] RESTORE_CALL_END
[2026-03-27T01:38:25.083580] _on_canvas_configure canvas_width=1903 avail_width=1863 total_padding=40 sizes_sum=1258 sizes=[40, 108, 270, 270, 60, 120, 50, 114, 120, 106]
[2026-03-27T01:40:25.256030] EAGER_RESTORE loaded=D:\Projects\bidavn\code\Quanlil_live\ui_state.pkl keys=['tengiai', 'thoigian', 'diadiem', 'chuchay', 'diemso', 'sheet_url', 'creds_path', 'hbsf_url', 'event_id', 'round_type', 'ban', 'table', 'preview', 'preview_footer_logo', '_schema_version', '_machine_name', '_state_foreign_machine'] table_rows=8
[2026-03-27T01:40:25.291979] RESTORE_CALL_BEGIN
[2026-03-27T01:40:25.331902] AFTER_RESTORE ban_var=8
[2026-03-27T01:40:25.418289] AFTER_POPULATE_TABLE ban_var=8
[2026-03-27T01:40:25.418572] RESTORE_CALL_END
[2026-03-27T01:40:26.300153] _on_canvas_configure canvas_width=1903 avail_width=1863 total_padding=40 sizes_sum=1258 sizes=[40, 108, 270, 270, 60, 120, 50, 114, 120, 106]
[2026-03-27T01:49:41.991971] EAGER_RESTORE loaded=D:\Projects\bidavn\code\Quanlil_live\ui_state.pkl keys=['tengiai', 'thoigian', 'diadiem', 'chuchay', 'diemso', 'sheet_url', 'creds_path', 'hbsf_url', 'event_id', 'round_type', 'ban', 'table', 'preview', 'preview_footer_logo', '_schema_version', '_machine_name', '_state_foreign_machine'] table_rows=8
[2026-03-27T01:49:42.021936] RESTORE_CALL_BEGIN
[2026-03-27T01:49:42.052038] AFTER_RESTORE ban_var=8
[2026-03-27T01:49:42.120880] AFTER_POPULATE_TABLE ban_var=8
[2026-03-27T01:49:42.121193] RESTORE_CALL_END
[2026-03-27T01:49:42.844915] _on_canvas_configure canvas_width=1903 avail_width=1863 total_padding=40 sizes_sum=1258 sizes=[40, 108, 270, 270, 60, 120, 50, 114, 120, 106]
[2026-03-27T01:51:44.751670] EAGER_RESTORE loaded=D:\Projects\bidavn\code\Quanlil_live\ui_state.pkl keys=['tengiai', 'thoigian', 'diadiem', 'chuchay', 'diemso', 'sheet_url', 'creds_path', 'hbsf_url', 'event_id', 'round_type', 'ban', 'table', 'preview', 'preview_footer_logo', '_schema_version', '_machine_name', '_state_foreign_machine'] table_rows=8
[2026-03-27T01:51:44.782134] RESTORE_CALL_BEGIN
[2026-03-27T01:51:44.822923] AFTER_RESTORE ban_var=8
[2026-03-27T01:51:44.897898] AFTER_POPULATE_TABLE ban_var=8
[2026-03-27T01:51:44.898181] RESTORE_CALL_END
[2026-03-27T01:51:45.633671] _on_canvas_configure canvas_width=1903 avail_width=1863 total_padding=40 sizes_sum=1258 sizes=[40, 108, 270, 270, 60, 120, 50, 114, 120, 106]
[2026-03-27T08:15:32.347446] EAGER_RESTORE loaded=D:\Projects\bidavn\code\Quanlil_live\ui_state.pkl keys=['tengiai', 'thoigian', 'diadiem', 'chuchay', 'diemso', 'sheet_url', 'creds_path', 'hbsf_url', 'event_id', 'round_type', 'ban', 'table', 'preview', 'preview_footer_logo', '_schema_version', '_machine_name', '_state_foreign_machine'] table_rows=8
[2026-03-27T08:15:32.392636] RESTORE_CALL_BEGIN
[2026-03-27T08:15:32.445679] AFTER_RESTORE ban_var=8
[2026-03-27T08:15:32.556015] AFTER_POPULATE_TABLE ban_var=8
[2026-03-27T08:15:32.556439] RESTORE_CALL_END
[2026-03-27T08:15:33.646229] _on_canvas_configure canvas_width=1903 avail_width=1863 total_padding=40 sizes_sum=1258 sizes=[40, 108, 270, 270, 60, 120, 50, 114, 120, 106]
